

================================================================
== Vitis HLS Report for 'AXIBursts2PixelStream'
================================================================
* Date:           Mon Nov  4 21:37:33 2024

* Version:        2022.2 (Build 3670227 on Oct 13 2022)
* Project:        Filter2DKernel
* Solution:       solution (Vitis Kernel Flow Target)
* Product family: virtexuplus
* Target device:  xcu55c-fsvh2892-2L-e


================================================================
== Performance Estimates
================================================================
+ Timing: 
    * Summary: 
    +--------+---------+----------+------------+
    |  Clock |  Target | Estimated| Uncertainty|
    +--------+---------+----------+------------+
    |ap_clk  |  3.33 ns|  2.433 ns|     0.90 ns|
    +--------+---------+----------+------------+

+ Latency: 
    * Summary: 
    +---------+----------+----------+-----------+-----+----------+---------+
    |  Latency (cycles)  |  Latency (absolute)  |    Interval    | Pipeline|
    |   min   |    max   |    min   |    max    | min |    max   |   Type  |
    +---------+----------+----------+-----------+-----+----------+---------+
    |        1|  73077121|  3.333 ns|  0.244 sec|    1|  73077121|       no|
    +---------+----------+----------+-----------+-----+----------+---------+

    + Detail: 
        * Instance: 
        +--------------------------------------------------------+---------------------------------------------+---------+---------+----------+----------+-----+-------+---------+
        |                                                        |                                             |  Latency (cycles) |  Latency (absolute) |   Interval  | Pipeline|
        |                        Instance                        |                    Module                   |   min   |   max   |    min   |    max   | min |  max  |   Type  |
        +--------------------------------------------------------+---------------------------------------------+---------+---------+----------+----------+-----+-------+---------+
        |grp_AXIBursts2PixelStream_Pipeline_aximm2bytes_fu_222   |AXIBursts2PixelStream_Pipeline_aximm2bytes   |        3|     2051|  9.999 ns|  6.836 us|    3|   2051|       no|
        |grp_AXIBursts2PixelStream_Pipeline_bytes2pixels_fu_231  |AXIBursts2PixelStream_Pipeline_bytes2pixels  |        2|    65538|  6.666 ns|  0.218 ms|    2|  65538|       no|
        +--------------------------------------------------------+---------------------------------------------+---------+---------+----------+----------+-----+-------+---------+

        * Loop: 
        +--------------+---------+----------+------------+-----------+-----------+----------+----------+
        |              |  Latency (cycles)  |  Iteration |  Initiation Interval  |   Trip   |          |
        |   Loop Name  |   min   |    max   |   Latency  |  achieved |   target  |   Count  | Pipelined|
        +--------------+---------+----------+------------+-----------+-----------+----------+----------+
        |- forEachRow  |        0|  73077120|  80 ~ 67664|          -|          -|  0 ~ 1080|        no|
        +--------------+---------+----------+------------+-----------+-----------+----------+----------+



================================================================
== Utilization Estimates
================================================================
* Summary: 
+---------------------+---------+------+---------+---------+-----+
|         Name        | BRAM_18K|  DSP |    FF   |   LUT   | URAM|
+---------------------+---------+------+---------+---------+-----+
|DSP                  |        -|     -|        -|        -|    -|
|Expression           |        -|     -|        0|      516|    -|
|FIFO                 |        -|     -|        -|        -|    -|
|Instance             |        -|     -|      626|      764|    -|
|Memory               |        8|     -|        0|        0|    0|
|Multiplexer          |        -|     -|        -|      580|    -|
|Register             |        -|     -|      276|        -|    -|
+---------------------+---------+------+---------+---------+-----+
|Total                |        8|     0|      902|     1860|    0|
+---------------------+---------+------+---------+---------+-----+
|Available SLR        |     1344|  3008|   869120|   434560|  320|
+---------------------+---------+------+---------+---------+-----+
|Utilization SLR (%)  |       ~0|     0|       ~0|       ~0|    0|
+---------------------+---------+------+---------+---------+-----+
|Available            |     4032|  9024|  2607360|  1303680|  960|
+---------------------+---------+------+---------+---------+-----+
|Utilization (%)      |       ~0|     0|       ~0|       ~0|    0|
+---------------------+---------+------+---------+---------+-----+

+ Detail: 
    * Instance: 
    +--------------------------------------------------------+---------------------------------------------+---------+----+-----+-----+-----+
    |                        Instance                        |                    Module                   | BRAM_18K| DSP|  FF | LUT | URAM|
    +--------------------------------------------------------+---------------------------------------------+---------+----+-----+-----+-----+
    |grp_AXIBursts2PixelStream_Pipeline_aximm2bytes_fu_222   |AXIBursts2PixelStream_Pipeline_aximm2bytes   |        0|   0|  298|   90|    0|
    |grp_AXIBursts2PixelStream_Pipeline_bytes2pixels_fu_231  |AXIBursts2PixelStream_Pipeline_bytes2pixels  |        0|   0|  328|  674|    0|
    +--------------------------------------------------------+---------------------------------------------+---------+----+-----+-----+-----+
    |Total                                                   |                                             |        0|   0|  626|  764|    0|
    +--------------------------------------------------------+---------------------------------------------+---------+----+-----+-----+-----+

    * DSP: 
    N/A

    * Memory: 
    +----------+--------------------------------------------+---------+---+----+-----+------+-----+------+-------------+
    |  Memory  |                   Module                   | BRAM_18K| FF| LUT| URAM| Words| Bits| Banks| W*Bits*Banks|
    +----------+--------------------------------------------+---------+---+----+-----+------+-----+------+-------------+
    |buff_V_U  |AXIBursts2PixelStream_buff_V_RAM_AUTO_1R1W  |        8|  0|   0|    0|    60|  256|     1|        15360|
    +----------+--------------------------------------------+---------+---+----+-----+------+-----+------+-------------+
    |Total     |                                            |        8|  0|   0|    0|    60|  256|     1|        15360|
    +----------+--------------------------------------------+---------+---+----+-----+------+-----+------+-------------+

    * FIFO: 
    N/A

    * Expression: 
    +-----------------------+----------+----+---+----+------------+------------+
    |     Variable Name     | Operation| DSP| FF| LUT| Bitwidth P0| Bitwidth P1|
    +-----------------------+----------+----+---+----+------------+------------+
    |add_ln25_fu_288_p2     |         +|   0|  0|  24|          17|           5|
    |add_ln38_fu_611_p2     |         +|   0|  0|  71|          64|          64|
    |add_ln43_fu_626_p2     |         +|   0|  0|  34|          27|          27|
    |sub31_i_fu_336_p2      |         +|   0|  0|  19|          12|           2|
    |y_6_fu_590_p2          |         +|   0|  0|  23|          16|           1|
    |ap_ext_blocking_cur_n  |       and|   0|  0|   2|           1|           0|
    |ap_ext_blocking_n      |       and|   0|  0|   2|           1|           1|
    |ap_int_blocking_cur_n  |       and|   0|  0|   2|           1|           0|
    |ap_int_blocking_n      |       and|   0|  0|   2|           1|           1|
    |ap_str_blocking_n      |       and|   0|  0|   2|           1|           2|
    |cmp34_10_i_fu_432_p2   |      icmp|   0|  0|  10|           6|           4|
    |cmp34_11_i_fu_438_p2   |      icmp|   0|  0|  10|           6|           4|
    |cmp34_12_i_fu_444_p2   |      icmp|   0|  0|  10|           6|           4|
    |cmp34_13_i_fu_450_p2   |      icmp|   0|  0|  10|           6|           4|
    |cmp34_14_i_fu_456_p2   |      icmp|   0|  0|  10|           6|           4|
    |cmp34_16_i_fu_478_p2   |      icmp|   0|  0|  10|           6|           5|
    |cmp34_17_i_fu_484_p2   |      icmp|   0|  0|  10|           6|           5|
    |cmp34_18_i_fu_490_p2   |      icmp|   0|  0|  10|           6|           5|
    |cmp34_19_i_fu_496_p2   |      icmp|   0|  0|  10|           6|           5|
    |cmp34_20_i_fu_502_p2   |      icmp|   0|  0|  10|           6|           5|
    |cmp34_21_i_fu_508_p2   |      icmp|   0|  0|  10|           6|           5|
    |cmp34_22_i_fu_514_p2   |      icmp|   0|  0|  10|           6|           5|
    |cmp34_23_i_fu_520_p2   |      icmp|   0|  0|  10|           6|           5|
    |cmp34_24_i_fu_526_p2   |      icmp|   0|  0|  10|           6|           5|
    |cmp34_25_i_fu_532_p2   |      icmp|   0|  0|  10|           6|           5|
    |cmp34_26_i_fu_538_p2   |      icmp|   0|  0|  10|           6|           5|
    |cmp34_27_i_fu_544_p2   |      icmp|   0|  0|  10|           6|           5|
    |cmp34_28_i_fu_550_p2   |      icmp|   0|  0|  10|           6|           5|
    |cmp34_29_i_fu_556_p2   |      icmp|   0|  0|  10|           6|           5|
    |cmp34_2_i_fu_364_p2    |      icmp|   0|  0|  10|           6|           2|
    |cmp34_30_i_fu_562_p2   |      icmp|   0|  0|  10|           6|           5|
    |cmp34_4_i_fu_386_p2    |      icmp|   0|  0|  10|           6|           3|
    |cmp34_5_i_fu_392_p2    |      icmp|   0|  0|  10|           6|           3|
    |cmp34_6_i_fu_398_p2    |      icmp|   0|  0|  10|           6|           3|
    |cmp34_8_i_fu_420_p2    |      icmp|   0|  0|  10|           6|           4|
    |cmp34_9_i_fu_426_p2    |      icmp|   0|  0|  10|           6|           4|
    |cmp34_i_fu_342_p2      |      icmp|   0|  0|  10|           6|           1|
    |icmp19_fu_380_p2       |      icmp|   0|  0|   9|           4|           1|
    |icmp22_fu_414_p2       |      icmp|   0|  0|   8|           3|           1|
    |icmp25_fu_472_p2       |      icmp|   0|  0|   8|           2|           1|
    |icmp_fu_358_p2         |      icmp|   0|  0|   9|           5|           1|
    |icmp_ln28_fu_312_p2    |      icmp|   0|  0|   9|           5|           1|
    |icmp_ln33_fu_585_p2    |      icmp|   0|  0|  13|          16|          16|
    |ap_block_state1        |        or|   0|  0|   2|           1|           1|
    |remainPix_2_fu_318_p3  |    select|   0|  0|   7|           1|           7|
    +-----------------------+----------+----+---+----+------------+------------+
    |Total                  |          |   0|  0| 516|         340|         247|
    +-----------------------+----------+----+---+----+------------+------------+

    * Multiplexer: 
    +----------------------+-----+-----------+-----+-----------+
    |         Name         | LUT | Input Size| Bits| Total Bits|
    +----------------------+-----+-----------+-----+-----------+
    |ap_NS_fsm             |  357|         77|    1|         77|
    |ap_done               |    9|          2|    1|          2|
    |buff_V_address0       |   14|          3|    6|         18|
    |buff_V_ce0            |   14|          3|    1|          3|
    |buff_V_we0            |    9|          2|    1|          2|
    |gmem0_blk_n_AR        |    9|          2|    1|          2|
    |m_axi_gmem0_ARADDR    |   14|          3|   64|        192|
    |m_axi_gmem0_ARBURST   |    9|          2|    2|          4|
    |m_axi_gmem0_ARCACHE   |    9|          2|    4|          8|
    |m_axi_gmem0_ARID      |    9|          2|    1|          2|
    |m_axi_gmem0_ARLEN     |   14|          3|   32|         96|
    |m_axi_gmem0_ARLOCK    |    9|          2|    2|          4|
    |m_axi_gmem0_ARPROT    |    9|          2|    3|          6|
    |m_axi_gmem0_ARQOS     |    9|          2|    4|          8|
    |m_axi_gmem0_ARREGION  |    9|          2|    4|          8|
    |m_axi_gmem0_ARSIZE    |    9|          2|    3|          6|
    |m_axi_gmem0_ARUSER    |    9|          2|    1|          2|
    |m_axi_gmem0_ARVALID   |   14|          3|    1|          3|
    |m_axi_gmem0_RREADY    |    9|          2|    1|          2|
    |src_pixels_write      |    9|          2|    1|          2|
    |stride_c_blk_n        |    9|          2|    1|          2|
    |y_fu_172              |    9|          2|   16|         32|
    |yoffset_fu_176        |    9|          2|   27|         54|
    +----------------------+-----+-----------+-----+-----------+
    |Total                 |  580|        126|  178|        535|
    +----------------------+-----+-----------+-----+-----------+

    * Register: 
    +---------------------------------------------------------------------+----+----+-----+-----------+
    |                                 Name                                | FF | LUT| Bits| Const Bits|
    +---------------------------------------------------------------------+----+----+-----+-----------+
    |ap_CS_fsm                                                            |  76|   0|   76|          0|
    |ap_done_reg                                                          |   1|   0|    1|          0|
    |cmp34_10_i_reg_746                                                   |   1|   0|    1|          0|
    |cmp34_11_i_reg_751                                                   |   1|   0|    1|          0|
    |cmp34_12_i_reg_756                                                   |   1|   0|    1|          0|
    |cmp34_13_i_reg_761                                                   |   1|   0|    1|          0|
    |cmp34_14_i_reg_766                                                   |   1|   0|    1|          0|
    |cmp34_16_i_reg_776                                                   |   1|   0|    1|          0|
    |cmp34_17_i_reg_781                                                   |   1|   0|    1|          0|
    |cmp34_18_i_reg_786                                                   |   1|   0|    1|          0|
    |cmp34_19_i_reg_791                                                   |   1|   0|    1|          0|
    |cmp34_20_i_reg_796                                                   |   1|   0|    1|          0|
    |cmp34_21_i_reg_801                                                   |   1|   0|    1|          0|
    |cmp34_22_i_reg_806                                                   |   1|   0|    1|          0|
    |cmp34_23_i_reg_811                                                   |   1|   0|    1|          0|
    |cmp34_24_i_reg_816                                                   |   1|   0|    1|          0|
    |cmp34_25_i_reg_821                                                   |   1|   0|    1|          0|
    |cmp34_26_i_reg_826                                                   |   1|   0|    1|          0|
    |cmp34_27_i_reg_831                                                   |   1|   0|    1|          0|
    |cmp34_28_i_reg_836                                                   |   1|   0|    1|          0|
    |cmp34_29_i_reg_841                                                   |   1|   0|    1|          0|
    |cmp34_2_i_reg_706                                                    |   1|   0|    1|          0|
    |cmp34_30_i_reg_846                                                   |   1|   0|    1|          0|
    |cmp34_4_i_reg_716                                                    |   1|   0|    1|          0|
    |cmp34_5_i_reg_721                                                    |   1|   0|    1|          0|
    |cmp34_6_i_reg_726                                                    |   1|   0|    1|          0|
    |cmp34_8_i_reg_736                                                    |   1|   0|    1|          0|
    |cmp34_9_i_reg_741                                                    |   1|   0|    1|          0|
    |cmp34_i_reg_696                                                      |   1|   0|    1|          0|
    |div14_cast_i_reg_851                                                 |  11|   0|   27|         16|
    |grp_AXIBursts2PixelStream_Pipeline_aximm2bytes_fu_222_ap_start_reg   |   1|   0|    1|          0|
    |grp_AXIBursts2PixelStream_Pipeline_bytes2pixels_fu_231_ap_start_reg  |   1|   0|    1|          0|
    |icmp19_reg_711                                                       |   1|   0|    1|          0|
    |icmp22_reg_731                                                       |   1|   0|    1|          0|
    |icmp25_reg_771                                                       |   1|   0|    1|          0|
    |icmp_ln28_reg_686                                                    |   1|   0|    1|          0|
    |icmp_reg_701                                                         |   1|   0|    1|          0|
    |loopWidth_reg_675                                                    |  12|   0|   12|          0|
    |sub31_i_reg_691                                                      |  12|   0|   12|          0|
    |trunc_ln2_reg_859                                                    |  59|   0|   59|          0|
    |trunc_ln90_3_reg_670                                                 |  16|   0|   16|          0|
    |y_fu_172                                                             |  16|   0|   16|          0|
    |yoffset_fu_176                                                       |  27|   0|   27|          0|
    |zext_ln25_1_reg_681                                                  |  12|   0|   32|         20|
    +---------------------------------------------------------------------+----+----+-----+-----------+
    |Total                                                                | 276|   0|  312|         36|
    +---------------------------------------------------------------------+----+----+-----+-----------+



================================================================
== Interface
================================================================
* Summary: 
+---------------------------+-----+-----+------------+-----------------------+--------------+
|         RTL Ports         | Dir | Bits|  Protocol  |     Source Object     |    C Type    |
+---------------------------+-----+-----+------------+-----------------------+--------------+
|ap_clk                     |   in|    1|  ap_ctrl_hs|  AXIBursts2PixelStream|  return value|
|ap_rst                     |   in|    1|  ap_ctrl_hs|  AXIBursts2PixelStream|  return value|
|ap_start                   |   in|    1|  ap_ctrl_hs|  AXIBursts2PixelStream|  return value|
|ap_done                    |  out|    1|  ap_ctrl_hs|  AXIBursts2PixelStream|  return value|
|ap_continue                |   in|    1|  ap_ctrl_hs|  AXIBursts2PixelStream|  return value|
|ap_idle                    |  out|    1|  ap_ctrl_hs|  AXIBursts2PixelStream|  return value|
|ap_ready                   |  out|    1|  ap_ctrl_hs|  AXIBursts2PixelStream|  return value|
|ap_ext_blocking_n          |  out|    1|  ap_ctrl_hs|  AXIBursts2PixelStream|  return value|
|ap_str_blocking_n          |  out|    1|  ap_ctrl_hs|  AXIBursts2PixelStream|  return value|
|ap_int_blocking_n          |  out|    1|  ap_ctrl_hs|  AXIBursts2PixelStream|  return value|
|m_axi_gmem0_AWVALID        |  out|    1|       m_axi|                  gmem0|       pointer|
|m_axi_gmem0_AWREADY        |   in|    1|       m_axi|                  gmem0|       pointer|
|m_axi_gmem0_AWADDR         |  out|   64|       m_axi|                  gmem0|       pointer|
|m_axi_gmem0_AWID           |  out|    1|       m_axi|                  gmem0|       pointer|
|m_axi_gmem0_AWLEN          |  out|   32|       m_axi|                  gmem0|       pointer|
|m_axi_gmem0_AWSIZE         |  out|    3|       m_axi|                  gmem0|       pointer|
|m_axi_gmem0_AWBURST        |  out|    2|       m_axi|                  gmem0|       pointer|
|m_axi_gmem0_AWLOCK         |  out|    2|       m_axi|                  gmem0|       pointer|
|m_axi_gmem0_AWCACHE        |  out|    4|       m_axi|                  gmem0|       pointer|
|m_axi_gmem0_AWPROT         |  out|    3|       m_axi|                  gmem0|       pointer|
|m_axi_gmem0_AWQOS          |  out|    4|       m_axi|                  gmem0|       pointer|
|m_axi_gmem0_AWREGION       |  out|    4|       m_axi|                  gmem0|       pointer|
|m_axi_gmem0_AWUSER         |  out|    1|       m_axi|                  gmem0|       pointer|
|m_axi_gmem0_WVALID         |  out|    1|       m_axi|                  gmem0|       pointer|
|m_axi_gmem0_WREADY         |   in|    1|       m_axi|                  gmem0|       pointer|
|m_axi_gmem0_WDATA          |  out|  256|       m_axi|                  gmem0|       pointer|
|m_axi_gmem0_WSTRB          |  out|   32|       m_axi|                  gmem0|       pointer|
|m_axi_gmem0_WLAST          |  out|    1|       m_axi|                  gmem0|       pointer|
|m_axi_gmem0_WID            |  out|    1|       m_axi|                  gmem0|       pointer|
|m_axi_gmem0_WUSER          |  out|    1|       m_axi|                  gmem0|       pointer|
|m_axi_gmem0_ARVALID        |  out|    1|       m_axi|                  gmem0|       pointer|
|m_axi_gmem0_ARREADY        |   in|    1|       m_axi|                  gmem0|       pointer|
|m_axi_gmem0_ARADDR         |  out|   64|       m_axi|                  gmem0|       pointer|
|m_axi_gmem0_ARID           |  out|    1|       m_axi|                  gmem0|       pointer|
|m_axi_gmem0_ARLEN          |  out|   32|       m_axi|                  gmem0|       pointer|
|m_axi_gmem0_ARSIZE         |  out|    3|       m_axi|                  gmem0|       pointer|
|m_axi_gmem0_ARBURST        |  out|    2|       m_axi|                  gmem0|       pointer|
|m_axi_gmem0_ARLOCK         |  out|    2|       m_axi|                  gmem0|       pointer|
|m_axi_gmem0_ARCACHE        |  out|    4|       m_axi|                  gmem0|       pointer|
|m_axi_gmem0_ARPROT         |  out|    3|       m_axi|                  gmem0|       pointer|
|m_axi_gmem0_ARQOS          |  out|    4|       m_axi|                  gmem0|       pointer|
|m_axi_gmem0_ARREGION       |  out|    4|       m_axi|                  gmem0|       pointer|
|m_axi_gmem0_ARUSER         |  out|    1|       m_axi|                  gmem0|       pointer|
|m_axi_gmem0_RVALID         |   in|    1|       m_axi|                  gmem0|       pointer|
|m_axi_gmem0_RREADY         |  out|    1|       m_axi|                  gmem0|       pointer|
|m_axi_gmem0_RDATA          |   in|  256|       m_axi|                  gmem0|       pointer|
|m_axi_gmem0_RLAST          |   in|    1|       m_axi|                  gmem0|       pointer|
|m_axi_gmem0_RID            |   in|    1|       m_axi|                  gmem0|       pointer|
|m_axi_gmem0_RFIFONUM       |   in|    9|       m_axi|                  gmem0|       pointer|
|m_axi_gmem0_RUSER          |   in|    1|       m_axi|                  gmem0|       pointer|
|m_axi_gmem0_RRESP          |   in|    2|       m_axi|                  gmem0|       pointer|
|m_axi_gmem0_BVALID         |   in|    1|       m_axi|                  gmem0|       pointer|
|m_axi_gmem0_BREADY         |  out|    1|       m_axi|                  gmem0|       pointer|
|m_axi_gmem0_BRESP          |   in|    2|       m_axi|                  gmem0|       pointer|
|m_axi_gmem0_BID            |   in|    1|       m_axi|                  gmem0|       pointer|
|m_axi_gmem0_BUSER          |   in|    1|       m_axi|                  gmem0|       pointer|
|src                        |   in|   64|     ap_none|                    src|        scalar|
|width                      |   in|   32|     ap_none|                  width|        scalar|
|height                     |   in|   32|     ap_none|                 height|        scalar|
|stride                     |   in|   32|     ap_none|                 stride|        scalar|
|src_pixels_din             |  out|    8|     ap_fifo|             src_pixels|       pointer|
|src_pixels_num_data_valid  |   in|    7|     ap_fifo|             src_pixels|       pointer|
|src_pixels_fifo_cap        |   in|    7|     ap_fifo|             src_pixels|       pointer|
|src_pixels_full_n          |   in|    1|     ap_fifo|             src_pixels|       pointer|
|src_pixels_write           |  out|    1|     ap_fifo|             src_pixels|       pointer|
|stride_c_din               |  out|   32|     ap_fifo|               stride_c|       pointer|
|stride_c_num_data_valid    |   in|    3|     ap_fifo|               stride_c|       pointer|
|stride_c_fifo_cap          |   in|    3|     ap_fifo|               stride_c|       pointer|
|stride_c_full_n            |   in|    1|     ap_fifo|               stride_c|       pointer|
|stride_c_write             |  out|    1|     ap_fifo|               stride_c|       pointer|
+---------------------------+-----+-----+------------+-----------------------+--------------+

