

================================================================
== Vitis HLS Report for 'PixelStream2AXIBursts_Pipeline_pixels2bytes'
================================================================
* Date:           Mon Nov  4 21:37:39 2024

* Version:        2022.2 (Build 3670227 on Oct 13 2022)
* Project:        Filter2DKernel
* Solution:       solution (Vitis Kernel Flow Target)
* Product family: virtexuplus
* Target device:  xcu55c-fsvh2892-2L-e


================================================================
== Performance Estimates
================================================================
+ Timing: 
    * Summary: 
    +--------+---------+----------+------------+
    |  Clock |  Target | Estimated| Uncertainty|
    +--------+---------+----------+------------+
    |ap_clk  |  3.33 ns|  1.587 ns|     0.90 ns|
    +--------+---------+----------+------------+

+ Latency: 
    * Summary: 
    +---------+---------+-----------+----------+-----+-------+---------+
    |  Latency (cycles) |  Latency (absolute)  |   Interval  | Pipeline|
    |   min   |   max   |    min    |    max   | min |  max  |   Type  |
    +---------+---------+-----------+----------+-----+-------+---------+
    |        4|    65540|  13.332 ns|  0.218 ms|    4|  65540|       no|
    +---------+---------+-----------+----------+-----+-------+---------+

    + Detail: 
        * Instance: 
        N/A

        * Loop: 
        +----------------+---------+---------+----------+-----------+-----------+----------+----------+
        |                |  Latency (cycles) | Iteration|  Initiation Interval  |   Trip   |          |
        |    Loop Name   |   min   |   max   |  Latency |  achieved |   target  |   Count  | Pipelined|
        +----------------+---------+---------+----------+-----------+-----------+----------+----------+
        |- pixels2bytes  |        2|    65538|        34|         32|         32|  0 ~ 2048|       yes|
        +----------------+---------+---------+----------+-----------+-----------+----------+----------+



================================================================
== Utilization Estimates
================================================================
* Summary: 
+---------------------+---------+------+---------+---------+-----+
|         Name        | BRAM_18K|  DSP |    FF   |   LUT   | URAM|
+---------------------+---------+------+---------+---------+-----+
|DSP                  |        -|     -|        -|        -|    -|
|Expression           |        -|     -|        0|      427|    -|
|FIFO                 |        -|     -|        -|        -|    -|
|Instance             |        -|     -|        -|        -|    -|
|Memory               |        -|     -|        -|        -|    -|
|Multiplexer          |        -|     -|        -|      526|    -|
|Register             |        -|     -|      618|        -|    -|
+---------------------+---------+------+---------+---------+-----+
|Total                |        0|     0|      618|      953|    0|
+---------------------+---------+------+---------+---------+-----+
|Available SLR        |     1344|  3008|   869120|   434560|  320|
+---------------------+---------+------+---------+---------+-----+
|Utilization SLR (%)  |        0|     0|       ~0|       ~0|    0|
+---------------------+---------+------+---------+---------+-----+
|Available            |     4032|  9024|  2607360|  1303680|  960|
+---------------------+---------+------+---------+---------+-----+
|Utilization (%)      |        0|     0|       ~0|       ~0|    0|
+---------------------+---------+------+---------+---------+-----+

+ Detail: 
    * Instance: 
    N/A

    * DSP: 
    N/A

    * Memory: 
    N/A

    * FIFO: 
    N/A

    * Expression: 
    +------------------------------------+----------+----+---+----+------------+------------+
    |            Variable Name           | Operation| DSP| FF| LUT| Bitwidth P0| Bitwidth P1|
    +------------------------------------+----------+----+---+----+------------+------------+
    |add_ln91_fu_791_p2                  |         +|   0|  0|  19|          12|           1|
    |ap_block_pp0_stage0_11001           |       and|   0|  0|   2|           1|           1|
    |ap_block_pp0_stage10_11001          |       and|   0|  0|   2|           1|           1|
    |ap_block_pp0_stage11_11001          |       and|   0|  0|   2|           1|           1|
    |ap_block_pp0_stage12_11001          |       and|   0|  0|   2|           1|           1|
    |ap_block_pp0_stage13_11001          |       and|   0|  0|   2|           1|           1|
    |ap_block_pp0_stage14_11001          |       and|   0|  0|   2|           1|           1|
    |ap_block_pp0_stage15_11001          |       and|   0|  0|   2|           1|           1|
    |ap_block_pp0_stage16_11001          |       and|   0|  0|   2|           1|           1|
    |ap_block_pp0_stage17_11001          |       and|   0|  0|   2|           1|           1|
    |ap_block_pp0_stage18_11001          |       and|   0|  0|   2|           1|           1|
    |ap_block_pp0_stage19_11001          |       and|   0|  0|   2|           1|           1|
    |ap_block_pp0_stage1_11001           |       and|   0|  0|   2|           1|           1|
    |ap_block_pp0_stage20_11001          |       and|   0|  0|   2|           1|           1|
    |ap_block_pp0_stage21_11001          |       and|   0|  0|   2|           1|           1|
    |ap_block_pp0_stage22_11001          |       and|   0|  0|   2|           1|           1|
    |ap_block_pp0_stage23_11001          |       and|   0|  0|   2|           1|           1|
    |ap_block_pp0_stage24_11001          |       and|   0|  0|   2|           1|           1|
    |ap_block_pp0_stage25_11001          |       and|   0|  0|   2|           1|           1|
    |ap_block_pp0_stage26_11001          |       and|   0|  0|   2|           1|           1|
    |ap_block_pp0_stage27_11001          |       and|   0|  0|   2|           1|           1|
    |ap_block_pp0_stage28_11001          |       and|   0|  0|   2|           1|           1|
    |ap_block_pp0_stage29_11001          |       and|   0|  0|   2|           1|           1|
    |ap_block_pp0_stage2_11001           |       and|   0|  0|   2|           1|           1|
    |ap_block_pp0_stage30_11001          |       and|   0|  0|   2|           1|           1|
    |ap_block_pp0_stage31_11001          |       and|   0|  0|   2|           1|           1|
    |ap_block_pp0_stage3_11001           |       and|   0|  0|   2|           1|           1|
    |ap_block_pp0_stage4_11001           |       and|   0|  0|   2|           1|           1|
    |ap_block_pp0_stage5_11001           |       and|   0|  0|   2|           1|           1|
    |ap_block_pp0_stage6_11001           |       and|   0|  0|   2|           1|           1|
    |ap_block_pp0_stage7_11001           |       and|   0|  0|   2|           1|           1|
    |ap_block_pp0_stage8_11001           |       and|   0|  0|   2|           1|           1|
    |ap_block_pp0_stage9_11001           |       and|   0|  0|   2|           1|           1|
    |ap_block_state10_pp0_stage9_iter0   |       and|   0|  0|   2|           1|           1|
    |ap_block_state11_pp0_stage10_iter0  |       and|   0|  0|   2|           1|           1|
    |ap_block_state12_pp0_stage11_iter0  |       and|   0|  0|   2|           1|           1|
    |ap_block_state13_pp0_stage12_iter0  |       and|   0|  0|   2|           1|           1|
    |ap_block_state14_pp0_stage13_iter0  |       and|   0|  0|   2|           1|           1|
    |ap_block_state15_pp0_stage14_iter0  |       and|   0|  0|   2|           1|           1|
    |ap_block_state16_pp0_stage15_iter0  |       and|   0|  0|   2|           1|           1|
    |ap_block_state17_pp0_stage16_iter0  |       and|   0|  0|   2|           1|           1|
    |ap_block_state18_pp0_stage17_iter0  |       and|   0|  0|   2|           1|           1|
    |ap_block_state19_pp0_stage18_iter0  |       and|   0|  0|   2|           1|           1|
    |ap_block_state20_pp0_stage19_iter0  |       and|   0|  0|   2|           1|           1|
    |ap_block_state21_pp0_stage20_iter0  |       and|   0|  0|   2|           1|           1|
    |ap_block_state22_pp0_stage21_iter0  |       and|   0|  0|   2|           1|           1|
    |ap_block_state23_pp0_stage22_iter0  |       and|   0|  0|   2|           1|           1|
    |ap_block_state24_pp0_stage23_iter0  |       and|   0|  0|   2|           1|           1|
    |ap_block_state25_pp0_stage24_iter0  |       and|   0|  0|   2|           1|           1|
    |ap_block_state26_pp0_stage25_iter0  |       and|   0|  0|   2|           1|           1|
    |ap_block_state27_pp0_stage26_iter0  |       and|   0|  0|   2|           1|           1|
    |ap_block_state28_pp0_stage27_iter0  |       and|   0|  0|   2|           1|           1|
    |ap_block_state29_pp0_stage28_iter0  |       and|   0|  0|   2|           1|           1|
    |ap_block_state2_pp0_stage1_iter0    |       and|   0|  0|   2|           1|           1|
    |ap_block_state30_pp0_stage29_iter0  |       and|   0|  0|   2|           1|           1|
    |ap_block_state31_pp0_stage30_iter0  |       and|   0|  0|   2|           1|           1|
    |ap_block_state32_pp0_stage31_iter0  |       and|   0|  0|   2|           1|           1|
    |ap_block_state33_pp0_stage0_iter1   |       and|   0|  0|   2|           1|           1|
    |ap_block_state3_pp0_stage2_iter0    |       and|   0|  0|   2|           1|           1|
    |ap_block_state4_pp0_stage3_iter0    |       and|   0|  0|   2|           1|           1|
    |ap_block_state5_pp0_stage4_iter0    |       and|   0|  0|   2|           1|           1|
    |ap_block_state6_pp0_stage5_iter0    |       and|   0|  0|   2|           1|           1|
    |ap_block_state7_pp0_stage6_iter0    |       and|   0|  0|   2|           1|           1|
    |ap_block_state8_pp0_stage7_iter0    |       and|   0|  0|   2|           1|           1|
    |ap_block_state9_pp0_stage8_iter0    |       and|   0|  0|   2|           1|           1|
    |ap_condition_1178                   |       and|   0|  0|   2|           1|           1|
    |ap_condition_1826                   |       and|   0|  0|   2|           1|           1|
    |ap_condition_1830                   |       and|   0|  0|   2|           1|           1|
    |ap_condition_1834                   |       and|   0|  0|   2|           1|           1|
    |ap_condition_1838                   |       and|   0|  0|   2|           1|           1|
    |ap_condition_1842                   |       and|   0|  0|   2|           1|           1|
    |ap_condition_1846                   |       and|   0|  0|   2|           1|           1|
    |ap_condition_1850                   |       and|   0|  0|   2|           1|           1|
    |ap_condition_1854                   |       and|   0|  0|   2|           1|           1|
    |ap_condition_1858                   |       and|   0|  0|   2|           1|           1|
    |ap_condition_1862                   |       and|   0|  0|   2|           1|           1|
    |ap_condition_1866                   |       and|   0|  0|   2|           1|           1|
    |ap_condition_1870                   |       and|   0|  0|   2|           1|           1|
    |ap_condition_1874                   |       and|   0|  0|   2|           1|           1|
    |ap_condition_1878                   |       and|   0|  0|   2|           1|           1|
    |ap_condition_1882                   |       and|   0|  0|   2|           1|           1|
    |ap_condition_1886                   |       and|   0|  0|   2|           1|           1|
    |ap_condition_1890                   |       and|   0|  0|   2|           1|           1|
    |ap_condition_1894                   |       and|   0|  0|   2|           1|           1|
    |ap_condition_1898                   |       and|   0|  0|   2|           1|           1|
    |ap_condition_1902                   |       and|   0|  0|   2|           1|           1|
    |ap_condition_1906                   |       and|   0|  0|   2|           1|           1|
    |ap_condition_1910                   |       and|   0|  0|   2|           1|           1|
    |ap_condition_1914                   |       and|   0|  0|   2|           1|           1|
    |ap_condition_1918                   |       and|   0|  0|   2|           1|           1|
    |ap_condition_1922                   |       and|   0|  0|   2|           1|           1|
    |ap_condition_1926                   |       and|   0|  0|   2|           1|           1|
    |ap_condition_1930                   |       and|   0|  0|   2|           1|           1|
    |ap_condition_1934                   |       and|   0|  0|   2|           1|           1|
    |ap_condition_1938                   |       and|   0|  0|   2|           1|           1|
    |ap_condition_1942                   |       and|   0|  0|   2|           1|           1|
    |ap_condition_1945                   |       and|   0|  0|   2|           1|           1|
    |ap_condition_1948                   |       and|   0|  0|   2|           1|           1|
    |ap_condition_1952                   |       and|   0|  0|   2|           1|           1|
    |ap_condition_1956                   |       and|   0|  0|   2|           1|           1|
    |ap_condition_1960                   |       and|   0|  0|   2|           1|           1|
    |ap_condition_1964                   |       and|   0|  0|   2|           1|           1|
    |ap_condition_1968                   |       and|   0|  0|   2|           1|           1|
    |ap_condition_1972                   |       and|   0|  0|   2|           1|           1|
    |ap_condition_1976                   |       and|   0|  0|   2|           1|           1|
    |ap_condition_1980                   |       and|   0|  0|   2|           1|           1|
    |ap_condition_1984                   |       and|   0|  0|   2|           1|           1|
    |ap_condition_1988                   |       and|   0|  0|   2|           1|           1|
    |ap_condition_1992                   |       and|   0|  0|   2|           1|           1|
    |ap_condition_1996                   |       and|   0|  0|   2|           1|           1|
    |ap_condition_2000                   |       and|   0|  0|   2|           1|           1|
    |ap_condition_2004                   |       and|   0|  0|   2|           1|           1|
    |ap_condition_2008                   |       and|   0|  0|   2|           1|           1|
    |ap_condition_2012                   |       and|   0|  0|   2|           1|           1|
    |ap_condition_2016                   |       and|   0|  0|   2|           1|           1|
    |ap_condition_2020                   |       and|   0|  0|   2|           1|           1|
    |ap_condition_2024                   |       and|   0|  0|   2|           1|           1|
    |ap_condition_2028                   |       and|   0|  0|   2|           1|           1|
    |ap_condition_2032                   |       and|   0|  0|   2|           1|           1|
    |ap_condition_2036                   |       and|   0|  0|   2|           1|           1|
    |ap_condition_2039                   |       and|   0|  0|   2|           1|           1|
    |ap_condition_2042                   |       and|   0|  0|   2|           1|           1|
    |ap_condition_2046                   |       and|   0|  0|   2|           1|           1|
    |ap_condition_2050                   |       and|   0|  0|   2|           1|           1|
    |ap_ext_blocking_n                   |       and|   0|  0|   2|           2|           2|
    |ap_int_blocking_cur_n               |       and|   0|  0|   2|           1|           0|
    |ap_int_blocking_n                   |       and|   0|  0|   2|           1|           2|
    |ap_predicate_op103_read_state5      |       and|   0|  0|   2|           1|           1|
    |ap_predicate_op108_read_state6      |       and|   0|  0|   2|           1|           1|
    |ap_predicate_op113_read_state7      |       and|   0|  0|   2|           1|           1|
    |ap_predicate_op118_read_state8      |       and|   0|  0|   2|           1|           1|
    |ap_predicate_op123_read_state9      |       and|   0|  0|   2|           1|           1|
    |ap_predicate_op128_read_state10     |       and|   0|  0|   2|           1|           1|
    |ap_predicate_op133_read_state11     |       and|   0|  0|   2|           1|           1|
    |ap_predicate_op138_read_state12     |       and|   0|  0|   2|           1|           1|
    |ap_predicate_op143_read_state13     |       and|   0|  0|   2|           1|           1|
    |ap_predicate_op148_read_state14     |       and|   0|  0|   2|           1|           1|
    |ap_predicate_op153_read_state15     |       and|   0|  0|   2|           1|           1|
    |ap_predicate_op158_read_state16     |       and|   0|  0|   2|           1|           1|
    |ap_predicate_op163_read_state17     |       and|   0|  0|   2|           1|           1|
    |ap_predicate_op168_read_state18     |       and|   0|  0|   2|           1|           1|
    |ap_predicate_op173_read_state19     |       and|   0|  0|   2|           1|           1|
    |ap_predicate_op178_read_state20     |       and|   0|  0|   2|           1|           1|
    |ap_predicate_op183_read_state21     |       and|   0|  0|   2|           1|           1|
    |ap_predicate_op199_read_state22     |       and|   0|  0|   2|           1|           1|
    |ap_predicate_op203_read_state23     |       and|   0|  0|   2|           1|           1|
    |ap_predicate_op207_read_state24     |       and|   0|  0|   2|           1|           1|
    |ap_predicate_op211_read_state25     |       and|   0|  0|   2|           1|           1|
    |ap_predicate_op215_read_state26     |       and|   0|  0|   2|           1|           1|
    |ap_predicate_op219_read_state27     |       and|   0|  0|   2|           1|           1|
    |ap_predicate_op223_read_state28     |       and|   0|  0|   2|           1|           1|
    |ap_predicate_op227_read_state29     |       and|   0|  0|   2|           1|           1|
    |ap_predicate_op231_read_state30     |       and|   0|  0|   2|           1|           1|
    |ap_predicate_op235_read_state31     |       and|   0|  0|   2|           1|           1|
    |ap_predicate_op239_read_state32     |       and|   0|  0|   2|           1|           1|
    |ap_predicate_op243_read_state33     |       and|   0|  0|   2|           1|           1|
    |ap_predicate_op85_read_state2       |       and|   0|  0|   2|           1|           1|
    |ap_predicate_op92_read_state3       |       and|   0|  0|   2|           1|           1|
    |ap_predicate_op98_read_state4       |       and|   0|  0|   2|           1|           1|
    |ap_str_blocking_n                   |       and|   0|  0|   2|           2|           2|
    |cmp16_i_fu_772_p2                   |      icmp|   0|  0|  12|          13|          13|
    |icmp_ln91_fu_762_p2                 |      icmp|   0|  0|  12|          12|          12|
    |or_ln96_10_fu_833_p2                |        or|   0|  0|   2|           1|           1|
    |or_ln96_11_fu_837_p2                |        or|   0|  0|   2|           1|           1|
    |or_ln96_12_fu_841_p2                |        or|   0|  0|   2|           1|           1|
    |or_ln96_13_fu_845_p2                |        or|   0|  0|   2|           1|           1|
    |or_ln96_14_fu_849_p2                |        or|   0|  0|   2|           1|           1|
    |or_ln96_15_fu_853_p2                |        or|   0|  0|   2|           1|           1|
    |or_ln96_16_fu_857_p2                |        or|   0|  0|   2|           1|           1|
    |or_ln96_17_fu_861_p2                |        or|   0|  0|   2|           1|           1|
    |or_ln96_18_fu_865_p2                |        or|   0|  0|   2|           1|           1|
    |or_ln96_19_fu_869_p2                |        or|   0|  0|   2|           1|           1|
    |or_ln96_1_fu_784_p2                 |        or|   0|  0|   2|           1|           1|
    |or_ln96_20_fu_873_p2                |        or|   0|  0|   2|           1|           1|
    |or_ln96_21_fu_877_p2                |        or|   0|  0|   2|           1|           1|
    |or_ln96_22_fu_881_p2                |        or|   0|  0|   2|           1|           1|
    |or_ln96_23_fu_885_p2                |        or|   0|  0|   2|           1|           1|
    |or_ln96_24_fu_889_p2                |        or|   0|  0|   2|           1|           1|
    |or_ln96_25_fu_893_p2                |        or|   0|  0|   2|           1|           1|
    |or_ln96_26_fu_897_p2                |        or|   0|  0|   2|           1|           1|
    |or_ln96_27_fu_901_p2                |        or|   0|  0|   2|           1|           1|
    |or_ln96_28_fu_905_p2                |        or|   0|  0|   2|           1|           1|
    |or_ln96_29_fu_909_p2                |        or|   0|  0|   2|           1|           1|
    |or_ln96_2_fu_796_p2                 |        or|   0|  0|   2|           1|           1|
    |or_ln96_30_fu_913_p2                |        or|   0|  0|   2|           1|           1|
    |or_ln96_31_fu_917_p2                |        or|   0|  0|   2|           1|           1|
    |or_ln96_3_fu_805_p2                 |        or|   0|  0|   2|           1|           1|
    |or_ln96_4_fu_809_p2                 |        or|   0|  0|   2|           1|           1|
    |or_ln96_5_fu_813_p2                 |        or|   0|  0|   2|           1|           1|
    |or_ln96_6_fu_817_p2                 |        or|   0|  0|   2|           1|           1|
    |or_ln96_7_fu_821_p2                 |        or|   0|  0|   2|           1|           1|
    |or_ln96_8_fu_825_p2                 |        or|   0|  0|   2|           1|           1|
    |or_ln96_9_fu_829_p2                 |        or|   0|  0|   2|           1|           1|
    |or_ln96_fu_778_p2                   |        or|   0|  0|   2|           1|           1|
    |ap_enable_pp0                       |       xor|   0|  0|   2|           1|           2|
    +------------------------------------+----------+----+---+----+------------+------------+
    |Total                               |          |   0|  0| 427|         231|         221|
    +------------------------------------+----------+----+---+----+------------+------------+

    * Multiplexer: 
    +---------------------------------------+-----+-----------+-----+-----------+
    |                  Name                 | LUT | Input Size| Bits| Total Bits|
    +---------------------------------------+-----+-----------+-----+-----------+
    |ap_NS_fsm                              |  152|         33|    1|         33|
    |ap_done_int                            |    9|          2|    1|          2|
    |ap_enable_reg_pp0_iter0                |    9|          2|    1|          2|
    |ap_enable_reg_pp0_iter0_reg            |    9|          2|    1|          2|
    |ap_enable_reg_pp0_iter1                |    9|          2|    1|          2|
    |ap_phi_mux_pixel_65_phi_fu_695_p4      |    9|          2|    8|         16|
    |ap_phi_reg_pp0_iter0_pixel_11_reg_396  |    9|          2|    8|         16|
    |ap_phi_reg_pp0_iter0_pixel_13_reg_407  |    9|          2|    8|         16|
    |ap_phi_reg_pp0_iter0_pixel_15_reg_418  |    9|          2|    8|         16|
    |ap_phi_reg_pp0_iter0_pixel_17_reg_429  |    9|          2|    8|         16|
    |ap_phi_reg_pp0_iter0_pixel_19_reg_440  |    9|          2|    8|         16|
    |ap_phi_reg_pp0_iter0_pixel_21_reg_451  |    9|          2|    8|         16|
    |ap_phi_reg_pp0_iter0_pixel_23_reg_462  |    9|          2|    8|         16|
    |ap_phi_reg_pp0_iter0_pixel_25_reg_473  |    9|          2|    8|         16|
    |ap_phi_reg_pp0_iter0_pixel_27_reg_484  |    9|          2|    8|         16|
    |ap_phi_reg_pp0_iter0_pixel_29_reg_495  |    9|          2|    8|         16|
    |ap_phi_reg_pp0_iter0_pixel_31_reg_506  |    9|          2|    8|         16|
    |ap_phi_reg_pp0_iter0_pixel_33_reg_517  |    9|          2|    8|         16|
    |ap_phi_reg_pp0_iter0_pixel_35_reg_528  |    9|          2|    8|         16|
    |ap_phi_reg_pp0_iter0_pixel_37_reg_539  |    9|          2|    8|         16|
    |ap_phi_reg_pp0_iter0_pixel_39_reg_550  |    9|          2|    8|         16|
    |ap_phi_reg_pp0_iter0_pixel_3_reg_353   |    9|          2|    8|         16|
    |ap_phi_reg_pp0_iter0_pixel_41_reg_561  |    9|          2|    8|         16|
    |ap_phi_reg_pp0_iter0_pixel_43_reg_572  |    9|          2|    8|         16|
    |ap_phi_reg_pp0_iter0_pixel_45_reg_583  |    9|          2|    8|         16|
    |ap_phi_reg_pp0_iter0_pixel_47_reg_594  |    9|          2|    8|         16|
    |ap_phi_reg_pp0_iter0_pixel_49_reg_605  |    9|          2|    8|         16|
    |ap_phi_reg_pp0_iter0_pixel_51_reg_616  |    9|          2|    8|         16|
    |ap_phi_reg_pp0_iter0_pixel_53_reg_627  |    9|          2|    8|         16|
    |ap_phi_reg_pp0_iter0_pixel_55_reg_638  |    9|          2|    8|         16|
    |ap_phi_reg_pp0_iter0_pixel_57_reg_649  |    9|          2|    8|         16|
    |ap_phi_reg_pp0_iter0_pixel_59_reg_660  |    9|          2|    8|         16|
    |ap_phi_reg_pp0_iter0_pixel_5_reg_363   |    9|          2|    8|         16|
    |ap_phi_reg_pp0_iter0_pixel_7_reg_374   |    9|          2|    8|         16|
    |ap_phi_reg_pp0_iter0_pixel_9_reg_385   |    9|          2|    8|         16|
    |ap_phi_reg_pp0_iter1_pixel_61_reg_671  |    9|          2|    8|         16|
    |ap_phi_reg_pp0_iter1_pixel_63_reg_682  |   14|          3|    8|         24|
    |ap_phi_reg_pp0_iter1_pixel_65_reg_692  |    9|          2|    8|         16|
    |ap_sig_allocacmp_x_1                   |    9|          2|   12|         24|
    |dst_pixels_blk_n                       |    9|          2|    1|          2|
    |pixel_1_fu_120                         |    9|          2|    8|         16|
    |x_fu_116                               |    9|          2|   12|         24|
    +---------------------------------------+-----+-----------+-----+-----------+
    |Total                                  |  526|        116|  302|        643|
    +---------------------------------------+-----+-----------+-----+-----------+

    * Register: 
    +---------------------------------------+----+----+-----+-----------+
    |                  Name                 | FF | LUT| Bits| Const Bits|
    +---------------------------------------+----+----+-----+-----------+
    |ap_CS_fsm                              |  32|   0|   32|          0|
    |ap_done_reg                            |   1|   0|    1|          0|
    |ap_enable_reg_pp0_iter0_reg            |   1|   0|    1|          0|
    |ap_enable_reg_pp0_iter1                |   1|   0|    1|          0|
    |ap_phi_reg_pp0_iter0_pixel_11_reg_396  |   8|   0|    8|          0|
    |ap_phi_reg_pp0_iter0_pixel_13_reg_407  |   8|   0|    8|          0|
    |ap_phi_reg_pp0_iter0_pixel_15_reg_418  |   8|   0|    8|          0|
    |ap_phi_reg_pp0_iter0_pixel_17_reg_429  |   8|   0|    8|          0|
    |ap_phi_reg_pp0_iter0_pixel_19_reg_440  |   8|   0|    8|          0|
    |ap_phi_reg_pp0_iter0_pixel_21_reg_451  |   8|   0|    8|          0|
    |ap_phi_reg_pp0_iter0_pixel_23_reg_462  |   8|   0|    8|          0|
    |ap_phi_reg_pp0_iter0_pixel_25_reg_473  |   8|   0|    8|          0|
    |ap_phi_reg_pp0_iter0_pixel_27_reg_484  |   8|   0|    8|          0|
    |ap_phi_reg_pp0_iter0_pixel_29_reg_495  |   8|   0|    8|          0|
    |ap_phi_reg_pp0_iter0_pixel_31_reg_506  |   8|   0|    8|          0|
    |ap_phi_reg_pp0_iter0_pixel_33_reg_517  |   8|   0|    8|          0|
    |ap_phi_reg_pp0_iter0_pixel_35_reg_528  |   8|   0|    8|          0|
    |ap_phi_reg_pp0_iter0_pixel_37_reg_539  |   8|   0|    8|          0|
    |ap_phi_reg_pp0_iter0_pixel_39_reg_550  |   8|   0|    8|          0|
    |ap_phi_reg_pp0_iter0_pixel_3_reg_353   |   8|   0|    8|          0|
    |ap_phi_reg_pp0_iter0_pixel_41_reg_561  |   8|   0|    8|          0|
    |ap_phi_reg_pp0_iter0_pixel_43_reg_572  |   8|   0|    8|          0|
    |ap_phi_reg_pp0_iter0_pixel_45_reg_583  |   8|   0|    8|          0|
    |ap_phi_reg_pp0_iter0_pixel_47_reg_594  |   8|   0|    8|          0|
    |ap_phi_reg_pp0_iter0_pixel_49_reg_605  |   8|   0|    8|          0|
    |ap_phi_reg_pp0_iter0_pixel_51_reg_616  |   8|   0|    8|          0|
    |ap_phi_reg_pp0_iter0_pixel_53_reg_627  |   8|   0|    8|          0|
    |ap_phi_reg_pp0_iter0_pixel_55_reg_638  |   8|   0|    8|          0|
    |ap_phi_reg_pp0_iter0_pixel_57_reg_649  |   8|   0|    8|          0|
    |ap_phi_reg_pp0_iter0_pixel_59_reg_660  |   8|   0|    8|          0|
    |ap_phi_reg_pp0_iter0_pixel_5_reg_363   |   8|   0|    8|          0|
    |ap_phi_reg_pp0_iter0_pixel_61_reg_671  |   8|   0|    8|          0|
    |ap_phi_reg_pp0_iter0_pixel_7_reg_374   |   8|   0|    8|          0|
    |ap_phi_reg_pp0_iter0_pixel_9_reg_385   |   8|   0|    8|          0|
    |ap_phi_reg_pp0_iter1_pixel_61_reg_671  |   8|   0|    8|          0|
    |ap_phi_reg_pp0_iter1_pixel_63_reg_682  |   8|   0|    8|          0|
    |ap_phi_reg_pp0_iter1_pixel_65_reg_692  |   8|   0|    8|          0|
    |cmp16_i_reg_1184                       |   1|   0|    1|          0|
    |icmp_ln91_reg_1180                     |   1|   0|    1|          0|
    |icmp_ln91_reg_1180_pp0_iter1_reg       |   1|   0|    1|          0|
    |or_ln96_10_reg_1264                    |   1|   0|    1|          0|
    |or_ln96_11_reg_1268                    |   1|   0|    1|          0|
    |or_ln96_12_reg_1272                    |   1|   0|    1|          0|
    |or_ln96_13_reg_1276                    |   1|   0|    1|          0|
    |or_ln96_14_reg_1280                    |   1|   0|    1|          0|
    |or_ln96_15_reg_1284                    |   1|   0|    1|          0|
    |or_ln96_16_reg_1288                    |   1|   0|    1|          0|
    |or_ln96_17_reg_1292                    |   1|   0|    1|          0|
    |or_ln96_18_reg_1296                    |   1|   0|    1|          0|
    |or_ln96_19_reg_1300                    |   1|   0|    1|          0|
    |or_ln96_1_reg_1223                     |   1|   0|    1|          0|
    |or_ln96_20_reg_1304                    |   1|   0|    1|          0|
    |or_ln96_21_reg_1308                    |   1|   0|    1|          0|
    |or_ln96_22_reg_1312                    |   1|   0|    1|          0|
    |or_ln96_23_reg_1316                    |   1|   0|    1|          0|
    |or_ln96_24_reg_1320                    |   1|   0|    1|          0|
    |or_ln96_25_reg_1324                    |   1|   0|    1|          0|
    |or_ln96_26_reg_1328                    |   1|   0|    1|          0|
    |or_ln96_27_reg_1332                    |   1|   0|    1|          0|
    |or_ln96_28_reg_1336                    |   1|   0|    1|          0|
    |or_ln96_29_reg_1340                    |   1|   0|    1|          0|
    |or_ln96_2_reg_1232                     |   1|   0|    1|          0|
    |or_ln96_30_reg_1344                    |   1|   0|    1|          0|
    |or_ln96_31_reg_1348                    |   1|   0|    1|          0|
    |or_ln96_3_reg_1236                     |   1|   0|    1|          0|
    |or_ln96_4_reg_1240                     |   1|   0|    1|          0|
    |or_ln96_5_reg_1244                     |   1|   0|    1|          0|
    |or_ln96_6_reg_1248                     |   1|   0|    1|          0|
    |or_ln96_7_reg_1252                     |   1|   0|    1|          0|
    |or_ln96_8_reg_1256                     |   1|   0|    1|          0|
    |or_ln96_9_reg_1260                     |   1|   0|    1|          0|
    |or_ln96_reg_1219                       |   1|   0|    1|          0|
    |pixel_11_reg_396                       |   8|   0|    8|          0|
    |pixel_13_reg_407                       |   8|   0|    8|          0|
    |pixel_15_reg_418                       |   8|   0|    8|          0|
    |pixel_17_reg_429                       |   8|   0|    8|          0|
    |pixel_19_reg_440                       |   8|   0|    8|          0|
    |pixel_1_fu_120                         |   8|   0|    8|          0|
    |pixel_21_reg_451                       |   8|   0|    8|          0|
    |pixel_23_reg_462                       |   8|   0|    8|          0|
    |pixel_25_reg_473                       |   8|   0|    8|          0|
    |pixel_27_reg_484                       |   8|   0|    8|          0|
    |pixel_29_reg_495                       |   8|   0|    8|          0|
    |pixel_31_reg_506                       |   8|   0|    8|          0|
    |pixel_33_reg_517                       |   8|   0|    8|          0|
    |pixel_35_reg_528                       |   8|   0|    8|          0|
    |pixel_37_reg_539                       |   8|   0|    8|          0|
    |pixel_39_reg_550                       |   8|   0|    8|          0|
    |pixel_3_reg_353                        |   8|   0|    8|          0|
    |pixel_41_reg_561                       |   8|   0|    8|          0|
    |pixel_43_reg_572                       |   8|   0|    8|          0|
    |pixel_45_reg_583                       |   8|   0|    8|          0|
    |pixel_47_reg_594                       |   8|   0|    8|          0|
    |pixel_49_reg_605                       |   8|   0|    8|          0|
    |pixel_51_reg_616                       |   8|   0|    8|          0|
    |pixel_53_reg_627                       |   8|   0|    8|          0|
    |pixel_55_reg_638                       |   8|   0|    8|          0|
    |pixel_57_reg_649                       |   8|   0|    8|          0|
    |pixel_59_reg_660                       |   8|   0|    8|          0|
    |pixel_5_reg_363                        |   8|   0|    8|          0|
    |pixel_61_reg_671                       |   8|   0|    8|          0|
    |pixel_7_reg_374                        |   8|   0|    8|          0|
    |pixel_9_reg_385                        |   8|   0|    8|          0|
    |x_1_reg_1174                           |  12|   0|   12|          0|
    |x_1_reg_1174_pp0_iter1_reg             |  12|   0|   12|          0|
    |x_fu_116                               |  12|   0|   12|          0|
    +---------------------------------------+----+----+-----+-----------+
    |Total                                  | 618|   0|  618|          0|
    +---------------------------------------+----+----+-----+-----------+



================================================================
== Interface
================================================================
* Summary: 
+---------------------------+-----+-----+------------+---------------------------------------------+--------------+
|         RTL Ports         | Dir | Bits|  Protocol  |                Source Object                |    C Type    |
+---------------------------+-----+-----+------------+---------------------------------------------+--------------+
|ap_clk                     |   in|    1|  ap_ctrl_hs|  PixelStream2AXIBursts_Pipeline_pixels2bytes|  return value|
|ap_rst                     |   in|    1|  ap_ctrl_hs|  PixelStream2AXIBursts_Pipeline_pixels2bytes|  return value|
|ap_start                   |   in|    1|  ap_ctrl_hs|  PixelStream2AXIBursts_Pipeline_pixels2bytes|  return value|
|ap_done                    |  out|    1|  ap_ctrl_hs|  PixelStream2AXIBursts_Pipeline_pixels2bytes|  return value|
|ap_idle                    |  out|    1|  ap_ctrl_hs|  PixelStream2AXIBursts_Pipeline_pixels2bytes|  return value|
|ap_ready                   |  out|    1|  ap_ctrl_hs|  PixelStream2AXIBursts_Pipeline_pixels2bytes|  return value|
|ap_ext_blocking_n          |  out|    1|  ap_ctrl_hs|  PixelStream2AXIBursts_Pipeline_pixels2bytes|  return value|
|ap_str_blocking_n          |  out|    1|  ap_ctrl_hs|  PixelStream2AXIBursts_Pipeline_pixels2bytes|  return value|
|ap_int_blocking_n          |  out|    1|  ap_ctrl_hs|  PixelStream2AXIBursts_Pipeline_pixels2bytes|  return value|
|dst_pixels_dout            |   in|    8|     ap_fifo|                                   dst_pixels|       pointer|
|dst_pixels_num_data_valid  |   in|    7|     ap_fifo|                                   dst_pixels|       pointer|
|dst_pixels_fifo_cap        |   in|    7|     ap_fifo|                                   dst_pixels|       pointer|
|dst_pixels_empty_n         |   in|    1|     ap_fifo|                                   dst_pixels|       pointer|
|dst_pixels_read            |  out|    1|     ap_fifo|                                   dst_pixels|       pointer|
|pixel                      |   in|    8|     ap_none|                                        pixel|        scalar|
|loopWidth                  |   in|   12|     ap_none|                                    loopWidth|        scalar|
|buff_V_address0            |  out|    6|   ap_memory|                                       buff_V|         array|
|buff_V_ce0                 |  out|    1|   ap_memory|                                       buff_V|         array|
|buff_V_we0                 |  out|    1|   ap_memory|                                       buff_V|         array|
|buff_V_d0                  |  out|  256|   ap_memory|                                       buff_V|         array|
|icmp_ln80                  |   in|    1|     ap_none|                                    icmp_ln80|        scalar|
|cmp17_30_i                 |   in|    1|     ap_none|                                   cmp17_30_i|        scalar|
|cmp17_29_i                 |   in|    1|     ap_none|                                   cmp17_29_i|        scalar|
|cmp17_28_i                 |   in|    1|     ap_none|                                   cmp17_28_i|        scalar|
|cmp17_27_i                 |   in|    1|     ap_none|                                   cmp17_27_i|        scalar|
|cmp17_26_i                 |   in|    1|     ap_none|                                   cmp17_26_i|        scalar|
|cmp17_25_i                 |   in|    1|     ap_none|                                   cmp17_25_i|        scalar|
|cmp17_24_i                 |   in|    1|     ap_none|                                   cmp17_24_i|        scalar|
|cmp17_23_i                 |   in|    1|     ap_none|                                   cmp17_23_i|        scalar|
|cmp17_22_i                 |   in|    1|     ap_none|                                   cmp17_22_i|        scalar|
|cmp17_21_i                 |   in|    1|     ap_none|                                   cmp17_21_i|        scalar|
|cmp17_20_i                 |   in|    1|     ap_none|                                   cmp17_20_i|        scalar|
|cmp17_19_i                 |   in|    1|     ap_none|                                   cmp17_19_i|        scalar|
|cmp17_18_i                 |   in|    1|     ap_none|                                   cmp17_18_i|        scalar|
|cmp17_17_i                 |   in|    1|     ap_none|                                   cmp17_17_i|        scalar|
|cmp17_16_i                 |   in|    1|     ap_none|                                   cmp17_16_i|        scalar|
|cmp17_15_i                 |   in|    1|     ap_none|                                   cmp17_15_i|        scalar|
|cmp17_14_i                 |   in|    1|     ap_none|                                   cmp17_14_i|        scalar|
|cmp17_13_i                 |   in|    1|     ap_none|                                   cmp17_13_i|        scalar|
|cmp17_12_i                 |   in|    1|     ap_none|                                   cmp17_12_i|        scalar|
|cmp17_11_i                 |   in|    1|     ap_none|                                   cmp17_11_i|        scalar|
|cmp17_10_i                 |   in|    1|     ap_none|                                   cmp17_10_i|        scalar|
|cmp17_9_i                  |   in|    1|     ap_none|                                    cmp17_9_i|        scalar|
|cmp17_8_i                  |   in|    1|     ap_none|                                    cmp17_8_i|        scalar|
|cmp17_7_i                  |   in|    1|     ap_none|                                    cmp17_7_i|        scalar|
|cmp17_6_i                  |   in|    1|     ap_none|                                    cmp17_6_i|        scalar|
|cmp17_5_i                  |   in|    1|     ap_none|                                    cmp17_5_i|        scalar|
|cmp17_4_i                  |   in|    1|     ap_none|                                    cmp17_4_i|        scalar|
|cmp17_3_i                  |   in|    1|     ap_none|                                    cmp17_3_i|        scalar|
|cmp17_2_i                  |   in|    1|     ap_none|                                    cmp17_2_i|        scalar|
|cmp17_1_i                  |   in|    1|     ap_none|                                    cmp17_1_i|        scalar|
|sext_ln86                  |   in|   12|     ap_none|                                    sext_ln86|        scalar|
|cmp17_i                    |   in|    1|     ap_none|                                      cmp17_i|        scalar|
|pixel_1_out                |  out|    8|      ap_vld|                                  pixel_1_out|       pointer|
|pixel_1_out_ap_vld         |  out|    1|      ap_vld|                                  pixel_1_out|       pointer|
+---------------------------+-----+-----+------------+---------------------------------------------+--------------+

