/home/juchanlee/Vitis-Tutorials/Hardware_Acceleration/Feature_Tutorials/05-using-multiple-cu/reference-files/_x/Filter2DKernel.hw_emu/Filter2DKernel/Filter2DKernel/solution/.autopilot/db/axi2stream.pp.0.cpp:1334:7: warning: Added loop label VITIS_LOOP_1211_1:   [xilinx-label-all-loops]
      for (i = 0; i < __N - 1; ++i) {
      ^~~
      VITIS_LOOP_1211_1: 
/home/juchanlee/Vitis-Tutorials/Hardware_Acceleration/Feature_Tutorials/05-using-multiple-cu/reference-files/_x/Filter2DKernel.hw_emu/Filter2DKernel/Filter2DKernel/solution/.autopilot/db/axi2stream.pp.0.cpp:1334:7: note: FIX-IT applied suggested code changes
/home/juchanlee/Vitis-Tutorials/Hardware_Acceleration/Feature_Tutorials/05-using-multiple-cu/reference-files/_x/Filter2DKernel.hw_emu/Filter2DKernel/Filter2DKernel/solution/.autopilot/db/axi2stream.pp.0.cpp:2308:5: warning: Added loop label VITIS_LOOP_676_1:   [xilinx-label-all-loops]
    for (unsigned i = low; i != high; ++i) {
    ^~~
    VITIS_LOOP_676_1: 
/home/juchanlee/Vitis-Tutorials/Hardware_Acceleration/Feature_Tutorials/05-using-multiple-cu/reference-files/_x/Filter2DKernel.hw_emu/Filter2DKernel/Filter2DKernel/solution/.autopilot/db/axi2stream.pp.0.cpp:2308:5: note: FIX-IT applied suggested code changes
/home/juchanlee/Vitis-Tutorials/Hardware_Acceleration/Feature_Tutorials/05-using-multiple-cu/reference-files/_x/Filter2DKernel.hw_emu/Filter2DKernel/Filter2DKernel/solution/.autopilot/db/axi2stream.pp.0.cpp:2322:5: warning: Added loop label VITIS_LOOP_690_1:   [xilinx-label-all-loops]
    for (unsigned i = low; i != high; ++i) {
    ^~~
    VITIS_LOOP_690_1: 
/home/juchanlee/Vitis-Tutorials/Hardware_Acceleration/Feature_Tutorials/05-using-multiple-cu/reference-files/_x/Filter2DKernel.hw_emu/Filter2DKernel/Filter2DKernel/solution/.autopilot/db/axi2stream.pp.0.cpp:2322:5: note: FIX-IT applied suggested code changes
/home/juchanlee/Vitis-Tutorials/Hardware_Acceleration/Feature_Tutorials/05-using-multiple-cu/reference-files/_x/Filter2DKernel.hw_emu/Filter2DKernel/Filter2DKernel/solution/.autopilot/db/axi2stream.pp.0.cpp:2336:5: warning: Added loop label VITIS_LOOP_704_1:   [xilinx-label-all-loops]
    for (unsigned i = low; i != high; ++i) {
    ^~~
    VITIS_LOOP_704_1: 
/home/juchanlee/Vitis-Tutorials/Hardware_Acceleration/Feature_Tutorials/05-using-multiple-cu/reference-files/_x/Filter2DKernel.hw_emu/Filter2DKernel/Filter2DKernel/solution/.autopilot/db/axi2stream.pp.0.cpp:2336:5: note: FIX-IT applied suggested code changes
/home/juchanlee/Vitis-Tutorials/Hardware_Acceleration/Feature_Tutorials/05-using-multiple-cu/reference-files/_x/Filter2DKernel.hw_emu/Filter2DKernel/Filter2DKernel/solution/.autopilot/db/axi2stream.pp.0.cpp:3947:7: warning: Added loop label VITIS_LOOP_1245_1:   [xilinx-label-all-loops]
      for (i = 0; i < __N - 1; ++i) {
      ^~~
      VITIS_LOOP_1245_1: 
/home/juchanlee/Vitis-Tutorials/Hardware_Acceleration/Feature_Tutorials/05-using-multiple-cu/reference-files/_x/Filter2DKernel.hw_emu/Filter2DKernel/Filter2DKernel/solution/.autopilot/db/axi2stream.pp.0.cpp:3947:7: note: FIX-IT applied suggested code changes
/home/juchanlee/Vitis-Tutorials/Hardware_Acceleration/Feature_Tutorials/05-using-multiple-cu/reference-files/_x/Filter2DKernel.hw_emu/Filter2DKernel/Filter2DKernel/solution/.autopilot/db/axi2stream.pp.0.cpp:5927:4: warning: Added loop label VITIS_LOOP_49_1:   [xilinx-label-all-loops]
   for (int i=0; i<(256/8); i++)
   ^~~
   VITIS_LOOP_49_1: 
/home/juchanlee/Vitis-Tutorials/Hardware_Acceleration/Feature_Tutorials/05-using-multiple-cu/reference-files/_x/Filter2DKernel.hw_emu/Filter2DKernel/Filter2DKernel/solution/.autopilot/db/axi2stream.pp.0.cpp:5927:4: note: FIX-IT applied suggested code changes
/home/juchanlee/Vitis-Tutorials/Hardware_Acceleration/Feature_Tutorials/05-using-multiple-cu/reference-files/_x/Filter2DKernel.hw_emu/Filter2DKernel/Filter2DKernel/solution/.autopilot/db/axi2stream.pp.0.cpp:5972:2: warning: Added loop label VITIS_LOOP_94_1:   [xilinx-label-all-loops]
 for (int i=0; i<(256/8); i++)
 ^~~
 VITIS_LOOP_94_1: 
/home/juchanlee/Vitis-Tutorials/Hardware_Acceleration/Feature_Tutorials/05-using-multiple-cu/reference-files/_x/Filter2DKernel.hw_emu/Filter2DKernel/Filter2DKernel/solution/.autopilot/db/axi2stream.pp.0.cpp:5972:2: note: FIX-IT applied suggested code changes
