In file included from /home/juchanlee/Vitis-Tutorials/Hardware_Acceleration/Feature_Tutorials/05-using-multiple-cu/reference-files/src/kernel/filter2d.cpp:6:
In file included from /home/juchanlee/Vitis-Tutorials/Hardware_Acceleration/Feature_Tutorials/05-using-multiple-cu/reference-files/src/kernel/filter2d.h:17:
In file included from /home/juchanlee/Vitis-Tutorials/Hardware_Acceleration/Feature_Tutorials/05-using-multiple-cu/reference-files/src/kernel/axi2stream.h:9:
In file included from /opt/Xilinx/Vitis_HLS/2022.2/common/technology/autopilot/ap_int.h:12:
/opt/Xilinx/Vitis_HLS/2022.2/common/technology/autopilot/ap_int_ref.h:678:9: warning: HLS pragma dump _XLX_SEP_ PragmaIsValid=1_XLX_SEP_ PragmaType=unroll_XLX_SEP_ PragmaContext=_XLX_SEP_ PragmaFunction=and_reduce_XLX_SEP_ PragmaOptions=_XLX_SEP_ [-Wdump-hls-pragmas]
#pragma HLS unroll
        ^
/opt/Xilinx/Vitis_HLS/2022.2/common/technology/autopilot/ap_int_ref.h:692:9: warning: HLS pragma dump _XLX_SEP_ PragmaIsValid=1_XLX_SEP_ PragmaType=unroll_XLX_SEP_ PragmaContext=_XLX_SEP_ PragmaFunction=or_reduce_XLX_SEP_ PragmaOptions=_XLX_SEP_ [-Wdump-hls-pragmas]
#pragma HLS unroll
        ^
/opt/Xilinx/Vitis_HLS/2022.2/common/technology/autopilot/ap_int_ref.h:706:9: warning: HLS pragma dump _XLX_SEP_ PragmaIsValid=1_XLX_SEP_ PragmaType=unroll_XLX_SEP_ PragmaContext=_XLX_SEP_ PragmaFunction=xor_reduce_XLX_SEP_ PragmaOptions=_XLX_SEP_ [-Wdump-hls-pragmas]
#pragma HLS unroll
        ^
In file included from /home/juchanlee/Vitis-Tutorials/Hardware_Acceleration/Feature_Tutorials/05-using-multiple-cu/reference-files/src/kernel/filter2d.cpp:7:
In file included from /home/juchanlee/Vitis-Tutorials/Hardware_Acceleration/Feature_Tutorials/05-using-multiple-cu/reference-files/src/kernel/window_2d.h:11:
/home/juchanlee/Vitis-Tutorials/Hardware_Acceleration/Feature_Tutorials/05-using-multiple-cu/reference-files/src/kernel/hls_video_mem.h:31:9: warning: HLS pragma dump _XLX_SEP_ PragmaIsValid=1_XLX_SEP_ PragmaType=array_partition_XLX_SEP_ PragmaContext=_XLX_SEP_ PragmaFunction=Window<ROWS, COLS, T>_XLX_SEP_ PragmaOptions=variable=val dim=1 complete_XLX_SEP_ [-Wdump-hls-pragmas]
#pragma HLS ARRAY_PARTITION variable=val dim=1 complete
        ^
/home/juchanlee/Vitis-Tutorials/Hardware_Acceleration/Feature_Tutorials/05-using-multiple-cu/reference-files/src/kernel/hls_video_mem.h:32:9: warning: HLS pragma dump _XLX_SEP_ PragmaIsValid=1_XLX_SEP_ PragmaType=array_partition_XLX_SEP_ PragmaContext=_XLX_SEP_ PragmaFunction=Window<ROWS, COLS, T>_XLX_SEP_ PragmaOptions=variable=val dim=2 complete_XLX_SEP_ [-Wdump-hls-pragmas]
#pragma HLS ARRAY_PARTITION variable=val dim=2 complete
        ^
/home/juchanlee/Vitis-Tutorials/Hardware_Acceleration/Feature_Tutorials/05-using-multiple-cu/reference-files/src/kernel/hls_video_mem.h:93:9: warning: HLS pragma dump _XLX_SEP_ PragmaIsValid=1_XLX_SEP_ PragmaType=inline_XLX_SEP_ PragmaContext=_XLX_SEP_ PragmaFunction=shift_pixels_left_XLX_SEP_ PragmaOptions=_XLX_SEP_ [-Wdump-hls-pragmas]
#pragma HLS inline
        ^
/home/juchanlee/Vitis-Tutorials/Hardware_Acceleration/Feature_Tutorials/05-using-multiple-cu/reference-files/src/kernel/hls_video_mem.h:103:9: warning: HLS pragma dump _XLX_SEP_ PragmaIsValid=1_XLX_SEP_ PragmaType=unroll_XLX_SEP_ PragmaContext=_XLX_SEP_ PragmaFunction=shift_pixels_left_XLX_SEP_ PragmaOptions=_XLX_SEP_ [-Wdump-hls-pragmas]
#pragma HLS unroll
        ^
/home/juchanlee/Vitis-Tutorials/Hardware_Acceleration/Feature_Tutorials/05-using-multiple-cu/reference-files/src/kernel/hls_video_mem.h:105:9: warning: HLS pragma dump _XLX_SEP_ PragmaIsValid=1_XLX_SEP_ PragmaType=unroll_XLX_SEP_ PragmaContext=_XLX_SEP_ PragmaFunction=shift_pixels_left_XLX_SEP_ PragmaOptions=_XLX_SEP_ [-Wdump-hls-pragmas]
#pragma HLS unroll
        ^
/home/juchanlee/Vitis-Tutorials/Hardware_Acceleration/Feature_Tutorials/05-using-multiple-cu/reference-files/src/kernel/hls_video_mem.h:131:9: warning: HLS pragma dump _XLX_SEP_ PragmaIsValid=1_XLX_SEP_ PragmaType=inline_XLX_SEP_ PragmaContext=_XLX_SEP_ PragmaFunction=shift_pixels_right_XLX_SEP_ PragmaOptions=_XLX_SEP_ [-Wdump-hls-pragmas]
#pragma HLS inline
        ^
/home/juchanlee/Vitis-Tutorials/Hardware_Acceleration/Feature_Tutorials/05-using-multiple-cu/reference-files/src/kernel/hls_video_mem.h:141:9: warning: HLS pragma dump _XLX_SEP_ PragmaIsValid=1_XLX_SEP_ PragmaType=unroll_XLX_SEP_ PragmaContext=_XLX_SEP_ PragmaFunction=shift_pixels_right_XLX_SEP_ PragmaOptions=_XLX_SEP_ [-Wdump-hls-pragmas]
#pragma HLS unroll
        ^
/home/juchanlee/Vitis-Tutorials/Hardware_Acceleration/Feature_Tutorials/05-using-multiple-cu/reference-files/src/kernel/hls_video_mem.h:143:9: warning: HLS pragma dump _XLX_SEP_ PragmaIsValid=1_XLX_SEP_ PragmaType=unroll_XLX_SEP_ PragmaContext=_XLX_SEP_ PragmaFunction=shift_pixels_right_XLX_SEP_ PragmaOptions=_XLX_SEP_ [-Wdump-hls-pragmas]
#pragma HLS unroll
        ^
/home/juchanlee/Vitis-Tutorials/Hardware_Acceleration/Feature_Tutorials/05-using-multiple-cu/reference-files/src/kernel/hls_video_mem.h:169:9: warning: HLS pragma dump _XLX_SEP_ PragmaIsValid=1_XLX_SEP_ PragmaType=inline_XLX_SEP_ PragmaContext=_XLX_SEP_ PragmaFunction=shift_pixels_up_XLX_SEP_ PragmaOptions=_XLX_SEP_ [-Wdump-hls-pragmas]
#pragma HLS inline
        ^
/home/juchanlee/Vitis-Tutorials/Hardware_Acceleration/Feature_Tutorials/05-using-multiple-cu/reference-files/src/kernel/hls_video_mem.h:179:9: warning: HLS pragma dump _XLX_SEP_ PragmaIsValid=1_XLX_SEP_ PragmaType=unroll_XLX_SEP_ PragmaContext=_XLX_SEP_ PragmaFunction=shift_pixels_up_XLX_SEP_ PragmaOptions=_XLX_SEP_ [-Wdump-hls-pragmas]
#pragma HLS unroll
        ^
/home/juchanlee/Vitis-Tutorials/Hardware_Acceleration/Feature_Tutorials/05-using-multiple-cu/reference-files/src/kernel/hls_video_mem.h:181:9: warning: HLS pragma dump _XLX_SEP_ PragmaIsValid=1_XLX_SEP_ PragmaType=unroll_XLX_SEP_ PragmaContext=_XLX_SEP_ PragmaFunction=shift_pixels_up_XLX_SEP_ PragmaOptions=_XLX_SEP_ [-Wdump-hls-pragmas]
#pragma HLS unroll
        ^
/home/juchanlee/Vitis-Tutorials/Hardware_Acceleration/Feature_Tutorials/05-using-multiple-cu/reference-files/src/kernel/hls_video_mem.h:207:9: warning: HLS pragma dump _XLX_SEP_ PragmaIsValid=1_XLX_SEP_ PragmaType=inline_XLX_SEP_ PragmaContext=_XLX_SEP_ PragmaFunction=shift_pixels_down_XLX_SEP_ PragmaOptions=_XLX_SEP_ [-Wdump-hls-pragmas]
#pragma HLS inline
        ^
/home/juchanlee/Vitis-Tutorials/Hardware_Acceleration/Feature_Tutorials/05-using-multiple-cu/reference-files/src/kernel/hls_video_mem.h:217:9: warning: HLS pragma dump _XLX_SEP_ PragmaIsValid=1_XLX_SEP_ PragmaType=unroll_XLX_SEP_ PragmaContext=_XLX_SEP_ PragmaFunction=shift_pixels_down_XLX_SEP_ PragmaOptions=_XLX_SEP_ [-Wdump-hls-pragmas]
#pragma HLS unroll
        ^
/home/juchanlee/Vitis-Tutorials/Hardware_Acceleration/Feature_Tutorials/05-using-multiple-cu/reference-files/src/kernel/hls_video_mem.h:219:9: warning: HLS pragma dump _XLX_SEP_ PragmaIsValid=1_XLX_SEP_ PragmaType=unroll_XLX_SEP_ PragmaContext=_XLX_SEP_ PragmaFunction=shift_pixels_down_XLX_SEP_ PragmaOptions=_XLX_SEP_ [-Wdump-hls-pragmas]
#pragma HLS unroll
        ^
/home/juchanlee/Vitis-Tutorials/Hardware_Acceleration/Feature_Tutorials/05-using-multiple-cu/reference-files/src/kernel/hls_video_mem.h:244:9: warning: HLS pragma dump _XLX_SEP_ PragmaIsValid=1_XLX_SEP_ PragmaType=inline_XLX_SEP_ PragmaContext=_XLX_SEP_ PragmaFunction=insert_pixel_XLX_SEP_ PragmaOptions=_XLX_SEP_ [-Wdump-hls-pragmas]
#pragma HLS inline
        ^
/home/juchanlee/Vitis-Tutorials/Hardware_Acceleration/Feature_Tutorials/05-using-multiple-cu/reference-files/src/kernel/hls_video_mem.h:276:9: warning: HLS pragma dump _XLX_SEP_ PragmaIsValid=1_XLX_SEP_ PragmaType=inline_XLX_SEP_ PragmaContext=_XLX_SEP_ PragmaFunction=insert_row_XLX_SEP_ PragmaOptions=_XLX_SEP_ [-Wdump-hls-pragmas]
#pragma HLS inline
        ^
/home/juchanlee/Vitis-Tutorials/Hardware_Acceleration/Feature_Tutorials/05-using-multiple-cu/reference-files/src/kernel/hls_video_mem.h:286:9: warning: HLS pragma dump _XLX_SEP_ PragmaIsValid=1_XLX_SEP_ PragmaType=unroll_XLX_SEP_ PragmaContext=_XLX_SEP_ PragmaFunction=insert_row_XLX_SEP_ PragmaOptions=_XLX_SEP_ [-Wdump-hls-pragmas]
#pragma HLS unroll
        ^
/home/juchanlee/Vitis-Tutorials/Hardware_Acceleration/Feature_Tutorials/05-using-multiple-cu/reference-files/src/kernel/hls_video_mem.h:311:9: warning: HLS pragma dump _XLX_SEP_ PragmaIsValid=1_XLX_SEP_ PragmaType=inline_XLX_SEP_ PragmaContext=_XLX_SEP_ PragmaFunction=insert_top_row_XLX_SEP_ PragmaOptions=_XLX_SEP_ [-Wdump-hls-pragmas]
#pragma HLS inline
        ^
/home/juchanlee/Vitis-Tutorials/Hardware_Acceleration/Feature_Tutorials/05-using-multiple-cu/reference-files/src/kernel/hls_video_mem.h:342:9: warning: HLS pragma dump _XLX_SEP_ PragmaIsValid=1_XLX_SEP_ PragmaType=inline_XLX_SEP_ PragmaContext=_XLX_SEP_ PragmaFunction=insert_bottom_row_XLX_SEP_ PragmaOptions=_XLX_SEP_ [-Wdump-hls-pragmas]
#pragma HLS inline
        ^
/home/juchanlee/Vitis-Tutorials/Hardware_Acceleration/Feature_Tutorials/05-using-multiple-cu/reference-files/src/kernel/hls_video_mem.h:373:9: warning: HLS pragma dump _XLX_SEP_ PragmaIsValid=1_XLX_SEP_ PragmaType=inline_XLX_SEP_ PragmaContext=_XLX_SEP_ PragmaFunction=insert_col_XLX_SEP_ PragmaOptions=_XLX_SEP_ [-Wdump-hls-pragmas]
#pragma HLS inline
        ^
/home/juchanlee/Vitis-Tutorials/Hardware_Acceleration/Feature_Tutorials/05-using-multiple-cu/reference-files/src/kernel/hls_video_mem.h:383:9: warning: HLS pragma dump _XLX_SEP_ PragmaIsValid=1_XLX_SEP_ PragmaType=unroll_XLX_SEP_ PragmaContext=_XLX_SEP_ PragmaFunction=insert_col_XLX_SEP_ PragmaOptions=_XLX_SEP_ [-Wdump-hls-pragmas]
#pragma HLS unroll
        ^
/home/juchanlee/Vitis-Tutorials/Hardware_Acceleration/Feature_Tutorials/05-using-multiple-cu/reference-files/src/kernel/hls_video_mem.h:408:9: warning: HLS pragma dump _XLX_SEP_ PragmaIsValid=1_XLX_SEP_ PragmaType=inline_XLX_SEP_ PragmaContext=_XLX_SEP_ PragmaFunction=insert_left_col_XLX_SEP_ PragmaOptions=_XLX_SEP_ [-Wdump-hls-pragmas]
#pragma HLS inline
        ^
/home/juchanlee/Vitis-Tutorials/Hardware_Acceleration/Feature_Tutorials/05-using-multiple-cu/reference-files/src/kernel/hls_video_mem.h:439:9: warning: HLS pragma dump _XLX_SEP_ PragmaIsValid=1_XLX_SEP_ PragmaType=inline_XLX_SEP_ PragmaContext=_XLX_SEP_ PragmaFunction=insert_right_col_XLX_SEP_ PragmaOptions=_XLX_SEP_ [-Wdump-hls-pragmas]
#pragma HLS inline
        ^
/home/juchanlee/Vitis-Tutorials/Hardware_Acceleration/Feature_Tutorials/05-using-multiple-cu/reference-files/src/kernel/hls_video_mem.h:470:9: warning: HLS pragma dump _XLX_SEP_ PragmaIsValid=1_XLX_SEP_ PragmaType=inline_XLX_SEP_ PragmaContext=_XLX_SEP_ PragmaFunction=getval_XLX_SEP_ PragmaOptions=_XLX_SEP_ [-Wdump-hls-pragmas]
#pragma HLS inline
        ^
/home/juchanlee/Vitis-Tutorials/Hardware_Acceleration/Feature_Tutorials/05-using-multiple-cu/reference-files/src/kernel/hls_video_mem.h:479:9: warning: HLS pragma dump _XLX_SEP_ PragmaIsValid=1_XLX_SEP_ PragmaType=inline_XLX_SEP_ PragmaContext=_XLX_SEP_ PragmaFunction=operator()_XLX_SEP_ PragmaOptions=_XLX_SEP_ [-Wdump-hls-pragmas]
#pragma HLS inline
        ^
/home/juchanlee/Vitis-Tutorials/Hardware_Acceleration/Feature_Tutorials/05-using-multiple-cu/reference-files/src/kernel/hls_video_mem.h:511:9: warning: HLS pragma dump _XLX_SEP_ PragmaIsValid=1_XLX_SEP_ PragmaType=inline_XLX_SEP_ PragmaContext=_XLX_SEP_ PragmaFunction=shift_left_XLX_SEP_ PragmaOptions=_XLX_SEP_ [-Wdump-hls-pragmas]
#pragma HLS inline
        ^
/home/juchanlee/Vitis-Tutorials/Hardware_Acceleration/Feature_Tutorials/05-using-multiple-cu/reference-files/src/kernel/hls_video_mem.h:521:9: warning: HLS pragma dump _XLX_SEP_ PragmaIsValid=1_XLX_SEP_ PragmaType=inline_XLX_SEP_ PragmaContext=_XLX_SEP_ PragmaFunction=shift_right_XLX_SEP_ PragmaOptions=_XLX_SEP_ [-Wdump-hls-pragmas]
#pragma HLS inline
        ^
/home/juchanlee/Vitis-Tutorials/Hardware_Acceleration/Feature_Tutorials/05-using-multiple-cu/reference-files/src/kernel/hls_video_mem.h:531:9: warning: HLS pragma dump _XLX_SEP_ PragmaIsValid=1_XLX_SEP_ PragmaType=inline_XLX_SEP_ PragmaContext=_XLX_SEP_ PragmaFunction=shift_up_XLX_SEP_ PragmaOptions=_XLX_SEP_ [-Wdump-hls-pragmas]
#pragma HLS inline
        ^
/home/juchanlee/Vitis-Tutorials/Hardware_Acceleration/Feature_Tutorials/05-using-multiple-cu/reference-files/src/kernel/hls_video_mem.h:541:9: warning: HLS pragma dump _XLX_SEP_ PragmaIsValid=1_XLX_SEP_ PragmaType=inline_XLX_SEP_ PragmaContext=_XLX_SEP_ PragmaFunction=shift_down_XLX_SEP_ PragmaOptions=_XLX_SEP_ [-Wdump-hls-pragmas]
#pragma HLS inline
        ^
/home/juchanlee/Vitis-Tutorials/Hardware_Acceleration/Feature_Tutorials/05-using-multiple-cu/reference-files/src/kernel/hls_video_mem.h:551:9: warning: HLS pragma dump _XLX_SEP_ PragmaIsValid=1_XLX_SEP_ PragmaType=inline_XLX_SEP_ PragmaContext=_XLX_SEP_ PragmaFunction=insert_XLX_SEP_ PragmaOptions=_XLX_SEP_ [-Wdump-hls-pragmas]
#pragma HLS inline
        ^
/home/juchanlee/Vitis-Tutorials/Hardware_Acceleration/Feature_Tutorials/05-using-multiple-cu/reference-files/src/kernel/hls_video_mem.h:561:9: warning: HLS pragma dump _XLX_SEP_ PragmaIsValid=1_XLX_SEP_ PragmaType=inline_XLX_SEP_ PragmaContext=_XLX_SEP_ PragmaFunction=insert_top_XLX_SEP_ PragmaOptions=_XLX_SEP_ [-Wdump-hls-pragmas]
#pragma HLS inline
        ^
/home/juchanlee/Vitis-Tutorials/Hardware_Acceleration/Feature_Tutorials/05-using-multiple-cu/reference-files/src/kernel/hls_video_mem.h:571:9: warning: HLS pragma dump _XLX_SEP_ PragmaIsValid=1_XLX_SEP_ PragmaType=inline_XLX_SEP_ PragmaContext=_XLX_SEP_ PragmaFunction=insert_bottom_XLX_SEP_ PragmaOptions=_XLX_SEP_ [-Wdump-hls-pragmas]
#pragma HLS inline
        ^
/home/juchanlee/Vitis-Tutorials/Hardware_Acceleration/Feature_Tutorials/05-using-multiple-cu/reference-files/src/kernel/hls_video_mem.h:581:9: warning: HLS pragma dump _XLX_SEP_ PragmaIsValid=1_XLX_SEP_ PragmaType=inline_XLX_SEP_ PragmaContext=_XLX_SEP_ PragmaFunction=insert_left_XLX_SEP_ PragmaOptions=_XLX_SEP_ [-Wdump-hls-pragmas]
#pragma HLS inline
        ^
/home/juchanlee/Vitis-Tutorials/Hardware_Acceleration/Feature_Tutorials/05-using-multiple-cu/reference-files/src/kernel/hls_video_mem.h:591:9: warning: HLS pragma dump _XLX_SEP_ PragmaIsValid=1_XLX_SEP_ PragmaType=inline_XLX_SEP_ PragmaContext=_XLX_SEP_ PragmaFunction=insert_right_XLX_SEP_ PragmaOptions=_XLX_SEP_ [-Wdump-hls-pragmas]
#pragma HLS inline
        ^
/home/juchanlee/Vitis-Tutorials/Hardware_Acceleration/Feature_Tutorials/05-using-multiple-cu/reference-files/src/kernel/hls_video_mem.h:603:9: warning: HLS pragma dump _XLX_SEP_ PragmaIsValid=1_XLX_SEP_ PragmaType=array_partition_XLX_SEP_ PragmaContext=_XLX_SEP_ PragmaFunction=LineBuffer<ROWS, COLS, type-parameter-0-2, 0>_XLX_SEP_ PragmaOptions=variable=val dim=1 complete_XLX_SEP_ [-Wdump-hls-pragmas]
#pragma HLS array_partition variable=val dim=1 complete
        ^
/home/juchanlee/Vitis-Tutorials/Hardware_Acceleration/Feature_Tutorials/05-using-multiple-cu/reference-files/src/kernel/hls_video_mem.h:604:9: warning: HLS pragma dump _XLX_SEP_ PragmaIsValid=1_XLX_SEP_ PragmaType=dependence_XLX_SEP_ PragmaContext=_XLX_SEP_ PragmaFunction=LineBuffer<ROWS, COLS, type-parameter-0-2, 0>_XLX_SEP_ PragmaOptions=variable=val inter false_XLX_SEP_ [-Wdump-hls-pragmas]
#pragma HLS dependence variable=val inter false
        ^
/home/juchanlee/Vitis-Tutorials/Hardware_Acceleration/Feature_Tutorials/05-using-multiple-cu/reference-files/src/kernel/hls_video_mem.h:605:9: warning: HLS pragma dump _XLX_SEP_ PragmaIsValid=1_XLX_SEP_ PragmaType=dependence_XLX_SEP_ PragmaContext=_XLX_SEP_ PragmaFunction=LineBuffer<ROWS, COLS, type-parameter-0-2, 0>_XLX_SEP_ PragmaOptions=variable=val intra false_XLX_SEP_ [-Wdump-hls-pragmas]
#pragma HLS dependence variable=val intra false
        ^
/home/juchanlee/Vitis-Tutorials/Hardware_Acceleration/Feature_Tutorials/05-using-multiple-cu/reference-files/src/kernel/hls_video_mem.h:656:9: warning: HLS pragma dump _XLX_SEP_ PragmaIsValid=1_XLX_SEP_ PragmaType=inline_XLX_SEP_ PragmaContext=_XLX_SEP_ PragmaFunction=shift_pixels_down_XLX_SEP_ PragmaOptions=_XLX_SEP_ [-Wdump-hls-pragmas]
#pragma HLS inline
        ^
/home/juchanlee/Vitis-Tutorials/Hardware_Acceleration/Feature_Tutorials/05-using-multiple-cu/reference-files/src/kernel/hls_video_mem.h:667:9: warning: HLS pragma dump _XLX_SEP_ PragmaIsValid=1_XLX_SEP_ PragmaType=unroll_XLX_SEP_ PragmaContext=_XLX_SEP_ PragmaFunction=shift_pixels_down_XLX_SEP_ PragmaOptions=_XLX_SEP_ [-Wdump-hls-pragmas]
#pragma HLS unroll
        ^
/home/juchanlee/Vitis-Tutorials/Hardware_Acceleration/Feature_Tutorials/05-using-multiple-cu/reference-files/src/kernel/hls_video_mem.h:696:9: warning: HLS pragma dump _XLX_SEP_ PragmaIsValid=1_XLX_SEP_ PragmaType=inline_XLX_SEP_ PragmaContext=_XLX_SEP_ PragmaFunction=shift_pixels_up_XLX_SEP_ PragmaOptions=_XLX_SEP_ [-Wdump-hls-pragmas]
#pragma HLS inline
        ^
/home/juchanlee/Vitis-Tutorials/Hardware_Acceleration/Feature_Tutorials/05-using-multiple-cu/reference-files/src/kernel/hls_video_mem.h:707:9: warning: HLS pragma dump _XLX_SEP_ PragmaIsValid=1_XLX_SEP_ PragmaType=unroll_XLX_SEP_ PragmaContext=_XLX_SEP_ PragmaFunction=shift_pixels_up_XLX_SEP_ PragmaOptions=_XLX_SEP_ [-Wdump-hls-pragmas]
#pragma HLS unroll
        ^
/home/juchanlee/Vitis-Tutorials/Hardware_Acceleration/Feature_Tutorials/05-using-multiple-cu/reference-files/src/kernel/hls_video_mem.h:735:9: warning: HLS pragma dump _XLX_SEP_ PragmaIsValid=1_XLX_SEP_ PragmaType=inline_XLX_SEP_ PragmaContext=_XLX_SEP_ PragmaFunction=insert_bottom_row_XLX_SEP_ PragmaOptions=_XLX_SEP_ [-Wdump-hls-pragmas]
#pragma HLS inline
        ^
/home/juchanlee/Vitis-Tutorials/Hardware_Acceleration/Feature_Tutorials/05-using-multiple-cu/reference-files/src/kernel/hls_video_mem.h:767:9: warning: HLS pragma dump _XLX_SEP_ PragmaIsValid=1_XLX_SEP_ PragmaType=inline_XLX_SEP_ PragmaContext=_XLX_SEP_ PragmaFunction=insert_top_row_XLX_SEP_ PragmaOptions=_XLX_SEP_ [-Wdump-hls-pragmas]
#pragma HLS inline
        ^
/home/juchanlee/Vitis-Tutorials/Hardware_Acceleration/Feature_Tutorials/05-using-multiple-cu/reference-files/src/kernel/hls_video_mem.h:799:9: warning: HLS pragma dump _XLX_SEP_ PragmaIsValid=1_XLX_SEP_ PragmaType=inline_XLX_SEP_ PragmaContext=_XLX_SEP_ PragmaFunction=get_col_XLX_SEP_ PragmaOptions=_XLX_SEP_ [-Wdump-hls-pragmas]
#pragma HLS inline
        ^
/home/juchanlee/Vitis-Tutorials/Hardware_Acceleration/Feature_Tutorials/05-using-multiple-cu/reference-files/src/kernel/hls_video_mem.h:803:9: warning: HLS pragma dump _XLX_SEP_ PragmaIsValid=1_XLX_SEP_ PragmaType=unroll_XLX_SEP_ PragmaContext=_XLX_SEP_ PragmaFunction=get_col_XLX_SEP_ PragmaOptions=_XLX_SEP_ [-Wdump-hls-pragmas]
#pragma HLS unroll
        ^
/home/juchanlee/Vitis-Tutorials/Hardware_Acceleration/Feature_Tutorials/05-using-multiple-cu/reference-files/src/kernel/hls_video_mem.h:812:9: warning: HLS pragma dump _XLX_SEP_ PragmaIsValid=1_XLX_SEP_ PragmaType=inline_XLX_SEP_ PragmaContext=_XLX_SEP_ PragmaFunction=getval_XLX_SEP_ PragmaOptions=_XLX_SEP_ [-Wdump-hls-pragmas]
#pragma HLS inline
        ^
/home/juchanlee/Vitis-Tutorials/Hardware_Acceleration/Feature_Tutorials/05-using-multiple-cu/reference-files/src/kernel/hls_video_mem.h:821:9: warning: HLS pragma dump _XLX_SEP_ PragmaIsValid=1_XLX_SEP_ PragmaType=inline_XLX_SEP_ PragmaContext=_XLX_SEP_ PragmaFunction=operator()_XLX_SEP_ PragmaOptions=_XLX_SEP_ [-Wdump-hls-pragmas]
#pragma HLS inline
        ^
/home/juchanlee/Vitis-Tutorials/Hardware_Acceleration/Feature_Tutorials/05-using-multiple-cu/reference-files/src/kernel/hls_video_mem.h:831:9: warning: HLS pragma dump _XLX_SEP_ PragmaIsValid=1_XLX_SEP_ PragmaType=inline_XLX_SEP_ PragmaContext=_XLX_SEP_ PragmaFunction=shift_down_XLX_SEP_ PragmaOptions=_XLX_SEP_ [-Wdump-hls-pragmas]
#pragma HLS inline
        ^
/home/juchanlee/Vitis-Tutorials/Hardware_Acceleration/Feature_Tutorials/05-using-multiple-cu/reference-files/src/kernel/hls_video_mem.h:841:9: warning: HLS pragma dump _XLX_SEP_ PragmaIsValid=1_XLX_SEP_ PragmaType=inline_XLX_SEP_ PragmaContext=_XLX_SEP_ PragmaFunction=shift_up_XLX_SEP_ PragmaOptions=_XLX_SEP_ [-Wdump-hls-pragmas]
#pragma HLS inline
        ^
/home/juchanlee/Vitis-Tutorials/Hardware_Acceleration/Feature_Tutorials/05-using-multiple-cu/reference-files/src/kernel/hls_video_mem.h:851:9: warning: HLS pragma dump _XLX_SEP_ PragmaIsValid=1_XLX_SEP_ PragmaType=inline_XLX_SEP_ PragmaContext=_XLX_SEP_ PragmaFunction=insert_bottom_XLX_SEP_ PragmaOptions=_XLX_SEP_ [-Wdump-hls-pragmas]
#pragma HLS inline
        ^
/home/juchanlee/Vitis-Tutorials/Hardware_Acceleration/Feature_Tutorials/05-using-multiple-cu/reference-files/src/kernel/hls_video_mem.h:861:9: warning: HLS pragma dump _XLX_SEP_ PragmaIsValid=1_XLX_SEP_ PragmaType=inline_XLX_SEP_ PragmaContext=_XLX_SEP_ PragmaFunction=insert_top_XLX_SEP_ PragmaOptions=_XLX_SEP_ [-Wdump-hls-pragmas]
#pragma HLS inline
        ^
/home/juchanlee/Vitis-Tutorials/Hardware_Acceleration/Feature_Tutorials/05-using-multiple-cu/reference-files/src/kernel/hls_video_mem.h:890:9: warning: HLS pragma dump _XLX_SEP_ PragmaIsValid=1_XLX_SEP_ PragmaType=array_reshape_XLX_SEP_ PragmaContext=_XLX_SEP_ PragmaFunction=LineBuffer<ROWS, COLS, type-parameter-0-2, 1>_XLX_SEP_ PragmaOptions=variable=val dim=1_XLX_SEP_ [-Wdump-hls-pragmas]
#pragma HLS array_reshape variable=val dim=1
        ^
/home/juchanlee/Vitis-Tutorials/Hardware_Acceleration/Feature_Tutorials/05-using-multiple-cu/reference-files/src/kernel/hls_video_mem.h:891:9: warning: HLS pragma dump _XLX_SEP_ PragmaIsValid=1_XLX_SEP_ PragmaType=dependence_XLX_SEP_ PragmaContext=_XLX_SEP_ PragmaFunction=LineBuffer<ROWS, COLS, type-parameter-0-2, 1>_XLX_SEP_ PragmaOptions=variable=val inter false_XLX_SEP_ [-Wdump-hls-pragmas]
#pragma HLS dependence variable=val inter false
        ^
/home/juchanlee/Vitis-Tutorials/Hardware_Acceleration/Feature_Tutorials/05-using-multiple-cu/reference-files/src/kernel/hls_video_mem.h:892:9: warning: HLS pragma dump _XLX_SEP_ PragmaIsValid=1_XLX_SEP_ PragmaType=dependence_XLX_SEP_ PragmaContext=_XLX_SEP_ PragmaFunction=LineBuffer<ROWS, COLS, type-parameter-0-2, 1>_XLX_SEP_ PragmaOptions=variable=val intra false_XLX_SEP_ [-Wdump-hls-pragmas]
#pragma HLS dependence variable=val intra false
        ^
/home/juchanlee/Vitis-Tutorials/Hardware_Acceleration/Feature_Tutorials/05-using-multiple-cu/reference-files/src/kernel/hls_video_mem.h:944:9: warning: HLS pragma dump _XLX_SEP_ PragmaIsValid=1_XLX_SEP_ PragmaType=inline_XLX_SEP_ PragmaContext=_XLX_SEP_ PragmaFunction=shift_pixels_down_XLX_SEP_ PragmaOptions=_XLX_SEP_ [-Wdump-hls-pragmas]
#pragma HLS inline
        ^
/home/juchanlee/Vitis-Tutorials/Hardware_Acceleration/Feature_Tutorials/05-using-multiple-cu/reference-files/src/kernel/hls_video_mem.h:955:9: warning: HLS pragma dump _XLX_SEP_ PragmaIsValid=1_XLX_SEP_ PragmaType=unroll_XLX_SEP_ PragmaContext=_XLX_SEP_ PragmaFunction=shift_pixels_down_XLX_SEP_ PragmaOptions=_XLX_SEP_ [-Wdump-hls-pragmas]
#pragma HLS unroll
        ^
/home/juchanlee/Vitis-Tutorials/Hardware_Acceleration/Feature_Tutorials/05-using-multiple-cu/reference-files/src/kernel/hls_video_mem.h:984:9: warning: HLS pragma dump _XLX_SEP_ PragmaIsValid=1_XLX_SEP_ PragmaType=inline_XLX_SEP_ PragmaContext=_XLX_SEP_ PragmaFunction=shift_pixels_up_XLX_SEP_ PragmaOptions=_XLX_SEP_ [-Wdump-hls-pragmas]
#pragma HLS inline
        ^
/home/juchanlee/Vitis-Tutorials/Hardware_Acceleration/Feature_Tutorials/05-using-multiple-cu/reference-files/src/kernel/hls_video_mem.h:995:9: warning: HLS pragma dump _XLX_SEP_ PragmaIsValid=1_XLX_SEP_ PragmaType=unroll_XLX_SEP_ PragmaContext=_XLX_SEP_ PragmaFunction=shift_pixels_up_XLX_SEP_ PragmaOptions=_XLX_SEP_ [-Wdump-hls-pragmas]
#pragma HLS unroll
        ^
/home/juchanlee/Vitis-Tutorials/Hardware_Acceleration/Feature_Tutorials/05-using-multiple-cu/reference-files/src/kernel/hls_video_mem.h:1023:9: warning: HLS pragma dump _XLX_SEP_ PragmaIsValid=1_XLX_SEP_ PragmaType=inline_XLX_SEP_ PragmaContext=_XLX_SEP_ PragmaFunction=insert_bottom_row_XLX_SEP_ PragmaOptions=_XLX_SEP_ [-Wdump-hls-pragmas]
#pragma HLS inline
        ^
/home/juchanlee/Vitis-Tutorials/Hardware_Acceleration/Feature_Tutorials/05-using-multiple-cu/reference-files/src/kernel/hls_video_mem.h:1055:9: warning: HLS pragma dump _XLX_SEP_ PragmaIsValid=1_XLX_SEP_ PragmaType=inline_XLX_SEP_ PragmaContext=_XLX_SEP_ PragmaFunction=insert_top_row_XLX_SEP_ PragmaOptions=_XLX_SEP_ [-Wdump-hls-pragmas]
#pragma HLS inline
        ^
/home/juchanlee/Vitis-Tutorials/Hardware_Acceleration/Feature_Tutorials/05-using-multiple-cu/reference-files/src/kernel/hls_video_mem.h:1087:9: warning: HLS pragma dump _XLX_SEP_ PragmaIsValid=1_XLX_SEP_ PragmaType=inline_XLX_SEP_ PragmaContext=_XLX_SEP_ PragmaFunction=get_col_XLX_SEP_ PragmaOptions=_XLX_SEP_ [-Wdump-hls-pragmas]
#pragma HLS inline
        ^
/home/juchanlee/Vitis-Tutorials/Hardware_Acceleration/Feature_Tutorials/05-using-multiple-cu/reference-files/src/kernel/hls_video_mem.h:1091:9: warning: HLS pragma dump _XLX_SEP_ PragmaIsValid=1_XLX_SEP_ PragmaType=unroll_XLX_SEP_ PragmaContext=_XLX_SEP_ PragmaFunction=get_col_XLX_SEP_ PragmaOptions=_XLX_SEP_ [-Wdump-hls-pragmas]
#pragma HLS unroll
        ^
/home/juchanlee/Vitis-Tutorials/Hardware_Acceleration/Feature_Tutorials/05-using-multiple-cu/reference-files/src/kernel/hls_video_mem.h:1100:9: warning: HLS pragma dump _XLX_SEP_ PragmaIsValid=1_XLX_SEP_ PragmaType=inline_XLX_SEP_ PragmaContext=_XLX_SEP_ PragmaFunction=getval_XLX_SEP_ PragmaOptions=_XLX_SEP_ [-Wdump-hls-pragmas]
#pragma HLS inline
        ^
/home/juchanlee/Vitis-Tutorials/Hardware_Acceleration/Feature_Tutorials/05-using-multiple-cu/reference-files/src/kernel/hls_video_mem.h:1109:9: warning: HLS pragma dump _XLX_SEP_ PragmaIsValid=1_XLX_SEP_ PragmaType=inline_XLX_SEP_ PragmaContext=_XLX_SEP_ PragmaFunction=operator()_XLX_SEP_ PragmaOptions=_XLX_SEP_ [-Wdump-hls-pragmas]
#pragma HLS inline
        ^
/home/juchanlee/Vitis-Tutorials/Hardware_Acceleration/Feature_Tutorials/05-using-multiple-cu/reference-files/src/kernel/hls_video_mem.h:1119:9: warning: HLS pragma dump _XLX_SEP_ PragmaIsValid=1_XLX_SEP_ PragmaType=inline_XLX_SEP_ PragmaContext=_XLX_SEP_ PragmaFunction=shift_down_XLX_SEP_ PragmaOptions=_XLX_SEP_ [-Wdump-hls-pragmas]
#pragma HLS inline
        ^
/home/juchanlee/Vitis-Tutorials/Hardware_Acceleration/Feature_Tutorials/05-using-multiple-cu/reference-files/src/kernel/hls_video_mem.h:1129:9: warning: HLS pragma dump _XLX_SEP_ PragmaIsValid=1_XLX_SEP_ PragmaType=inline_XLX_SEP_ PragmaContext=_XLX_SEP_ PragmaFunction=shift_up_XLX_SEP_ PragmaOptions=_XLX_SEP_ [-Wdump-hls-pragmas]
#pragma HLS inline
        ^
/home/juchanlee/Vitis-Tutorials/Hardware_Acceleration/Feature_Tutorials/05-using-multiple-cu/reference-files/src/kernel/hls_video_mem.h:1139:9: warning: HLS pragma dump _XLX_SEP_ PragmaIsValid=1_XLX_SEP_ PragmaType=inline_XLX_SEP_ PragmaContext=_XLX_SEP_ PragmaFunction=insert_bottom_XLX_SEP_ PragmaOptions=_XLX_SEP_ [-Wdump-hls-pragmas]
#pragma HLS inline
        ^
/home/juchanlee/Vitis-Tutorials/Hardware_Acceleration/Feature_Tutorials/05-using-multiple-cu/reference-files/src/kernel/hls_video_mem.h:1149:9: warning: HLS pragma dump _XLX_SEP_ PragmaIsValid=1_XLX_SEP_ PragmaType=inline_XLX_SEP_ PragmaContext=_XLX_SEP_ PragmaFunction=insert_top_XLX_SEP_ PragmaOptions=_XLX_SEP_ [-Wdump-hls-pragmas]
#pragma HLS inline
        ^
In file included from /home/juchanlee/Vitis-Tutorials/Hardware_Acceleration/Feature_Tutorials/05-using-multiple-cu/reference-files/src/kernel/filter2d.cpp:7:
/home/juchanlee/Vitis-Tutorials/Hardware_Acceleration/Feature_Tutorials/05-using-multiple-cu/reference-files/src/kernel/window_2d.h:31:9: warning: HLS pragma dump _XLX_SEP_ PragmaIsValid=1_XLX_SEP_ PragmaType=inline_XLX_SEP_ PragmaContext=_XLX_SEP_ PragmaFunction=next_XLX_SEP_ PragmaOptions=_XLX_SEP_ [-Wdump-hls-pragmas]
#pragma HLS inline
        ^
/home/juchanlee/Vitis-Tutorials/Hardware_Acceleration/Feature_Tutorials/05-using-multiple-cu/reference-files/src/kernel/window_2d.h:34:9: warning: HLS pragma dump _XLX_SEP_ PragmaIsValid=1_XLX_SEP_ PragmaType=array_partition_XLX_SEP_ PragmaContext=_XLX_SEP_ PragmaFunction=next_XLX_SEP_ PragmaOptions=variable=pixBuf complete dim=0_XLX_SEP_ [-Wdump-hls-pragmas]
#pragma HLS ARRAY_PARTITION variable=pixBuf complete dim=0
        ^
/home/juchanlee/Vitis-Tutorials/Hardware_Acceleration/Feature_Tutorials/05-using-multiple-cu/reference-files/src/kernel/window_2d.h:72:9: warning: HLS pragma dump _XLX_SEP_ PragmaIsValid=1_XLX_SEP_ PragmaType=inline_XLX_SEP_ PragmaContext=_XLX_SEP_ PragmaFunction=operator()_XLX_SEP_ PragmaOptions=_XLX_SEP_ [-Wdump-hls-pragmas]
#pragma HLS inline
        ^
/home/juchanlee/Vitis-Tutorials/Hardware_Acceleration/Feature_Tutorials/05-using-multiple-cu/reference-files/src/kernel/filter2d.cpp:25:9: warning: HLS pragma dump _XLX_SEP_ PragmaIsValid=1_XLX_SEP_ PragmaType=array_partition_XLX_SEP_ PragmaContext=_XLX_SEP_ PragmaFunction=Filter2D_XLX_SEP_ PragmaOptions=variable=coeffs complete dim=0_XLX_SEP_ [-Wdump-hls-pragmas]
#pragma HLS ARRAY_PARTITION variable=coeffs complete dim=0
        ^
/home/juchanlee/Vitis-Tutorials/Hardware_Acceleration/Feature_Tutorials/05-using-multiple-cu/reference-files/src/kernel/filter2d.cpp:34:9: warning: HLS pragma dump _XLX_SEP_ PragmaIsValid=1_XLX_SEP_ PragmaType=pipeline_XLX_SEP_ PragmaContext=_XLX_SEP_ PragmaFunction=Filter2D_XLX_SEP_ PragmaOptions=II=1_XLX_SEP_ [-Wdump-hls-pragmas]
#pragma HLS PIPELINE II=1
        ^
/home/juchanlee/Vitis-Tutorials/Hardware_Acceleration/Feature_Tutorials/05-using-multiple-cu/reference-files/_x/Filter2DKernel.hw_emu/Filter2DKernel/Filter2DKernel.tcl:28:9: warning: HLS pragma dump _XLX_SEP_ PragmaIsValid=1_XLX_SEP_ PragmaType=top_XLX_SEP_ PragmaContext=directive_XLX_SEP_ PragmaFunction=Filter2DKernel_XLX_SEP_ PragmaOptions=name=Filter2DKernel_XLX_SEP_ [-Wdump-hls-pragmas]
#pragma HLSDIRECTIVE TOP name=Filter2DKernel
        ^
/home/juchanlee/Vitis-Tutorials/Hardware_Acceleration/Feature_Tutorials/05-using-multiple-cu/reference-files/src/kernel/filter2d.cpp:71:9: warning: HLS pragma dump _XLX_SEP_ PragmaIsValid=1_XLX_SEP_ PragmaType=interface_XLX_SEP_ PragmaContext=_XLX_SEP_ PragmaFunction=Filter2DKernel_XLX_SEP_ PragmaOptions=m_axi port=src offset=slave bundle=gmem0_XLX_SEP_ [-Wdump-hls-pragmas]
#pragma HLS INTERFACE m_axi port=src offset=slave bundle=gmem0
        ^
/home/juchanlee/Vitis-Tutorials/Hardware_Acceleration/Feature_Tutorials/05-using-multiple-cu/reference-files/src/kernel/filter2d.cpp:72:9: warning: HLS pragma dump _XLX_SEP_ PragmaIsValid=1_XLX_SEP_ PragmaType=interface_XLX_SEP_ PragmaContext=_XLX_SEP_ PragmaFunction=Filter2DKernel_XLX_SEP_ PragmaOptions=m_axi port=coeffs offset=slave bundle=gmem1_XLX_SEP_ [-Wdump-hls-pragmas]
#pragma HLS INTERFACE m_axi port=coeffs offset=slave bundle=gmem1
        ^
/home/juchanlee/Vitis-Tutorials/Hardware_Acceleration/Feature_Tutorials/05-using-multiple-cu/reference-files/src/kernel/filter2d.cpp:73:9: warning: HLS pragma dump _XLX_SEP_ PragmaIsValid=1_XLX_SEP_ PragmaType=interface_XLX_SEP_ PragmaContext=_XLX_SEP_ PragmaFunction=Filter2DKernel_XLX_SEP_ PragmaOptions=m_axi port=dst offset=slave bundle=gmem1_XLX_SEP_ [-Wdump-hls-pragmas]
#pragma HLS INTERFACE m_axi port=dst offset=slave bundle=gmem1
        ^
/home/juchanlee/Vitis-Tutorials/Hardware_Acceleration/Feature_Tutorials/05-using-multiple-cu/reference-files/src/kernel/filter2d.cpp:83:9: warning: HLS pragma dump _XLX_SEP_ PragmaIsValid=1_XLX_SEP_ PragmaType=stream_XLX_SEP_ PragmaContext=_XLX_SEP_ PragmaFunction=Filter2DKernel_XLX_SEP_ PragmaOptions=variable=src_pixels depth=64_XLX_SEP_ [-Wdump-hls-pragmas]
#pragma HLS stream variable=src_pixels depth=64
        ^
/home/juchanlee/Vitis-Tutorials/Hardware_Acceleration/Feature_Tutorials/05-using-multiple-cu/reference-files/src/kernel/filter2d.cpp:84:9: warning: HLS pragma dump _XLX_SEP_ PragmaIsValid=1_XLX_SEP_ PragmaType=stream_XLX_SEP_ PragmaContext=_XLX_SEP_ PragmaFunction=Filter2DKernel_XLX_SEP_ PragmaOptions=variable=dst_pixels depth=64_XLX_SEP_ [-Wdump-hls-pragmas]
#pragma HLS stream variable=dst_pixels depth=64
        ^
/home/juchanlee/Vitis-Tutorials/Hardware_Acceleration/Feature_Tutorials/05-using-multiple-cu/reference-files/src/kernel/filter2d.cpp:87:9: warning: HLS pragma dump _XLX_SEP_ PragmaIsValid=1_XLX_SEP_ PragmaType=dataflow_XLX_SEP_ PragmaContext=_XLX_SEP_ PragmaFunction=Filter2DKernel_XLX_SEP_ PragmaOptions=_XLX_SEP_ [-Wdump-hls-pragmas]
#pragma HLS DATAFLOW
        ^
83 warnings generated.
