INFO: [v++ 60-1306] Additional information associated with this v++ link can be found at:
	Reports: /home/juchanlee/Vitis-Tutorials/Hardware_Acceleration/Feature_Tutorials/05-using-multiple-cu/reference-files/_x/reports/link
	Log files: /home/juchanlee/Vitis-Tutorials/Hardware_Acceleration/Feature_Tutorials/05-using-multiple-cu/reference-files/_x/logs/link
INFO: [v++ 60-1548] Creating build summary session with primary output /home/juchanlee/Vitis-Tutorials/Hardware_Acceleration/Feature_Tutorials/05-using-multiple-cu/reference-files/filter2d.hw_emu.xclbin.link_summary, at Mon Nov  4 21:38:14 2024
INFO: [v++ 60-1315] Creating rulecheck session with output '/home/juchanlee/Vitis-Tutorials/Hardware_Acceleration/Feature_Tutorials/05-using-multiple-cu/reference-files/_x/reports/link/v++_link_filter2d.hw_emu_guidance.html', at Mon Nov  4 21:38:14 2024
INFO: [v++ 60-895]   Target platform: /opt/xilinx/platforms/xilinx_u55c_gen3x16_xdma_3_202210_1/xilinx_u55c_gen3x16_xdma_3_202210_1.xpfm
INFO: [v++ 60-1578]   This platform contains Xilinx Shell Archive '/opt/xilinx/platforms/xilinx_u55c_gen3x16_xdma_3_202210_1/hw_emu/hw_emu.xsa'
INFO: [v++ 74-78] Compiler Version string: 2022.2
INFO: [v++ 60-629] Linking for hardware emulation target
INFO: [v++ 60-423]   Target device: xilinx_u55c_gen3x16_xdma_3_202210_1
INFO: [v++ 60-1332] Run 'run_link' status: Not started
INFO: [v++ 60-1443] [21:38:18] Run run_link: Step system_link: Started
INFO: [v++ 60-1453] Command Line: system_link --xo /home/juchanlee/Vitis-Tutorials/Hardware_Acceleration/Feature_Tutorials/05-using-multiple-cu/reference-files/Filter2DKernel.hw_emu.xo -keep --config /home/juchanlee/Vitis-Tutorials/Hardware_Acceleration/Feature_Tutorials/05-using-multiple-cu/reference-files/_x/link/int/syslinkConfig.ini --xpfm /opt/xilinx/platforms/xilinx_u55c_gen3x16_xdma_3_202210_1/xilinx_u55c_gen3x16_xdma_3_202210_1.xpfm --target emu --output_dir /home/juchanlee/Vitis-Tutorials/Hardware_Acceleration/Feature_Tutorials/05-using-multiple-cu/reference-files/_x/link/int --temp_dir /home/juchanlee/Vitis-Tutorials/Hardware_Acceleration/Feature_Tutorials/05-using-multiple-cu/reference-files/_x/link/sys_link
INFO: [v++ 60-1454] Run Directory: /home/juchanlee/Vitis-Tutorials/Hardware_Acceleration/Feature_Tutorials/05-using-multiple-cu/reference-files/_x/link/run_link
INFO: [SYSTEM_LINK 82-70] Extracting xo v3 file /home/juchanlee/Vitis-Tutorials/Hardware_Acceleration/Feature_Tutorials/05-using-multiple-cu/reference-files/Filter2DKernel.hw_emu.xo
INFO: [SYSTEM_LINK 82-53] Creating IP database /home/juchanlee/Vitis-Tutorials/Hardware_Acceleration/Feature_Tutorials/05-using-multiple-cu/reference-files/_x/link/sys_link/_sysl/.cdb/xd_ip_db.xml
INFO: [SYSTEM_LINK 82-38] [21:38:20] build_xd_ip_db started: /opt/Xilinx/Vitis/2022.2/bin/build_xd_ip_db -ip_search 0  -sds-pf /home/juchanlee/Vitis-Tutorials/Hardware_Acceleration/Feature_Tutorials/05-using-multiple-cu/reference-files/_x/link/sys_link/hw_emu.hpfm -clkid 0 -ip /home/juchanlee/Vitis-Tutorials/Hardware_Acceleration/Feature_Tutorials/05-using-multiple-cu/reference-files/_x/link/sys_link/iprepo/xilinx_com_hls_Filter2DKernel_1_0,Filter2DKernel -o /home/juchanlee/Vitis-Tutorials/Hardware_Acceleration/Feature_Tutorials/05-using-multiple-cu/reference-files/_x/link/sys_link/_sysl/.cdb/xd_ip_db.xml
INFO: [SYSTEM_LINK 82-37] [21:38:26] build_xd_ip_db finished successfully
Time (s): cpu = 00:00:06 ; elapsed = 00:00:06 . Memory (MB): peak = 433.102 ; gain = 0.000 ; free physical = 495394 ; free virtual = 512673
INFO: [SYSTEM_LINK 82-51] Create system connectivity graph
INFO: [SYSTEM_LINK 82-102] Applying explicit connections to the system connectivity graph: /home/juchanlee/Vitis-Tutorials/Hardware_Acceleration/Feature_Tutorials/05-using-multiple-cu/reference-files/_x/link/sys_link/cfgraph/cfgen_cfgraph.xml
INFO: [SYSTEM_LINK 82-38] [21:38:26] cfgen started: /opt/Xilinx/Vitis/2022.2/bin/cfgen  -nk Filter2DKernel:1 -dpa_mem_offload false -dmclkid 0 -r /home/juchanlee/Vitis-Tutorials/Hardware_Acceleration/Feature_Tutorials/05-using-multiple-cu/reference-files/_x/link/sys_link/_sysl/.cdb/xd_ip_db.xml -o /home/juchanlee/Vitis-Tutorials/Hardware_Acceleration/Feature_Tutorials/05-using-multiple-cu/reference-files/_x/link/sys_link/cfgraph/cfgen_cfgraph.xml
INFO: [CFGEN 83-0] Kernel Specs: 
INFO: [CFGEN 83-0]   kernel: Filter2DKernel, num: 1  {Filter2DKernel_1}
INFO: [CFGEN 83-2226] Inferring mapping for argument Filter2DKernel_1.coeffs to HBM[0]
INFO: [CFGEN 83-2226] Inferring mapping for argument Filter2DKernel_1.dst to HBM[0]
INFO: [CFGEN 83-2226] Inferring mapping for argument Filter2DKernel_1.src to HBM[0]
INFO: [SYSTEM_LINK 82-37] [21:38:30] cfgen finished successfully
Time (s): cpu = 00:00:04 ; elapsed = 00:00:04 . Memory (MB): peak = 433.102 ; gain = 0.000 ; free physical = 495400 ; free virtual = 512679
INFO: [SYSTEM_LINK 82-52] Create top-level block diagram
INFO: [SYSTEM_LINK 82-38] [21:38:30] cf2bd started: /opt/Xilinx/Vitis/2022.2/bin/cf2bd  --linux --trace_buffer 1024 --input_file /home/juchanlee/Vitis-Tutorials/Hardware_Acceleration/Feature_Tutorials/05-using-multiple-cu/reference-files/_x/link/sys_link/cfgraph/cfgen_cfgraph.xml --ip_db /home/juchanlee/Vitis-Tutorials/Hardware_Acceleration/Feature_Tutorials/05-using-multiple-cu/reference-files/_x/link/sys_link/_sysl/.cdb/xd_ip_db.xml --cf_name dr --working_dir /home/juchanlee/Vitis-Tutorials/Hardware_Acceleration/Feature_Tutorials/05-using-multiple-cu/reference-files/_x/link/sys_link/_sysl/.xsd --temp_dir /home/juchanlee/Vitis-Tutorials/Hardware_Acceleration/Feature_Tutorials/05-using-multiple-cu/reference-files/_x/link/sys_link --output_dir /home/juchanlee/Vitis-Tutorials/Hardware_Acceleration/Feature_Tutorials/05-using-multiple-cu/reference-files/_x/link/int
INFO: [CF2BD 82-31] Launching cf2xd: cf2xd -linux -trace-buffer 1024 -i /home/juchanlee/Vitis-Tutorials/Hardware_Acceleration/Feature_Tutorials/05-using-multiple-cu/reference-files/_x/link/sys_link/cfgraph/cfgen_cfgraph.xml -r /home/juchanlee/Vitis-Tutorials/Hardware_Acceleration/Feature_Tutorials/05-using-multiple-cu/reference-files/_x/link/sys_link/_sysl/.cdb/xd_ip_db.xml -o dr.xml
INFO: [CF2BD 82-28] cf2xd finished successfully
INFO: [CF2BD 82-31] Launching cf_xsd: cf_xsd -disable-address-gen -dn dr -dp /home/juchanlee/Vitis-Tutorials/Hardware_Acceleration/Feature_Tutorials/05-using-multiple-cu/reference-files/_x/link/sys_link/_sysl/.xsd
INFO: [CF2BD 82-28] cf_xsd finished successfully
INFO: [SYSTEM_LINK 82-37] [21:38:34] cf2bd finished successfully
Time (s): cpu = 00:00:04 ; elapsed = 00:00:04 . Memory (MB): peak = 433.102 ; gain = 0.000 ; free physical = 495377 ; free virtual = 512660
INFO: [v++ 60-1441] [21:38:34] Run run_link: Step system_link: Completed
Time (s): cpu = 00:00:15 ; elapsed = 00:00:16 . Memory (MB): peak = 438.797 ; gain = 0.000 ; free physical = 495435 ; free virtual = 512718
INFO: [v++ 60-1443] [21:38:34] Run run_link: Step cf2sw: Started
INFO: [v++ 60-1453] Command Line: cf2sw -sdsl /home/juchanlee/Vitis-Tutorials/Hardware_Acceleration/Feature_Tutorials/05-using-multiple-cu/reference-files/_x/link/int/sdsl.dat -rtd /home/juchanlee/Vitis-Tutorials/Hardware_Acceleration/Feature_Tutorials/05-using-multiple-cu/reference-files/_x/link/int/cf2sw.rtd -nofilter /home/juchanlee/Vitis-Tutorials/Hardware_Acceleration/Feature_Tutorials/05-using-multiple-cu/reference-files/_x/link/int/cf2sw_full.rtd -xclbin /home/juchanlee/Vitis-Tutorials/Hardware_Acceleration/Feature_Tutorials/05-using-multiple-cu/reference-files/_x/link/int/xclbin_orig.xml -o /home/juchanlee/Vitis-Tutorials/Hardware_Acceleration/Feature_Tutorials/05-using-multiple-cu/reference-files/_x/link/int/xclbin_orig.1.xml
INFO: [v++ 60-1454] Run Directory: /home/juchanlee/Vitis-Tutorials/Hardware_Acceleration/Feature_Tutorials/05-using-multiple-cu/reference-files/_x/link/run_link
INFO: [v++ 60-1441] [21:38:37] Run run_link: Step cf2sw: Completed
Time (s): cpu = 00:00:04 ; elapsed = 00:00:04 . Memory (MB): peak = 438.797 ; gain = 0.000 ; free physical = 495438 ; free virtual = 512722
INFO: [v++ 60-1443] [21:38:37] Run run_link: Step rtd2_system_diagram: Started
INFO: [v++ 60-1453] Command Line: rtd2SystemDiagram
INFO: [v++ 60-1454] Run Directory: /home/juchanlee/Vitis-Tutorials/Hardware_Acceleration/Feature_Tutorials/05-using-multiple-cu/reference-files/_x/link/run_link
INFO: [v++ 60-1441] [21:38:38] Run run_link: Step rtd2_system_diagram: Completed
Time (s): cpu = 00:00:00.01 ; elapsed = 00:00:00.37 . Memory (MB): peak = 438.797 ; gain = 0.000 ; free physical = 495421 ; free virtual = 512705
INFO: [v++ 60-1443] [21:38:38] Run run_link: Step vpl: Started
INFO: [v++ 60-1453] Command Line: vpl -t hw_emu -f xilinx_u55c_gen3x16_xdma_3_202210_1 -s -g --remote_ip_cache /home/juchanlee/Vitis-Tutorials/Hardware_Acceleration/Feature_Tutorials/05-using-multiple-cu/reference-files/.ipcache --output_dir /home/juchanlee/Vitis-Tutorials/Hardware_Acceleration/Feature_Tutorials/05-using-multiple-cu/reference-files/_x/link/int --log_dir /home/juchanlee/Vitis-Tutorials/Hardware_Acceleration/Feature_Tutorials/05-using-multiple-cu/reference-files/_x/logs/link --report_dir /home/juchanlee/Vitis-Tutorials/Hardware_Acceleration/Feature_Tutorials/05-using-multiple-cu/reference-files/_x/reports/link --config /home/juchanlee/Vitis-Tutorials/Hardware_Acceleration/Feature_Tutorials/05-using-multiple-cu/reference-files/_x/link/int/vplConfig.ini -k /home/juchanlee/Vitis-Tutorials/Hardware_Acceleration/Feature_Tutorials/05-using-multiple-cu/reference-files/_x/link/int/kernel_info.dat --webtalk_flag Vitis --temp_dir /home/juchanlee/Vitis-Tutorials/Hardware_Acceleration/Feature_Tutorials/05-using-multiple-cu/reference-files/_x/link --emulation_mode debug_waveform --no-info --iprepo /home/juchanlee/Vitis-Tutorials/Hardware_Acceleration/Feature_Tutorials/05-using-multiple-cu/reference-files/_x/link/int/xo/ip_repo/xilinx_com_hls_Filter2DKernel_1_0 --messageDb /home/juchanlee/Vitis-Tutorials/Hardware_Acceleration/Feature_Tutorials/05-using-multiple-cu/reference-files/_x/link/run_link/vpl.pb /home/juchanlee/Vitis-Tutorials/Hardware_Acceleration/Feature_Tutorials/05-using-multiple-cu/reference-files/_x/link/int/dr.bd.tcl
INFO: [v++ 60-1454] Run Directory: /home/juchanlee/Vitis-Tutorials/Hardware_Acceleration/Feature_Tutorials/05-using-multiple-cu/reference-files/_x/link/run_link

****** vpl v2022.2 (64-bit)
  **** SW Build 3671529 on 2022-10-13-17:52:11
    ** Copyright 1986-2022 Xilinx, Inc. All Rights Reserved.

INFO: [VPL 60-839] Read in kernel information from file '/home/juchanlee/Vitis-Tutorials/Hardware_Acceleration/Feature_Tutorials/05-using-multiple-cu/reference-files/_x/link/int/kernel_info.dat'.
INFO: [VPL 74-78] Compiler Version string: 2022.2
INFO: [VPL 60-423]   Target device: xilinx_u55c_gen3x16_xdma_3_202210_1
INFO: [VPL 60-1032] Extracting hardware platform to /home/juchanlee/Vitis-Tutorials/Hardware_Acceleration/Feature_Tutorials/05-using-multiple-cu/reference-files/_x/link/vivado/vpl/.local/hw_platform
[21:38:51] Run vpl: Step create_project: Started
Creating Vivado project.
[21:39:06] Run vpl: Step create_project: Completed
[21:39:06] Run vpl: Step create_bd: Started
[21:39:12] Run vpl: Step create_bd: Completed
[21:39:12] Run vpl: Step update_bd: Started
[21:39:14] Run vpl: Step update_bd: Completed
[21:39:14] Run vpl: Step generate_target: Started
[21:40:14] Run vpl: Step generate_target: Completed
[21:40:14] Run vpl: Step config_hw_emu.gen_scripts: Started
[21:40:38] Run vpl: Step config_hw_emu.gen_scripts: Completed
[21:40:38] Run vpl: Step config_hw_emu.compile: Started
[21:40:50] Run vpl: Step config_hw_emu.compile: Completed
[21:40:50] Run vpl: Step config_hw_emu.elaborate: Started
WARNING: [IP-LOCK-01] In your vivado project:prj for design:dr the IP pfm_top_smartconnect_0_0 is locked. The IP is locked for the following reason - * IP definition 'AXI SmartConnect (1.0)' for IP 'pfm_top_smartconnect_0_0' (customized with software release 2022.1) has a different revision in the IP Catalog.
 * IP 'pfm_top_smartconnect_0_0' contains one or more locked subcores.* Target IP definition 'AXI SmartConnect (1.0)' requires a revision change. Please review the change log before upgrading the IP.
.
WARNING: [IP-LOCK-01] In your vivado project:prj for design:dr the IP pfm_top_xbar_0 is locked. The IP is locked for the following reason - * IP definition 'AXI Crossbar (2.1)' for IP 'pfm_top_xbar_0' (customized with software release 2022.1) has a different revision in the IP Catalog.
.
WARNING: [IP-LOCK-01] In your vivado project:prj for design:dr the IP bd_387c_m00e_0 is locked. The IP is locked for the following reason - * IP definition 'SC EXIT (1.0)' for IP 'bd_387c_m00e_0' (customized with software release 2022.1) has a different revision in the IP Catalog.
.
WARNING: [IP-LOCK-01] In your vivado project:prj for design:dr the IP bd_387c_m01e_0 is locked. The IP is locked for the following reason - * IP definition 'SC EXIT (1.0)' for IP 'bd_387c_m01e_0' (customized with software release 2022.1) has a different revision in the IP Catalog.
.
WARNING: [IP-LOCK-01] In your vivado project:prj for design:dr the IP bd_387c_one_0 is locked. The IP is locked for the following reason - * The IP Data in the repository is incompatible with the current instance (despite having identical Version and Revision). You will need to upgrade the IP before viewing the customization and generating outputs.
.
WARNING: [IP-LOCK-01] In your vivado project:prj for design:dr the IP bd_387c_s00mmu_0 is locked. The IP is locked for the following reason - * IP definition 'SC MMU (1.0)' for IP 'bd_387c_s00mmu_0' (customized with software release 2022.1) has a different revision in the IP Catalog.
.
WARNING: [IP-LOCK-01] In your vivado project:prj for design:dr the IP bd_387c_s00sic_0 is locked. The IP is locked for the following reason - * IP definition 'SC SI_CONVERTER (1.0)' for IP 'bd_387c_s00sic_0' (customized with software release 2022.1) has a different revision in the IP Catalog.
.
WARNING: [IP-LOCK-01] In your vivado project:prj for design:dr the IP pfm_top_axi_vip_0_0 is locked. The IP is locked for the following reason - * IP definition 'AXI Verification IP (1.1)' for IP 'pfm_top_axi_vip_0_0' (customized with software release 2022.1) has a different revision in the IP Catalog.
.
WARNING: [IP-LOCK-01] In your vivado project:prj for design:dr the IP pfm_top_connect_to_es_cu_0 is locked. The IP is locked for the following reason - * IP definition 'AXI Interconnect (2.1)' for IP 'pfm_top_connect_to_es_cu_0' (customized with software release 2022.1) has a different revision in the IP Catalog.
.
Check VPL, containing 2 checks, has run: 0 errors, 9 warning violations
[21:41:19] Run vpl: Step config_hw_emu.elaborate: Completed
[21:41:19] Run vpl: FINISHED. Run Status: config_hw_emu.elaborate Complete!
INFO: [v++ 60-1441] [21:41:20] Run run_link: Step vpl: Completed
Time (s): cpu = 00:00:07 ; elapsed = 00:02:42 . Memory (MB): peak = 438.797 ; gain = 0.000 ; free physical = 492047 ; free virtual = 510306
INFO: [v++ 60-1443] [21:41:20] Run run_link: Step rtdgen: Started
INFO: [v++ 60-1453] Command Line: rtdgen
INFO: [v++ 60-1454] Run Directory: /home/juchanlee/Vitis-Tutorials/Hardware_Acceleration/Feature_Tutorials/05-using-multiple-cu/reference-files/_x/link/run_link
INFO: [v++ 60-991] clock name 'kernel_clk/clk' (clock ID '0') is being mapped to clock name 'DATA_CLK' in the xclbin
INFO: [v++ 60-1230] The compiler selected the following frequencies for the runtime controllable kernel clock(s) and scalable system clock(s): Kernel (DATA) clock: kernel_clk/clk = 300, Kernel (KERNEL) clock: kernel_clk/clk = 300
INFO: [v++ 60-1453] Command Line: cf2sw -a /home/juchanlee/Vitis-Tutorials/Hardware_Acceleration/Feature_Tutorials/05-using-multiple-cu/reference-files/_x/link/int/address_map.xml -sdsl /home/juchanlee/Vitis-Tutorials/Hardware_Acceleration/Feature_Tutorials/05-using-multiple-cu/reference-files/_x/link/int/sdsl.dat -xclbin /home/juchanlee/Vitis-Tutorials/Hardware_Acceleration/Feature_Tutorials/05-using-multiple-cu/reference-files/_x/link/int/xclbin_orig.xml -rtd /home/juchanlee/Vitis-Tutorials/Hardware_Acceleration/Feature_Tutorials/05-using-multiple-cu/reference-files/_x/link/int/filter2d.hw_emu.rtd -o /home/juchanlee/Vitis-Tutorials/Hardware_Acceleration/Feature_Tutorials/05-using-multiple-cu/reference-files/_x/link/int/filter2d.hw_emu.xml
INFO: [v++ 60-1652] Cf2sw returned exit code: 0
WARNING: [v++ 60-1455] Debuggable symbols are not generated successfully, clean up /home/juchanlee/Vitis-Tutorials/Hardware_Acceleration/Feature_Tutorials/05-using-multiple-cu/reference-files/_x/link/int/consolidated.cf
INFO: [v++ 60-1441] [21:41:26] Run run_link: Step rtdgen: Completed
Time (s): cpu = 00:00:07 ; elapsed = 00:00:07 . Memory (MB): peak = 438.797 ; gain = 0.000 ; free physical = 494182 ; free virtual = 512483
INFO: [v++ 60-1443] [21:41:26] Run run_link: Step xclbinutil: Started
INFO: [v++ 60-1453] Command Line: xclbinutil --add-section DEBUG_IP_LAYOUT:JSON:/home/juchanlee/Vitis-Tutorials/Hardware_Acceleration/Feature_Tutorials/05-using-multiple-cu/reference-files/_x/link/int/debug_ip_layout.rtd --add-section BITSTREAM:RAW:/home/juchanlee/Vitis-Tutorials/Hardware_Acceleration/Feature_Tutorials/05-using-multiple-cu/reference-files/_x/link/int/behav.xse --force --target hw_emu --key-value SYS:dfx_enable:false --add-section :JSON:/home/juchanlee/Vitis-Tutorials/Hardware_Acceleration/Feature_Tutorials/05-using-multiple-cu/reference-files/_x/link/int/filter2d.hw_emu.rtd --add-section CLOCK_FREQ_TOPOLOGY:JSON:/home/juchanlee/Vitis-Tutorials/Hardware_Acceleration/Feature_Tutorials/05-using-multiple-cu/reference-files/_x/link/int/filter2d.hw_emu_xml.rtd --add-section BUILD_METADATA:JSON:/home/juchanlee/Vitis-Tutorials/Hardware_Acceleration/Feature_Tutorials/05-using-multiple-cu/reference-files/_x/link/int/filter2d.hw_emu_build.rtd --add-section EMBEDDED_METADATA:RAW:/home/juchanlee/Vitis-Tutorials/Hardware_Acceleration/Feature_Tutorials/05-using-multiple-cu/reference-files/_x/link/int/filter2d.hw_emu.xml --add-section SYSTEM_METADATA:RAW:/home/juchanlee/Vitis-Tutorials/Hardware_Acceleration/Feature_Tutorials/05-using-multiple-cu/reference-files/_x/link/int/systemDiagramModelSlrBaseAddress.json --key-value SYS:PlatformVBNV:xilinx_u55c_gen3x16_xdma_3_202210_1 --output /home/juchanlee/Vitis-Tutorials/Hardware_Acceleration/Feature_Tutorials/05-using-multiple-cu/reference-files/filter2d.hw_emu.xclbin
INFO: [v++ 60-1454] Run Directory: /home/juchanlee/Vitis-Tutorials/Hardware_Acceleration/Feature_Tutorials/05-using-multiple-cu/reference-files/_x/link/run_link
XRT Build Version: 2.14.354 (2022.2)
       Build Date: 2022-10-08 09:49:58
          Hash ID: 43926231f7183688add2dccfd391b36a1f000bea
Creating a default 'in-memory' xclbin image.

Section: 'DEBUG_IP_LAYOUT'(9) was successfully added.
Size   : 872 bytes
Format : JSON
File   : '/home/juchanlee/Vitis-Tutorials/Hardware_Acceleration/Feature_Tutorials/05-using-multiple-cu/reference-files/_x/link/int/debug_ip_layout.rtd'

Section: 'BITSTREAM'(0) was successfully added.
Size   : 43898936 bytes
Format : RAW
File   : '/home/juchanlee/Vitis-Tutorials/Hardware_Acceleration/Feature_Tutorials/05-using-multiple-cu/reference-files/_x/link/int/behav.xse'

Section: 'MEM_TOPOLOGY'(6) was successfully added.
Format : JSON
File   : 'mem_topology'

Section: 'IP_LAYOUT'(8) was successfully added.
Format : JSON
File   : 'ip_layout'

Section: 'CONNECTIVITY'(7) was successfully added.
Format : JSON
File   : 'connectivity'

Section: 'CLOCK_FREQ_TOPOLOGY'(11) was successfully added.
Size   : 274 bytes
Format : JSON
File   : '/home/juchanlee/Vitis-Tutorials/Hardware_Acceleration/Feature_Tutorials/05-using-multiple-cu/reference-files/_x/link/int/filter2d.hw_emu_xml.rtd'

Section: 'BUILD_METADATA'(14) was successfully added.
Size   : 2658 bytes
Format : JSON
File   : '/home/juchanlee/Vitis-Tutorials/Hardware_Acceleration/Feature_Tutorials/05-using-multiple-cu/reference-files/_x/link/int/filter2d.hw_emu_build.rtd'

Section: 'EMBEDDED_METADATA'(2) was successfully added.
Size   : 40055 bytes
Format : RAW
File   : '/home/juchanlee/Vitis-Tutorials/Hardware_Acceleration/Feature_Tutorials/05-using-multiple-cu/reference-files/_x/link/int/filter2d.hw_emu.xml'

Section: 'SYSTEM_METADATA'(22) was successfully added.
Size   : 20129 bytes
Format : RAW
File   : '/home/juchanlee/Vitis-Tutorials/Hardware_Acceleration/Feature_Tutorials/05-using-multiple-cu/reference-files/_x/link/int/systemDiagramModelSlrBaseAddress.json'
Successfully wrote (43982011 bytes) to the output file: /home/juchanlee/Vitis-Tutorials/Hardware_Acceleration/Feature_Tutorials/05-using-multiple-cu/reference-files/filter2d.hw_emu.xclbin
Leaving xclbinutil.
INFO: [v++ 60-1441] [21:41:27] Run run_link: Step xclbinutil: Completed
Time (s): cpu = 00:00:00.16 ; elapsed = 00:00:00.26 . Memory (MB): peak = 438.797 ; gain = 0.000 ; free physical = 494123 ; free virtual = 512466
INFO: [v++ 60-1443] [21:41:27] Run run_link: Step xclbinutilinfo: Started
INFO: [v++ 60-1453] Command Line: xclbinutil --quiet --force --info /home/juchanlee/Vitis-Tutorials/Hardware_Acceleration/Feature_Tutorials/05-using-multiple-cu/reference-files/filter2d.hw_emu.xclbin.info --input /home/juchanlee/Vitis-Tutorials/Hardware_Acceleration/Feature_Tutorials/05-using-multiple-cu/reference-files/filter2d.hw_emu.xclbin
INFO: [v++ 60-1454] Run Directory: /home/juchanlee/Vitis-Tutorials/Hardware_Acceleration/Feature_Tutorials/05-using-multiple-cu/reference-files/_x/link/run_link
INFO: [v++ 60-1441] [21:41:27] Run run_link: Step xclbinutilinfo: Completed
Time (s): cpu = 00:00:00.57 ; elapsed = 00:00:00.68 . Memory (MB): peak = 438.797 ; gain = 0.000 ; free physical = 494120 ; free virtual = 512462
INFO: [v++ 60-1443] [21:41:27] Run run_link: Step generate_sc_driver: Started
INFO: [v++ 60-1453] Command Line: 
INFO: [v++ 60-1454] Run Directory: /home/juchanlee/Vitis-Tutorials/Hardware_Acceleration/Feature_Tutorials/05-using-multiple-cu/reference-files/_x/link/run_link
INFO: [v++ 60-1441] [21:41:27] Run run_link: Step generate_sc_driver: Completed
Time (s): cpu = 00:00:00 ; elapsed = 00:00:00 . Memory (MB): peak = 438.797 ; gain = 0.000 ; free physical = 494120 ; free virtual = 512462
INFO: [v++ 60-244] Generating system estimate report...
INFO: [v++ 60-1092] Generated system estimate report: /home/juchanlee/Vitis-Tutorials/Hardware_Acceleration/Feature_Tutorials/05-using-multiple-cu/reference-files/_x/reports/link/system_estimate_filter2d.hw_emu.xtxt
INFO: [v++ 60-586] Created filter2d.hw_emu.xclbin
INFO: [v++ 60-1307] Run completed. Additional information can be found in:
	Guidance: /home/juchanlee/Vitis-Tutorials/Hardware_Acceleration/Feature_Tutorials/05-using-multiple-cu/reference-files/_x/reports/link/v++_link_filter2d.hw_emu_guidance.html
	Steps Log File: /home/juchanlee/Vitis-Tutorials/Hardware_Acceleration/Feature_Tutorials/05-using-multiple-cu/reference-files/_x/logs/link/link.steps.log

INFO: [v++ 60-2343] Use the vitis_analyzer tool to visualize and navigate the relevant reports. Run the following command. 
    vitis_analyzer /home/juchanlee/Vitis-Tutorials/Hardware_Acceleration/Feature_Tutorials/05-using-multiple-cu/reference-files/filter2d.hw_emu.xclbin.link_summary 
INFO: [v++ 60-791] Total elapsed time: 0h 3m 23s
