

================================================================
== Vitis HLS Report for 'Filter2DKernel'
================================================================
* Date:           Mon Nov  4 21:37:40 2024

* Version:        2022.2 (Build 3670227 on Oct 13 2022)
* Project:        Filter2DKernel
* Solution:       solution (Vitis Kernel Flow Target)
* Product family: virtexuplus
* Target device:  xcu55c-fsvh2892-2L-e


================================================================
== Performance Estimates
================================================================
+ Timing: 
    * Summary: 
    +--------+---------+----------+------------+
    |  Clock |  Target | Estimated| Uncertainty|
    +--------+---------+----------+------------+
    |ap_clk  |  3.33 ns|  2.433 ns|     0.90 ns|
    +--------+---------+----------+------------+

+ Latency: 
    * Summary: 
    +---------+------------+----------+-----------+-----+------------+----------+
    |   Latency (cycles)   |  Latency (absolute)  |     Interval     | Pipeline |
    |   min   |     max    |    min   |    max    | min |     max    |   Type   |
    +---------+------------+----------+-----------+-----+------------+----------+
    |      376|  1073676682|  1.253 us|  3.579 sec|  306|  1073676612|  dataflow|
    +---------+------------+----------+-----------+-----+------------+----------+

    + Detail: 
        * Instance: 
        +--------------------------+-----------------------+---------+------------+----------+-----------+-----+------------+---------+
        |                          |                       |   Latency (cycles)   |  Latency (absolute)  |     Interval     | Pipeline|
        |         Instance         |         Module        |   min   |     max    |    min   |    max    | min |     max    |   Type  |
        +--------------------------+-----------------------+---------+------------+----------+-----------+-----+------------+---------+
        |entry_proc_U0             |entry_proc             |        0|           0|      0 ns|       0 ns|    0|           0|       no|
        |AXIBursts2PixelStream_U0  |AXIBursts2PixelStream  |        1|    73077121|  3.333 ns|  0.244 sec|    1|    73077121|       no|
        |Filter2D_U0               |Filter2D               |      305|  1073676611|  1.017 us|  3.579 sec|  305|  1073676611|       no|
        |PixelStream2AXIBursts_U0  |PixelStream2AXIBursts  |        2|    73077122|  6.666 ns|  0.244 sec|    2|    73077122|       no|
        +--------------------------+-----------------------+---------+------------+----------+-----------+-----+------------+---------+

        * Loop: 
        N/A



================================================================
== Utilization Estimates
================================================================
* Summary: 
+---------------------+---------+------+---------+---------+-----+
|         Name        | BRAM_18K|  DSP |    FF   |   LUT   | URAM|
+---------------------+---------+------+---------+---------+-----+
|DSP                  |        -|     -|        -|        -|    -|
|Expression           |        -|     -|        0|       28|    -|
|FIFO                 |        -|     -|      164|      218|    -|
|Instance             |       31|   229|    25895|    23995|    0|
|Memory               |        -|     -|        -|        -|    -|
|Multiplexer          |        -|     -|        -|       27|    -|
|Register             |        -|     -|        9|        -|    -|
+---------------------+---------+------+---------+---------+-----+
|Total                |       31|   229|    26068|    24268|    0|
+---------------------+---------+------+---------+---------+-----+
|Available SLR        |     1344|  3008|   869120|   434560|  320|
+---------------------+---------+------+---------+---------+-----+
|Utilization SLR (%)  |        2|     7|        2|        5|    0|
+---------------------+---------+------+---------+---------+-----+
|Available            |     4032|  9024|  2607360|  1303680|  960|
+---------------------+---------+------+---------+---------+-----+
|Utilization (%)      |       ~0|     2|       ~0|        1|    0|
+---------------------+---------+------+---------+---------+-----+

+ Detail: 
    * Instance: 
    +--------------------------+-----------------------+---------+-----+-------+-------+-----+
    |         Instance         |         Module        | BRAM_18K| DSP |   FF  |  LUT  | URAM|
    +--------------------------+-----------------------+---------+-----+-------+-------+-----+
    |AXIBursts2PixelStream_U0  |AXIBursts2PixelStream  |        8|    0|    902|   1860|    0|
    |Filter2D_U0               |Filter2D               |       15|  229|  18421|  10652|    0|
    |PixelStream2AXIBursts_U0  |PixelStream2AXIBursts  |        8|    0|   1263|   2190|    0|
    |control_s_axi_U           |control_s_axi          |        0|    0|    360|    616|    0|
    |entry_proc_U0             |entry_proc             |        0|    0|      3|     37|    0|
    |gmem0_m_axi_U             |gmem0_m_axi            |        0|    0|   2473|   4320|    0|
    |gmem1_m_axi_U             |gmem1_m_axi            |        0|    0|   2473|   4320|    0|
    +--------------------------+-----------------------+---------+-----+-------+-------+-----+
    |Total                     |                       |       31|  229|  25895|  23995|    0|
    +--------------------------+-----------------------+---------+-----+-------+-------+-----+

    * DSP: 
    N/A

    * Memory: 
    N/A

    * FIFO: 
    +--------------+---------+----+----+-----+------+-----+---------+
    |     Name     | BRAM_18K| FF | LUT| URAM| Depth| Bits| Size:D*B|
    +--------------+---------+----+----+-----+------+-----+---------+
    |dst_c_U       |        0|   5|   0|    -|     4|   64|      256|
    |dst_pixels_U  |        0|   9|   0|    -|    64|    8|      512|
    |height_c_U    |        0|  68|   0|    -|     2|   32|       64|
    |src_pixels_U  |        0|   9|   0|    -|    64|    8|      512|
    |stride_c_U    |        0|   5|   0|    -|     3|   32|       96|
    |width_c_U     |        0|  68|   0|    -|     2|   32|       64|
    +--------------+---------+----+----+-----+------+-----+---------+
    |Total         |        0| 164|   0|    0|   139|  176|     1504|
    +--------------+---------+----+----+-----+------+-----+---------+

    * Expression: 
    +-------------------------------------------+----------+----+---+----+------------+------------+
    |               Variable Name               | Operation| DSP| FF| LUT| Bitwidth P0| Bitwidth P1|
    +-------------------------------------------+----------+----+---+----+------------+------------+
    |AXIBursts2PixelStream_U0_ap_start          |       and|   0|  0|   2|           1|           1|
    |Filter2D_U0_ap_start                       |       and|   0|  0|   2|           1|           1|
    |ap_ext_blocking_n                          |       and|   0|  0|   2|           1|           1|
    |ap_ext_blocking_sub_n                      |       and|   0|  0|   2|           1|           1|
    |ap_idle                                    |       and|   0|  0|   2|           1|           1|
    |ap_int_blocking_n                          |       and|   0|  0|   2|           1|           1|
    |ap_int_blocking_sub_n                      |       and|   0|  0|   2|           1|           1|
    |ap_str_blocking_n                          |       and|   0|  0|   2|           1|           1|
    |ap_str_blocking_sub_n                      |       and|   0|  0|   2|           1|           1|
    |ap_sync_ready                              |       and|   0|  0|   2|           1|           1|
    |entry_proc_U0_ap_start                     |       and|   0|  0|   2|           1|           1|
    |ap_sync_AXIBursts2PixelStream_U0_ap_ready  |        or|   0|  0|   2|           1|           1|
    |ap_sync_Filter2D_U0_ap_ready               |        or|   0|  0|   2|           1|           1|
    |ap_sync_entry_proc_U0_ap_ready             |        or|   0|  0|   2|           1|           1|
    +-------------------------------------------+----------+----+---+----+------------+------------+
    |Total                                      |          |   0|  0|  28|          14|          14|
    +-------------------------------------------+----------+----+---+----+------------+------------+

    * Multiplexer: 
    +-----------------------------------------------+----+-----------+-----+-----------+
    |                      Name                     | LUT| Input Size| Bits| Total Bits|
    +-----------------------------------------------+----+-----------+-----+-----------+
    |ap_sync_reg_AXIBursts2PixelStream_U0_ap_ready  |   9|          2|    1|          2|
    |ap_sync_reg_Filter2D_U0_ap_ready               |   9|          2|    1|          2|
    |ap_sync_reg_entry_proc_U0_ap_ready             |   9|          2|    1|          2|
    +-----------------------------------------------+----+-----------+-----+-----------+
    |Total                                          |  27|          6|    3|          6|
    +-----------------------------------------------+----+-----------+-----+-----------+

    * Register: 
    +-----------------------------------------------+---+----+-----+-----------+
    |                      Name                     | FF| LUT| Bits| Const Bits|
    +-----------------------------------------------+---+----+-----+-----------+
    |ap_ext_blocking_n_reg                          |  1|   0|    1|          0|
    |ap_int_blocking_n_reg                          |  1|   0|    1|          0|
    |ap_rst_n_inv                                   |  1|   0|    1|          0|
    |ap_rst_reg_1                                   |  1|   0|    1|          0|
    |ap_rst_reg_2                                   |  1|   0|    1|          0|
    |ap_str_blocking_n_reg                          |  1|   0|    1|          0|
    |ap_sync_reg_AXIBursts2PixelStream_U0_ap_ready  |  1|   0|    1|          0|
    |ap_sync_reg_Filter2D_U0_ap_ready               |  1|   0|    1|          0|
    |ap_sync_reg_entry_proc_U0_ap_ready             |  1|   0|    1|          0|
    +-----------------------------------------------+---+----+-----+-----------+
    |Total                                          |  9|   0|    9|          0|
    +-----------------------------------------------+---+----+-----+-----------+



================================================================
== Interface
================================================================
* Summary: 
+-----------------------+-----+-----+---------------+----------------+--------------+
|       RTL Ports       | Dir | Bits|    Protocol   |  Source Object |    C Type    |
+-----------------------+-----+-----+---------------+----------------+--------------+
|s_axi_control_AWVALID  |   in|    1|          s_axi|         control|        scalar|
|s_axi_control_AWREADY  |  out|    1|          s_axi|         control|        scalar|
|s_axi_control_AWADDR   |   in|    7|          s_axi|         control|        scalar|
|s_axi_control_WVALID   |   in|    1|          s_axi|         control|        scalar|
|s_axi_control_WREADY   |  out|    1|          s_axi|         control|        scalar|
|s_axi_control_WDATA    |   in|   32|          s_axi|         control|        scalar|
|s_axi_control_WSTRB    |   in|    4|          s_axi|         control|        scalar|
|s_axi_control_ARVALID  |   in|    1|          s_axi|         control|        scalar|
|s_axi_control_ARREADY  |  out|    1|          s_axi|         control|        scalar|
|s_axi_control_ARADDR   |   in|    7|          s_axi|         control|        scalar|
|s_axi_control_RVALID   |  out|    1|          s_axi|         control|        scalar|
|s_axi_control_RREADY   |   in|    1|          s_axi|         control|        scalar|
|s_axi_control_RDATA    |  out|   32|          s_axi|         control|        scalar|
|s_axi_control_RRESP    |  out|    2|          s_axi|         control|        scalar|
|s_axi_control_BVALID   |  out|    1|          s_axi|         control|        scalar|
|s_axi_control_BREADY   |   in|    1|          s_axi|         control|        scalar|
|s_axi_control_BRESP    |  out|    2|          s_axi|         control|        scalar|
|ap_clk                 |   in|    1|  ap_ctrl_chain|  Filter2DKernel|  return value|
|ap_rst_n               |   in|    1|  ap_ctrl_chain|  Filter2DKernel|  return value|
|event_done             |  out|    1|  ap_ctrl_chain|  Filter2DKernel|  return value|
|interrupt              |  out|    1|  ap_ctrl_chain|  Filter2DKernel|  return value|
|event_start            |  out|    1|  ap_ctrl_chain|  Filter2DKernel|  return value|
|stall_start_ext        |  out|    1|  ap_ctrl_chain|  Filter2DKernel|  return value|
|stall_done_ext         |  out|    1|  ap_ctrl_chain|  Filter2DKernel|  return value|
|stall_start_str        |  out|    1|  ap_ctrl_chain|  Filter2DKernel|  return value|
|stall_done_str         |  out|    1|  ap_ctrl_chain|  Filter2DKernel|  return value|
|stall_start_int        |  out|    1|  ap_ctrl_chain|  Filter2DKernel|  return value|
|stall_done_int         |  out|    1|  ap_ctrl_chain|  Filter2DKernel|  return value|
|m_axi_gmem0_AWVALID    |  out|    1|          m_axi|           gmem0|       pointer|
|m_axi_gmem0_AWREADY    |   in|    1|          m_axi|           gmem0|       pointer|
|m_axi_gmem0_AWADDR     |  out|   64|          m_axi|           gmem0|       pointer|
|m_axi_gmem0_AWID       |  out|    1|          m_axi|           gmem0|       pointer|
|m_axi_gmem0_AWLEN      |  out|    8|          m_axi|           gmem0|       pointer|
|m_axi_gmem0_AWSIZE     |  out|    3|          m_axi|           gmem0|       pointer|
|m_axi_gmem0_AWBURST    |  out|    2|          m_axi|           gmem0|       pointer|
|m_axi_gmem0_AWLOCK     |  out|    2|          m_axi|           gmem0|       pointer|
|m_axi_gmem0_AWCACHE    |  out|    4|          m_axi|           gmem0|       pointer|
|m_axi_gmem0_AWPROT     |  out|    3|          m_axi|           gmem0|       pointer|
|m_axi_gmem0_AWQOS      |  out|    4|          m_axi|           gmem0|       pointer|
|m_axi_gmem0_AWREGION   |  out|    4|          m_axi|           gmem0|       pointer|
|m_axi_gmem0_AWUSER     |  out|    1|          m_axi|           gmem0|       pointer|
|m_axi_gmem0_WVALID     |  out|    1|          m_axi|           gmem0|       pointer|
|m_axi_gmem0_WREADY     |   in|    1|          m_axi|           gmem0|       pointer|
|m_axi_gmem0_WDATA      |  out|  256|          m_axi|           gmem0|       pointer|
|m_axi_gmem0_WSTRB      |  out|   32|          m_axi|           gmem0|       pointer|
|m_axi_gmem0_WLAST      |  out|    1|          m_axi|           gmem0|       pointer|
|m_axi_gmem0_WID        |  out|    1|          m_axi|           gmem0|       pointer|
|m_axi_gmem0_WUSER      |  out|    1|          m_axi|           gmem0|       pointer|
|m_axi_gmem0_ARVALID    |  out|    1|          m_axi|           gmem0|       pointer|
|m_axi_gmem0_ARREADY    |   in|    1|          m_axi|           gmem0|       pointer|
|m_axi_gmem0_ARADDR     |  out|   64|          m_axi|           gmem0|       pointer|
|m_axi_gmem0_ARID       |  out|    1|          m_axi|           gmem0|       pointer|
|m_axi_gmem0_ARLEN      |  out|    8|          m_axi|           gmem0|       pointer|
|m_axi_gmem0_ARSIZE     |  out|    3|          m_axi|           gmem0|       pointer|
|m_axi_gmem0_ARBURST    |  out|    2|          m_axi|           gmem0|       pointer|
|m_axi_gmem0_ARLOCK     |  out|    2|          m_axi|           gmem0|       pointer|
|m_axi_gmem0_ARCACHE    |  out|    4|          m_axi|           gmem0|       pointer|
|m_axi_gmem0_ARPROT     |  out|    3|          m_axi|           gmem0|       pointer|
|m_axi_gmem0_ARQOS      |  out|    4|          m_axi|           gmem0|       pointer|
|m_axi_gmem0_ARREGION   |  out|    4|          m_axi|           gmem0|       pointer|
|m_axi_gmem0_ARUSER     |  out|    1|          m_axi|           gmem0|       pointer|
|m_axi_gmem0_RVALID     |   in|    1|          m_axi|           gmem0|       pointer|
|m_axi_gmem0_RREADY     |  out|    1|          m_axi|           gmem0|       pointer|
|m_axi_gmem0_RDATA      |   in|  256|          m_axi|           gmem0|       pointer|
|m_axi_gmem0_RLAST      |   in|    1|          m_axi|           gmem0|       pointer|
|m_axi_gmem0_RID        |   in|    1|          m_axi|           gmem0|       pointer|
|m_axi_gmem0_RUSER      |   in|    1|          m_axi|           gmem0|       pointer|
|m_axi_gmem0_RRESP      |   in|    2|          m_axi|           gmem0|       pointer|
|m_axi_gmem0_BVALID     |   in|    1|          m_axi|           gmem0|       pointer|
|m_axi_gmem0_BREADY     |  out|    1|          m_axi|           gmem0|       pointer|
|m_axi_gmem0_BRESP      |   in|    2|          m_axi|           gmem0|       pointer|
|m_axi_gmem0_BID        |   in|    1|          m_axi|           gmem0|       pointer|
|m_axi_gmem0_BUSER      |   in|    1|          m_axi|           gmem0|       pointer|
|m_axi_gmem1_AWVALID    |  out|    1|          m_axi|           gmem1|       pointer|
|m_axi_gmem1_AWREADY    |   in|    1|          m_axi|           gmem1|       pointer|
|m_axi_gmem1_AWADDR     |  out|   64|          m_axi|           gmem1|       pointer|
|m_axi_gmem1_AWID       |  out|    1|          m_axi|           gmem1|       pointer|
|m_axi_gmem1_AWLEN      |  out|    8|          m_axi|           gmem1|       pointer|
|m_axi_gmem1_AWSIZE     |  out|    3|          m_axi|           gmem1|       pointer|
|m_axi_gmem1_AWBURST    |  out|    2|          m_axi|           gmem1|       pointer|
|m_axi_gmem1_AWLOCK     |  out|    2|          m_axi|           gmem1|       pointer|
|m_axi_gmem1_AWCACHE    |  out|    4|          m_axi|           gmem1|       pointer|
|m_axi_gmem1_AWPROT     |  out|    3|          m_axi|           gmem1|       pointer|
|m_axi_gmem1_AWQOS      |  out|    4|          m_axi|           gmem1|       pointer|
|m_axi_gmem1_AWREGION   |  out|    4|          m_axi|           gmem1|       pointer|
|m_axi_gmem1_AWUSER     |  out|    1|          m_axi|           gmem1|       pointer|
|m_axi_gmem1_WVALID     |  out|    1|          m_axi|           gmem1|       pointer|
|m_axi_gmem1_WREADY     |   in|    1|          m_axi|           gmem1|       pointer|
|m_axi_gmem1_WDATA      |  out|  256|          m_axi|           gmem1|       pointer|
|m_axi_gmem1_WSTRB      |  out|   32|          m_axi|           gmem1|       pointer|
|m_axi_gmem1_WLAST      |  out|    1|          m_axi|           gmem1|       pointer|
|m_axi_gmem1_WID        |  out|    1|          m_axi|           gmem1|       pointer|
|m_axi_gmem1_WUSER      |  out|    1|          m_axi|           gmem1|       pointer|
|m_axi_gmem1_ARVALID    |  out|    1|          m_axi|           gmem1|       pointer|
|m_axi_gmem1_ARREADY    |   in|    1|          m_axi|           gmem1|       pointer|
|m_axi_gmem1_ARADDR     |  out|   64|          m_axi|           gmem1|       pointer|
|m_axi_gmem1_ARID       |  out|    1|          m_axi|           gmem1|       pointer|
|m_axi_gmem1_ARLEN      |  out|    8|          m_axi|           gmem1|       pointer|
|m_axi_gmem1_ARSIZE     |  out|    3|          m_axi|           gmem1|       pointer|
|m_axi_gmem1_ARBURST    |  out|    2|          m_axi|           gmem1|       pointer|
|m_axi_gmem1_ARLOCK     |  out|    2|          m_axi|           gmem1|       pointer|
|m_axi_gmem1_ARCACHE    |  out|    4|          m_axi|           gmem1|       pointer|
|m_axi_gmem1_ARPROT     |  out|    3|          m_axi|           gmem1|       pointer|
|m_axi_gmem1_ARQOS      |  out|    4|          m_axi|           gmem1|       pointer|
|m_axi_gmem1_ARREGION   |  out|    4|          m_axi|           gmem1|       pointer|
|m_axi_gmem1_ARUSER     |  out|    1|          m_axi|           gmem1|       pointer|
|m_axi_gmem1_RVALID     |   in|    1|          m_axi|           gmem1|       pointer|
|m_axi_gmem1_RREADY     |  out|    1|          m_axi|           gmem1|       pointer|
|m_axi_gmem1_RDATA      |   in|  256|          m_axi|           gmem1|       pointer|
|m_axi_gmem1_RLAST      |   in|    1|          m_axi|           gmem1|       pointer|
|m_axi_gmem1_RID        |   in|    1|          m_axi|           gmem1|       pointer|
|m_axi_gmem1_RUSER      |   in|    1|          m_axi|           gmem1|       pointer|
|m_axi_gmem1_RRESP      |   in|    2|          m_axi|           gmem1|       pointer|
|m_axi_gmem1_BVALID     |   in|    1|          m_axi|           gmem1|       pointer|
|m_axi_gmem1_BREADY     |  out|    1|          m_axi|           gmem1|       pointer|
|m_axi_gmem1_BRESP      |   in|    2|          m_axi|           gmem1|       pointer|
|m_axi_gmem1_BID        |   in|    1|          m_axi|           gmem1|       pointer|
|m_axi_gmem1_BUSER      |   in|    1|          m_axi|           gmem1|       pointer|
+-----------------------+-----+-----+---------------+----------------+--------------+

