Mon Nov  4 21:36:44 2024: Running xcd server. This server was built by gradle.
Mon Nov  4 21:36:44 2024: Server was asked to start on port: '40365'
Mon Nov  4 21:36:44 2024: Server is using token UUID: 'aa21a413-d03b-45a6-b839-166bd6aeb482'
Mon Nov  4 21:36:44 2024: SESSION_MGR: creating session with session uuid: '6d04a3e9-ade5-4ab9-8d63-1f78fcd2ec76' and name 'default'
Mon Nov  4 21:36:44 2024: Attempting to start server on port '40365'
Mon Nov  4 21:36:44 2024: XCD main fifo: created main fifo '/tmp/xcdmainaa21a413-d03b-45a6-b839-166bd6aeb482', fd read = 13
Mon Nov  4 21:36:44 2024: Running Dispatch Server
Mon Nov  4 21:36:44 2024: Version 2.2.0
Mon Nov  4 21:36:53 2024: Dispatch Server: Accepted socket connection from client
Mon Nov  4 21:36:53 2024: Starting Socket connection
Mon Nov  4 21:36:53 2024: EXCHANGE_TOKEN received, server token: aa21a413-d03b-45a6-b839-166bd6aeb482, passed token: aa21a413-d03b-45a6-b839-166bd6aeb482
Mon Nov  4 21:36:53 2024: DISPATCH_HANDLER: Adding handler from function makeHandler in library libxv_system_diagram
Mon Nov  4 21:36:53 2024: SESSION_MGR: creating session with session uuid: '23eeac4f-e0f5-47cd-a87e-ffaf03d3ef24' and name 'v++_compile_Filter2DKernel.hw_emu'
Mon Nov  4 21:36:53 2024: KERNEL_SVC: creating session with uuid: '23eeac4f-e0f5-47cd-a87e-ffaf03d3ef24' and name 'v++_compile_Filter2DKernel.hw_emu'
Mon Nov  4 21:36:53 2024: GUIDANCE_SMGR: creating guidance session with uuid: '23eeac4f-e0f5-47cd-a87e-ffaf03d3ef24' and name 'v++_compile_Filter2DKernel.hw_emu'
Mon Nov  4 21:36:53 2024: SYSTEM_DIAGRAM: creating session with uuid: '23eeac4f-e0f5-47cd-a87e-ffaf03d3ef24' and name 'v++_compile_Filter2DKernel.hw_emu'
Mon Nov  4 21:37:03 2024: Dispatch Server: Accepted socket connection from client
Mon Nov  4 21:37:03 2024: Starting Socket connection
Mon Nov  4 21:38:02 2024: SESSION_MGR: closing session for UUID '23eeac4f-e0f5-47cd-a87e-ffaf03d3ef24' with name 'v++_compile_Filter2DKernel.hw_emu'
Mon Nov  4 21:38:02 2024: KERNEL_SVC: closing session for UUID '23eeac4f-e0f5-47cd-a87e-ffaf03d3ef24' with name 'v++_compile_Filter2DKernel.hw_emu'
Mon Nov  4 21:38:02 2024: GUIDANCE_SMGR: closing session for UUID '23eeac4f-e0f5-47cd-a87e-ffaf03d3ef24' with name 'v++_compile_Filter2DKernel.hw_emu'
Mon Nov  4 21:38:02 2024: SYSTEM_DIAGRAM: closing session for UUID '23eeac4f-e0f5-47cd-a87e-ffaf03d3ef24' with name 'v++_compile_Filter2DKernel.hw_emu'
Mon Nov  4 21:38:02 2024: STOP_SERVER received, server token: aa21a413-d03b-45a6-b839-166bd6aeb482, passed token: aa21a413-d03b-45a6-b839-166bd6aeb482
Mon Nov  4 21:38:02 2024: Socket received request to stop server.
Mon Nov  4 21:38:02 2024: Dispatch Server: do_await_stop
Mon Nov  4 21:38:02 2024: Dispatch Server: stopping mainFifo_
Mon Nov  4 21:38:02 2024: XCD main fifo: Stopping
Mon Nov  4 21:38:02 2024: XCD main fifo: do_read error code: Operation canceled
Mon Nov  4 21:38:02 2024: XCD main fifo: bytes_transferred: 0
Mon Nov  4 21:38:02 2024: SERVER: destructor for server bound to port 40365
Mon Nov  4 21:38:02 2024: XCD main fifo: Good unlink of /tmp/xcdmainaa21a413-d03b-45a6-b839-166bd6aeb482
Mon Nov  4 21:38:02 2024: Server exiting with status 0.
Mon Nov  4 21:38:02 2024: Closing log file.
Mon Nov  4 21:38:05 2024: Running xcd server. This server was built by gradle.
Mon Nov  4 21:38:05 2024: Server was asked to start on port: '34137'
Mon Nov  4 21:38:05 2024: Server is using token UUID: 'dfe5a89c-8f1f-4638-8983-c014ef656c09'
Mon Nov  4 21:38:05 2024: SESSION_MGR: creating session with session uuid: '6d04a3e9-ade5-4ab9-8d63-1f78fcd2ec76' and name 'default'
Mon Nov  4 21:38:05 2024: Attempting to start server on port '34137'
Mon Nov  4 21:38:05 2024: XCD main fifo: created main fifo '/tmp/xcdmaindfe5a89c-8f1f-4638-8983-c014ef656c09', fd read = 13
Mon Nov  4 21:38:05 2024: Running Dispatch Server
Mon Nov  4 21:38:05 2024: Version 2.2.0
Mon Nov  4 21:38:14 2024: Dispatch Server: Accepted socket connection from client
Mon Nov  4 21:38:14 2024: Starting Socket connection
Mon Nov  4 21:38:14 2024: EXCHANGE_TOKEN received, server token: dfe5a89c-8f1f-4638-8983-c014ef656c09, passed token: dfe5a89c-8f1f-4638-8983-c014ef656c09
Mon Nov  4 21:38:14 2024: DISPATCH_HANDLER: Adding handler from function makeHandler in library libxv_system_diagram
Mon Nov  4 21:38:14 2024: SESSION_MGR: creating session with session uuid: '0e7210a3-03c0-4c77-b7e9-8cab6baac4ba' and name 'v++_link_filter2d.hw_emu'
Mon Nov  4 21:38:14 2024: KERNEL_SVC: creating session with uuid: '0e7210a3-03c0-4c77-b7e9-8cab6baac4ba' and name 'v++_link_filter2d.hw_emu'
Mon Nov  4 21:38:14 2024: GUIDANCE_SMGR: creating guidance session with uuid: '0e7210a3-03c0-4c77-b7e9-8cab6baac4ba' and name 'v++_link_filter2d.hw_emu'
Mon Nov  4 21:38:14 2024: SYSTEM_DIAGRAM: creating session with uuid: '0e7210a3-03c0-4c77-b7e9-8cab6baac4ba' and name 'v++_link_filter2d.hw_emu'
Mon Nov  4 21:38:40 2024: Dispatch Server: Accepted socket connection from client
Mon Nov  4 21:38:40 2024: Starting Socket connection
Mon Nov  4 21:38:51 2024: Dispatch Server: Accepted socket connection from client
Mon Nov  4 21:38:51 2024: Starting Socket connection
Mon Nov  4 21:41:27 2024: SESSION_MGR: closing session for UUID '0e7210a3-03c0-4c77-b7e9-8cab6baac4ba' with name 'v++_link_filter2d.hw_emu'
Mon Nov  4 21:41:27 2024: KERNEL_SVC: closing session for UUID '0e7210a3-03c0-4c77-b7e9-8cab6baac4ba' with name 'v++_link_filter2d.hw_emu'
Mon Nov  4 21:41:27 2024: GUIDANCE_SMGR: closing session for UUID '0e7210a3-03c0-4c77-b7e9-8cab6baac4ba' with name 'v++_link_filter2d.hw_emu'
Mon Nov  4 21:41:28 2024: SYSTEM_DIAGRAM: closing session for UUID '0e7210a3-03c0-4c77-b7e9-8cab6baac4ba' with name 'v++_link_filter2d.hw_emu'
Mon Nov  4 21:41:28 2024: STOP_SERVER received, server token: dfe5a89c-8f1f-4638-8983-c014ef656c09, passed token: dfe5a89c-8f1f-4638-8983-c014ef656c09
Mon Nov  4 21:41:28 2024: Socket received request to stop server.
Mon Nov  4 21:41:28 2024: Dispatch Server: do_await_stop
Mon Nov  4 21:41:28 2024: Dispatch Server: stopping mainFifo_
Mon Nov  4 21:41:28 2024: XCD main fifo: Stopping
Mon Nov  4 21:41:28 2024: XCD main fifo: do_read error code: Operation canceled
Mon Nov  4 21:41:28 2024: XCD main fifo: bytes_transferred: 0
Mon Nov  4 21:41:28 2024: SERVER: destructor for server bound to port 34137
Mon Nov  4 21:41:28 2024: XCD main fifo: Good unlink of /tmp/xcdmaindfe5a89c-8f1f-4638-8983-c014ef656c09
Mon Nov  4 21:41:28 2024: Server exiting with status 0.
Mon Nov  4 21:41:28 2024: Closing log file.
