

================================================================
== Vitis HLS Report for 'AXIBursts2PixelStream_Pipeline_bytes2pixels'
================================================================
* Date:           Mon Nov  4 21:37:32 2024

* Version:        2022.2 (Build 3670227 on Oct 13 2022)
* Project:        Filter2DKernel
* Solution:       solution (Vitis Kernel Flow Target)
* Product family: virtexuplus
* Target device:  xcu55c-fsvh2892-2L-e


================================================================
== Performance Estimates
================================================================
+ Timing: 
    * Summary: 
    +--------+---------+----------+------------+
    |  Clock |  Target | Estimated| Uncertainty|
    +--------+---------+----------+------------+
    |ap_clk  |  3.33 ns|  2.417 ns|     0.90 ns|
    +--------+---------+----------+------------+

+ Latency: 
    * Summary: 
    +---------+---------+----------+----------+-----+-------+---------+
    |  Latency (cycles) |  Latency (absolute) |   Interval  | Pipeline|
    |   min   |   max   |    min   |    max   | min |  max  |   Type  |
    +---------+---------+----------+----------+-----+-------+---------+
    |        2|    65538|  6.666 ns|  0.218 ms|    2|  65538|       no|
    +---------+---------+----------+----------+-----+-------+---------+

    + Detail: 
        * Instance: 
        N/A

        * Loop: 
        +----------------+---------+---------+----------+-----------+-----------+----------+----------+
        |                |  Latency (cycles) | Iteration|  Initiation Interval  |   Trip   |          |
        |    Loop Name   |   min   |   max   |  Latency |  achieved |   target  |   Count  | Pipelined|
        +----------------+---------+---------+----------+-----------+-----------+----------+----------+
        |- bytes2pixels  |        0|    65536|        33|         32|         32|  0 ~ 2048|       yes|
        +----------------+---------+---------+----------+-----------+-----------+----------+----------+



================================================================
== Utilization Estimates
================================================================
* Summary: 
+---------------------+---------+------+---------+---------+-----+
|         Name        | BRAM_18K|  DSP |    FF   |   LUT   | URAM|
+---------------------+---------+------+---------+---------+-----+
|DSP                  |        -|     -|        -|        -|    -|
|Expression           |        -|     -|        0|      307|    -|
|FIFO                 |        -|     -|        -|        -|    -|
|Instance             |        -|     -|        -|        -|    -|
|Memory               |        -|     -|        -|        -|    -|
|Multiplexer          |        -|     -|        -|      367|    -|
|Register             |        -|     -|      328|        -|    -|
+---------------------+---------+------+---------+---------+-----+
|Total                |        0|     0|      328|      674|    0|
+---------------------+---------+------+---------+---------+-----+
|Available SLR        |     1344|  3008|   869120|   434560|  320|
+---------------------+---------+------+---------+---------+-----+
|Utilization SLR (%)  |        0|     0|       ~0|       ~0|    0|
+---------------------+---------+------+---------+---------+-----+
|Available            |     4032|  9024|  2607360|  1303680|  960|
+---------------------+---------+------+---------+---------+-----+
|Utilization (%)      |        0|     0|       ~0|       ~0|    0|
+---------------------+---------+------+---------+---------+-----+

+ Detail: 
    * Instance: 
    N/A

    * DSP: 
    N/A

    * Memory: 
    N/A

    * FIFO: 
    N/A

    * Expression: 
    +------------------------------------+----------+----+---+----+------------+------------+
    |            Variable Name           | Operation| DSP| FF| LUT| Bitwidth P0| Bitwidth P1|
    +------------------------------------+----------+----+---+----+------------+------------+
    |add_ln45_fu_478_p2                  |         +|   0|  0|  19|          12|           1|
    |ap_block_pp0_stage0_01001           |       and|   0|  0|   2|           1|           1|
    |ap_block_pp0_stage10_01001          |       and|   0|  0|   2|           1|           1|
    |ap_block_pp0_stage11_01001          |       and|   0|  0|   2|           1|           1|
    |ap_block_pp0_stage12_01001          |       and|   0|  0|   2|           1|           1|
    |ap_block_pp0_stage13_01001          |       and|   0|  0|   2|           1|           1|
    |ap_block_pp0_stage14_01001          |       and|   0|  0|   2|           1|           1|
    |ap_block_pp0_stage15_01001          |       and|   0|  0|   2|           1|           1|
    |ap_block_pp0_stage16_01001          |       and|   0|  0|   2|           1|           1|
    |ap_block_pp0_stage17_01001          |       and|   0|  0|   2|           1|           1|
    |ap_block_pp0_stage18_01001          |       and|   0|  0|   2|           1|           1|
    |ap_block_pp0_stage19_01001          |       and|   0|  0|   2|           1|           1|
    |ap_block_pp0_stage1_01001           |       and|   0|  0|   2|           1|           1|
    |ap_block_pp0_stage20_01001          |       and|   0|  0|   2|           1|           1|
    |ap_block_pp0_stage21_01001          |       and|   0|  0|   2|           1|           1|
    |ap_block_pp0_stage22_01001          |       and|   0|  0|   2|           1|           1|
    |ap_block_pp0_stage23_01001          |       and|   0|  0|   2|           1|           1|
    |ap_block_pp0_stage24_01001          |       and|   0|  0|   2|           1|           1|
    |ap_block_pp0_stage25_01001          |       and|   0|  0|   2|           1|           1|
    |ap_block_pp0_stage26_01001          |       and|   0|  0|   2|           1|           1|
    |ap_block_pp0_stage27_01001          |       and|   0|  0|   2|           1|           1|
    |ap_block_pp0_stage28_01001          |       and|   0|  0|   2|           1|           1|
    |ap_block_pp0_stage29_01001          |       and|   0|  0|   2|           1|           1|
    |ap_block_pp0_stage2_01001           |       and|   0|  0|   2|           1|           1|
    |ap_block_pp0_stage30_01001          |       and|   0|  0|   2|           1|           1|
    |ap_block_pp0_stage31_01001          |       and|   0|  0|   2|           1|           1|
    |ap_block_pp0_stage3_01001           |       and|   0|  0|   2|           1|           1|
    |ap_block_pp0_stage4_01001           |       and|   0|  0|   2|           1|           1|
    |ap_block_pp0_stage5_01001           |       and|   0|  0|   2|           1|           1|
    |ap_block_pp0_stage6_01001           |       and|   0|  0|   2|           1|           1|
    |ap_block_pp0_stage7_01001           |       and|   0|  0|   2|           1|           1|
    |ap_block_pp0_stage8_01001           |       and|   0|  0|   2|           1|           1|
    |ap_block_pp0_stage9_01001           |       and|   0|  0|   2|           1|           1|
    |ap_block_state10_pp0_stage9_iter0   |       and|   0|  0|   2|           1|           1|
    |ap_block_state11_pp0_stage10_iter0  |       and|   0|  0|   2|           1|           1|
    |ap_block_state12_pp0_stage11_iter0  |       and|   0|  0|   2|           1|           1|
    |ap_block_state13_pp0_stage12_iter0  |       and|   0|  0|   2|           1|           1|
    |ap_block_state14_pp0_stage13_iter0  |       and|   0|  0|   2|           1|           1|
    |ap_block_state15_pp0_stage14_iter0  |       and|   0|  0|   2|           1|           1|
    |ap_block_state16_pp0_stage15_iter0  |       and|   0|  0|   2|           1|           1|
    |ap_block_state17_pp0_stage16_iter0  |       and|   0|  0|   2|           1|           1|
    |ap_block_state18_pp0_stage17_iter0  |       and|   0|  0|   2|           1|           1|
    |ap_block_state19_pp0_stage18_iter0  |       and|   0|  0|   2|           1|           1|
    |ap_block_state20_pp0_stage19_iter0  |       and|   0|  0|   2|           1|           1|
    |ap_block_state21_pp0_stage20_iter0  |       and|   0|  0|   2|           1|           1|
    |ap_block_state22_pp0_stage21_iter0  |       and|   0|  0|   2|           1|           1|
    |ap_block_state23_pp0_stage22_iter0  |       and|   0|  0|   2|           1|           1|
    |ap_block_state24_pp0_stage23_iter0  |       and|   0|  0|   2|           1|           1|
    |ap_block_state25_pp0_stage24_iter0  |       and|   0|  0|   2|           1|           1|
    |ap_block_state26_pp0_stage25_iter0  |       and|   0|  0|   2|           1|           1|
    |ap_block_state27_pp0_stage26_iter0  |       and|   0|  0|   2|           1|           1|
    |ap_block_state28_pp0_stage27_iter0  |       and|   0|  0|   2|           1|           1|
    |ap_block_state29_pp0_stage28_iter0  |       and|   0|  0|   2|           1|           1|
    |ap_block_state2_pp0_stage1_iter0    |       and|   0|  0|   2|           1|           1|
    |ap_block_state30_pp0_stage29_iter0  |       and|   0|  0|   2|           1|           1|
    |ap_block_state31_pp0_stage30_iter0  |       and|   0|  0|   2|           1|           1|
    |ap_block_state32_pp0_stage31_iter0  |       and|   0|  0|   2|           1|           1|
    |ap_block_state33_pp0_stage0_iter1   |       and|   0|  0|   2|           1|           1|
    |ap_block_state3_pp0_stage2_iter0    |       and|   0|  0|   2|           1|           1|
    |ap_block_state4_pp0_stage3_iter0    |       and|   0|  0|   2|           1|           1|
    |ap_block_state5_pp0_stage4_iter0    |       and|   0|  0|   2|           1|           1|
    |ap_block_state6_pp0_stage5_iter0    |       and|   0|  0|   2|           1|           1|
    |ap_block_state7_pp0_stage6_iter0    |       and|   0|  0|   2|           1|           1|
    |ap_block_state8_pp0_stage7_iter0    |       and|   0|  0|   2|           1|           1|
    |ap_block_state9_pp0_stage8_iter0    |       and|   0|  0|   2|           1|           1|
    |ap_ext_blocking_n                   |       and|   0|  0|   2|           2|           2|
    |ap_int_blocking_cur_n               |       and|   0|  0|   2|           1|           0|
    |ap_int_blocking_n                   |       and|   0|  0|   2|           1|           2|
    |ap_predicate_op155_write_state2     |       and|   0|  0|   2|           1|           1|
    |ap_predicate_op188_write_state3     |       and|   0|  0|   2|           1|           1|
    |ap_predicate_op190_write_state4     |       and|   0|  0|   2|           1|           1|
    |ap_predicate_op192_write_state5     |       and|   0|  0|   2|           1|           1|
    |ap_predicate_op194_write_state6     |       and|   0|  0|   2|           1|           1|
    |ap_predicate_op196_write_state7     |       and|   0|  0|   2|           1|           1|
    |ap_predicate_op198_write_state8     |       and|   0|  0|   2|           1|           1|
    |ap_predicate_op200_write_state9     |       and|   0|  0|   2|           1|           1|
    |ap_predicate_op202_write_state10    |       and|   0|  0|   2|           1|           1|
    |ap_predicate_op204_write_state11    |       and|   0|  0|   2|           1|           1|
    |ap_predicate_op206_write_state12    |       and|   0|  0|   2|           1|           1|
    |ap_predicate_op208_write_state13    |       and|   0|  0|   2|           1|           1|
    |ap_predicate_op210_write_state14    |       and|   0|  0|   2|           1|           1|
    |ap_predicate_op212_write_state15    |       and|   0|  0|   2|           1|           1|
    |ap_predicate_op214_write_state16    |       and|   0|  0|   2|           1|           1|
    |ap_predicate_op216_write_state17    |       and|   0|  0|   2|           1|           1|
    |ap_predicate_op218_write_state18    |       and|   0|  0|   2|           1|           1|
    |ap_predicate_op220_write_state19    |       and|   0|  0|   2|           1|           1|
    |ap_predicate_op222_write_state20    |       and|   0|  0|   2|           1|           1|
    |ap_predicate_op224_write_state21    |       and|   0|  0|   2|           1|           1|
    |ap_predicate_op226_write_state22    |       and|   0|  0|   2|           1|           1|
    |ap_predicate_op228_write_state23    |       and|   0|  0|   2|           1|           1|
    |ap_predicate_op230_write_state24    |       and|   0|  0|   2|           1|           1|
    |ap_predicate_op232_write_state25    |       and|   0|  0|   2|           1|           1|
    |ap_predicate_op234_write_state26    |       and|   0|  0|   2|           1|           1|
    |ap_predicate_op236_write_state27    |       and|   0|  0|   2|           1|           1|
    |ap_predicate_op238_write_state28    |       and|   0|  0|   2|           1|           1|
    |ap_predicate_op240_write_state29    |       and|   0|  0|   2|           1|           1|
    |ap_predicate_op242_write_state30    |       and|   0|  0|   2|           1|           1|
    |ap_predicate_op244_write_state31    |       and|   0|  0|   2|           1|           1|
    |ap_predicate_op246_write_state32    |       and|   0|  0|   2|           1|           1|
    |ap_str_blocking_n                   |       and|   0|  0|   2|           2|           2|
    |cmp32_i_fu_493_p2                   |      icmp|   0|  0|  12|          13|          13|
    |icmp_ln45_fu_472_p2                 |      icmp|   0|  0|  12|          12|          12|
    |or_ln52_10_fu_559_p2                |        or|   0|  0|   2|           1|           1|
    |or_ln52_11_fu_565_p2                |        or|   0|  0|   2|           1|           1|
    |or_ln52_12_fu_571_p2                |        or|   0|  0|   2|           1|           1|
    |or_ln52_13_fu_577_p2                |        or|   0|  0|   2|           1|           1|
    |or_ln52_14_fu_583_p2                |        or|   0|  0|   2|           1|           1|
    |or_ln52_15_fu_589_p2                |        or|   0|  0|   2|           1|           1|
    |or_ln52_16_fu_595_p2                |        or|   0|  0|   2|           1|           1|
    |or_ln52_17_fu_601_p2                |        or|   0|  0|   2|           1|           1|
    |or_ln52_18_fu_607_p2                |        or|   0|  0|   2|           1|           1|
    |or_ln52_19_fu_613_p2                |        or|   0|  0|   2|           1|           1|
    |or_ln52_1_fu_505_p2                 |        or|   0|  0|   2|           1|           1|
    |or_ln52_20_fu_619_p2                |        or|   0|  0|   2|           1|           1|
    |or_ln52_21_fu_625_p2                |        or|   0|  0|   2|           1|           1|
    |or_ln52_22_fu_631_p2                |        or|   0|  0|   2|           1|           1|
    |or_ln52_23_fu_637_p2                |        or|   0|  0|   2|           1|           1|
    |or_ln52_24_fu_643_p2                |        or|   0|  0|   2|           1|           1|
    |or_ln52_25_fu_649_p2                |        or|   0|  0|   2|           1|           1|
    |or_ln52_26_fu_655_p2                |        or|   0|  0|   2|           1|           1|
    |or_ln52_27_fu_661_p2                |        or|   0|  0|   2|           1|           1|
    |or_ln52_28_fu_667_p2                |        or|   0|  0|   2|           1|           1|
    |or_ln52_29_fu_673_p2                |        or|   0|  0|   2|           1|           1|
    |or_ln52_2_fu_511_p2                 |        or|   0|  0|   2|           1|           1|
    |or_ln52_30_fu_679_p2                |        or|   0|  0|   2|           1|           1|
    |or_ln52_31_fu_685_p2                |        or|   0|  0|   2|           1|           1|
    |or_ln52_3_fu_517_p2                 |        or|   0|  0|   2|           1|           1|
    |or_ln52_4_fu_523_p2                 |        or|   0|  0|   2|           1|           1|
    |or_ln52_5_fu_529_p2                 |        or|   0|  0|   2|           1|           1|
    |or_ln52_6_fu_535_p2                 |        or|   0|  0|   2|           1|           1|
    |or_ln52_7_fu_541_p2                 |        or|   0|  0|   2|           1|           1|
    |or_ln52_8_fu_547_p2                 |        or|   0|  0|   2|           1|           1|
    |or_ln52_9_fu_553_p2                 |        or|   0|  0|   2|           1|           1|
    |or_ln52_fu_499_p2                   |        or|   0|  0|   2|           1|           1|
    |ap_enable_pp0                       |       xor|   0|  0|   2|           1|           2|
    +------------------------------------+----------+----+---+----+------------+------------+
    |Total                               |          |   0|  0| 307|         171|         161|
    +------------------------------------+----------+----+---+----+------------+------------+

    * Multiplexer: 
    +-----------------------------+-----+-----------+-----+-----------+
    |             Name            | LUT | Input Size| Bits| Total Bits|
    +-----------------------------+-----+-----------+-----+-----------+
    |ap_NS_fsm                    |  152|         33|    1|         33|
    |ap_done_int                  |    9|          2|    1|          2|
    |ap_enable_reg_pp0_iter0      |    9|          2|    1|          2|
    |ap_enable_reg_pp0_iter0_reg  |    9|          2|    1|          2|
    |ap_enable_reg_pp0_iter1      |    9|          2|    1|          2|
    |ap_sig_allocacmp_x_2         |    9|          2|   12|         24|
    |src_pixels_blk_n             |    9|          2|    1|          2|
    |src_pixels_din               |  152|         33|    8|        264|
    |x_fu_232                     |    9|          2|   12|         24|
    +-----------------------------+-----+-----------+-----+-----------+
    |Total                        |  367|         80|   38|        355|
    +-----------------------------+-----+-----------+-----+-----------+

    * Register: 
    +-----------------------------+----+----+-----+-----------+
    |             Name            | FF | LUT| Bits| Const Bits|
    +-----------------------------+----+----+-----+-----------+
    |ap_CS_fsm                    |  32|   0|   32|          0|
    |ap_done_reg                  |   1|   0|    1|          0|
    |ap_enable_reg_pp0_iter0_reg  |   1|   0|    1|          0|
    |ap_enable_reg_pp0_iter1      |   1|   0|    1|          0|
    |icmp_ln45_reg_1018           |   1|   0|    1|          0|
    |or_ln52_10_reg_1067          |   1|   0|    1|          0|
    |or_ln52_11_reg_1071          |   1|   0|    1|          0|
    |or_ln52_12_reg_1075          |   1|   0|    1|          0|
    |or_ln52_13_reg_1079          |   1|   0|    1|          0|
    |or_ln52_14_reg_1083          |   1|   0|    1|          0|
    |or_ln52_15_reg_1087          |   1|   0|    1|          0|
    |or_ln52_16_reg_1091          |   1|   0|    1|          0|
    |or_ln52_17_reg_1095          |   1|   0|    1|          0|
    |or_ln52_18_reg_1099          |   1|   0|    1|          0|
    |or_ln52_19_reg_1103          |   1|   0|    1|          0|
    |or_ln52_1_reg_1031           |   1|   0|    1|          0|
    |or_ln52_20_reg_1107          |   1|   0|    1|          0|
    |or_ln52_21_reg_1111          |   1|   0|    1|          0|
    |or_ln52_22_reg_1115          |   1|   0|    1|          0|
    |or_ln52_23_reg_1119          |   1|   0|    1|          0|
    |or_ln52_24_reg_1123          |   1|   0|    1|          0|
    |or_ln52_25_reg_1127          |   1|   0|    1|          0|
    |or_ln52_26_reg_1131          |   1|   0|    1|          0|
    |or_ln52_27_reg_1135          |   1|   0|    1|          0|
    |or_ln52_28_reg_1139          |   1|   0|    1|          0|
    |or_ln52_29_reg_1143          |   1|   0|    1|          0|
    |or_ln52_2_reg_1035           |   1|   0|    1|          0|
    |or_ln52_30_reg_1147          |   1|   0|    1|          0|
    |or_ln52_31_reg_1151          |   1|   0|    1|          0|
    |or_ln52_3_reg_1039           |   1|   0|    1|          0|
    |or_ln52_4_reg_1043           |   1|   0|    1|          0|
    |or_ln52_5_reg_1047           |   1|   0|    1|          0|
    |or_ln52_6_reg_1051           |   1|   0|    1|          0|
    |or_ln52_7_reg_1055           |   1|   0|    1|          0|
    |or_ln52_8_reg_1059           |   1|   0|    1|          0|
    |or_ln52_9_reg_1063           |   1|   0|    1|          0|
    |or_ln52_reg_1027             |   1|   0|    1|          0|
    |pixel_67_reg_1155            |   8|   0|    8|          0|
    |pixel_68_reg_1160            |   8|   0|    8|          0|
    |pixel_69_reg_1165            |   8|   0|    8|          0|
    |pixel_70_reg_1170            |   8|   0|    8|          0|
    |pixel_71_reg_1175            |   8|   0|    8|          0|
    |pixel_72_reg_1180            |   8|   0|    8|          0|
    |pixel_73_reg_1185            |   8|   0|    8|          0|
    |pixel_74_reg_1190            |   8|   0|    8|          0|
    |pixel_75_reg_1195            |   8|   0|    8|          0|
    |pixel_76_reg_1200            |   8|   0|    8|          0|
    |pixel_77_reg_1205            |   8|   0|    8|          0|
    |pixel_78_reg_1210            |   8|   0|    8|          0|
    |pixel_79_reg_1215            |   8|   0|    8|          0|
    |pixel_80_reg_1220            |   8|   0|    8|          0|
    |pixel_81_reg_1225            |   8|   0|    8|          0|
    |pixel_82_reg_1230            |   8|   0|    8|          0|
    |pixel_83_reg_1235            |   8|   0|    8|          0|
    |pixel_84_reg_1240            |   8|   0|    8|          0|
    |pixel_85_reg_1245            |   8|   0|    8|          0|
    |pixel_86_reg_1250            |   8|   0|    8|          0|
    |pixel_87_reg_1255            |   8|   0|    8|          0|
    |pixel_88_reg_1260            |   8|   0|    8|          0|
    |pixel_89_reg_1265            |   8|   0|    8|          0|
    |pixel_90_reg_1270            |   8|   0|    8|          0|
    |pixel_91_reg_1275            |   8|   0|    8|          0|
    |pixel_92_reg_1280            |   8|   0|    8|          0|
    |pixel_93_reg_1285            |   8|   0|    8|          0|
    |pixel_94_reg_1290            |   8|   0|    8|          0|
    |pixel_95_reg_1295            |   8|   0|    8|          0|
    |pixel_96_reg_1300            |   8|   0|    8|          0|
    |pixel_97_reg_1305            |   8|   0|    8|          0|
    |x_fu_232                     |  12|   0|   12|          0|
    +-----------------------------+----+----+-----+-----------+
    |Total                        | 328|   0|  328|          0|
    +-----------------------------+----+----+-----+-----------+



================================================================
== Interface
================================================================
* Summary: 
+---------------------------+-----+-----+------------+---------------------------------------------+--------------+
|         RTL Ports         | Dir | Bits|  Protocol  |                Source Object                |    C Type    |
+---------------------------+-----+-----+------------+---------------------------------------------+--------------+
|ap_clk                     |   in|    1|  ap_ctrl_hs|  AXIBursts2PixelStream_Pipeline_bytes2pixels|  return value|
|ap_rst                     |   in|    1|  ap_ctrl_hs|  AXIBursts2PixelStream_Pipeline_bytes2pixels|  return value|
|ap_start                   |   in|    1|  ap_ctrl_hs|  AXIBursts2PixelStream_Pipeline_bytes2pixels|  return value|
|ap_done                    |  out|    1|  ap_ctrl_hs|  AXIBursts2PixelStream_Pipeline_bytes2pixels|  return value|
|ap_idle                    |  out|    1|  ap_ctrl_hs|  AXIBursts2PixelStream_Pipeline_bytes2pixels|  return value|
|ap_ready                   |  out|    1|  ap_ctrl_hs|  AXIBursts2PixelStream_Pipeline_bytes2pixels|  return value|
|ap_ext_blocking_n          |  out|    1|  ap_ctrl_hs|  AXIBursts2PixelStream_Pipeline_bytes2pixels|  return value|
|ap_str_blocking_n          |  out|    1|  ap_ctrl_hs|  AXIBursts2PixelStream_Pipeline_bytes2pixels|  return value|
|ap_int_blocking_n          |  out|    1|  ap_ctrl_hs|  AXIBursts2PixelStream_Pipeline_bytes2pixels|  return value|
|src_pixels_din             |  out|    8|     ap_fifo|                                   src_pixels|       pointer|
|src_pixels_num_data_valid  |   in|    7|     ap_fifo|                                   src_pixels|       pointer|
|src_pixels_fifo_cap        |   in|    7|     ap_fifo|                                   src_pixels|       pointer|
|src_pixels_full_n          |   in|    1|     ap_fifo|                                   src_pixels|       pointer|
|src_pixels_write           |  out|    1|     ap_fifo|                                   src_pixels|       pointer|
|loopWidth                  |   in|   12|     ap_none|                                    loopWidth|        scalar|
|icmp_ln28                  |   in|    1|     ap_none|                                    icmp_ln28|        scalar|
|cmp34_30_i                 |   in|    1|     ap_none|                                   cmp34_30_i|        scalar|
|cmp34_29_i                 |   in|    1|     ap_none|                                   cmp34_29_i|        scalar|
|cmp34_28_i                 |   in|    1|     ap_none|                                   cmp34_28_i|        scalar|
|cmp34_27_i                 |   in|    1|     ap_none|                                   cmp34_27_i|        scalar|
|cmp34_26_i                 |   in|    1|     ap_none|                                   cmp34_26_i|        scalar|
|cmp34_25_i                 |   in|    1|     ap_none|                                   cmp34_25_i|        scalar|
|cmp34_24_i                 |   in|    1|     ap_none|                                   cmp34_24_i|        scalar|
|cmp34_23_i                 |   in|    1|     ap_none|                                   cmp34_23_i|        scalar|
|cmp34_22_i                 |   in|    1|     ap_none|                                   cmp34_22_i|        scalar|
|cmp34_21_i                 |   in|    1|     ap_none|                                   cmp34_21_i|        scalar|
|cmp34_20_i                 |   in|    1|     ap_none|                                   cmp34_20_i|        scalar|
|cmp34_19_i                 |   in|    1|     ap_none|                                   cmp34_19_i|        scalar|
|cmp34_18_i                 |   in|    1|     ap_none|                                   cmp34_18_i|        scalar|
|cmp34_17_i                 |   in|    1|     ap_none|                                   cmp34_17_i|        scalar|
|cmp34_16_i                 |   in|    1|     ap_none|                                   cmp34_16_i|        scalar|
|cmp34_15_i                 |   in|    1|     ap_none|                                   cmp34_15_i|        scalar|
|cmp34_14_i                 |   in|    1|     ap_none|                                   cmp34_14_i|        scalar|
|cmp34_13_i                 |   in|    1|     ap_none|                                   cmp34_13_i|        scalar|
|cmp34_12_i                 |   in|    1|     ap_none|                                   cmp34_12_i|        scalar|
|cmp34_11_i                 |   in|    1|     ap_none|                                   cmp34_11_i|        scalar|
|cmp34_10_i                 |   in|    1|     ap_none|                                   cmp34_10_i|        scalar|
|cmp34_9_i                  |   in|    1|     ap_none|                                    cmp34_9_i|        scalar|
|cmp34_8_i                  |   in|    1|     ap_none|                                    cmp34_8_i|        scalar|
|cmp34_7_i                  |   in|    1|     ap_none|                                    cmp34_7_i|        scalar|
|cmp34_6_i                  |   in|    1|     ap_none|                                    cmp34_6_i|        scalar|
|cmp34_5_i                  |   in|    1|     ap_none|                                    cmp34_5_i|        scalar|
|cmp34_4_i                  |   in|    1|     ap_none|                                    cmp34_4_i|        scalar|
|cmp34_3_i                  |   in|    1|     ap_none|                                    cmp34_3_i|        scalar|
|cmp34_2_i                  |   in|    1|     ap_none|                                    cmp34_2_i|        scalar|
|cmp34_1_i                  |   in|    1|     ap_none|                                    cmp34_1_i|        scalar|
|buff_V_address0            |  out|    6|   ap_memory|                                       buff_V|         array|
|buff_V_ce0                 |  out|    1|   ap_memory|                                       buff_V|         array|
|buff_V_q0                  |   in|  256|   ap_memory|                                       buff_V|         array|
|sext_ln33                  |   in|   12|     ap_none|                                    sext_ln33|        scalar|
|cmp34_i                    |   in|    1|     ap_none|                                      cmp34_i|        scalar|
+---------------------------+-----+-----+------------+---------------------------------------------+--------------+

